#integration precision =  0.1000E-09  root precision =  0.1000E-09  gravity cut off =  0.8262E-02 rad/s
#mode        phs vel       w(mhz)          t(secs)      grp vel(km/s)        q             raylquo
    0 s    3   0.3631653       0.1291353        7743.817       0.3926275        14031.31      -0.1362077E-07
    0 s    4   0.3684582       0.1684509        5936.449       0.3812246        14035.56      -0.1666590E-07
    0 s    5   0.3696796       0.2065669        4841.046       0.3689331        14259.29      -0.6191152E-08
    0 s    6   0.3685532       0.2433806        4108.790       0.3556030        14528.44      -0.7113581E-08
    0 s    7   0.3658900       0.2787946        3586.870       0.3414209        14792.91      -0.8176924E-08
    0 s    8   0.3621486       0.3127363        3197.582       0.3266726        15035.34      -0.5389516E-09
    0 s    9   0.3576259       0.3451637        2897.176       0.3116606        15249.33      -0.6574068E-09
    0 s   10   0.3525337       0.3760647        2659.117       0.2966665        15432.68      -0.8059080E-09
    0 s   11   0.3470330       0.4054536        2466.373       0.2819338        15584.82      -0.7030088E-09
    0 s   12   0.3412510       0.4333676        2307.510       0.2676603        15705.69      -0.8741122E-09
    0 s   13   0.3352900       0.4598614        2174.568       0.2539970        15795.30      -0.1101501E-08
    0 s   14   0.3292332       0.4850027        2061.844       0.2410509        15853.41      -0.1395982E-08
    0 s   15   0.3231477       0.5088682        1965.146       0.2288894        15879.54      -0.1769511E-08
    0 s   16   0.3170875       0.5315395        1881.328       0.2175475        15872.91      -0.2235130E-08
    0 s   17   0.3110954       0.5531006        1807.989       0.2070331        15832.54      -0.2807039E-08
    0 s   18   0.3052049       0.5736351        1743.269       0.1973339        15757.29      -0.3500531E-08
    0 s   19   0.2994414       0.5932244        1685.703       0.1884227        15646.03      -0.4332063E-08
    0 s   20   0.2938241       0.6119469        1634.129       0.1802619        15497.77      -0.5319282E-08
    0 s   21   0.2883663       0.6298766        1587.613       0.1728074        15311.75      -0.6467777E-08
    0 s   22   0.2830771       0.6470828        1545.397       0.1660118        15087.66      -0.7798200E-08
    0 s   23   0.2779621       0.6636300        1506.864       0.1598266        14825.68      -0.9357113E-08
    0 s   24   0.2730238       0.6795777        1471.502       0.1542037        14526.60      -0.1116174E-07
    0 s   25   0.2682626       0.6949808        1438.889       0.1490968        14191.89      -0.1322938E-07
    0 s   26   0.2636770       0.7098894        1408.670       0.1444621        13823.72      -0.1558569E-07
    0 s   27   0.2592644       0.7243494        1380.549       0.1402591        13424.89      -0.1825774E-07
    0 s   28   0.2550210       0.7384028        1354.274       0.1364500        12998.85      -0.2127405E-07
    0 s   29   0.2509423       0.7520877        1329.632       0.1330008        12549.52      -0.2466457E-07
    0 s   30   0.2470235       0.7654391        1306.440       0.1298806        12081.21      -0.2846070E-07
    0 s   31   0.2432593       0.7784891        1284.539       0.1270616        11598.47      -0.3269527E-07
    0 s   32   0.2396443       0.7912669        1263.796       0.1245188        11105.93      -0.3740251E-07
    0 s   33   0.2361731       0.8037996        1244.091       0.1222304        10608.14      -0.4261808E-07
    0 s   34   0.2328402       0.8161118        1225.322       0.1201767        10109.50      -0.4837899E-07
    0 s   35   0.2296404       0.8282266        1207.399       0.1183404        9614.043      -0.5472290E-07
    0 s   36   0.2265684       0.8401652        1190.242       0.1167064        9125.455      -0.6168439E-07
    0 s   37   0.2236192       0.8519476        1173.781       0.1152613        8646.946      -0.6931131E-07
    0 s   38   0.2207880       0.8635923        1157.954       0.1139935        8181.248      -0.7764281E-07
    0 s   39   0.2180702       0.8751168        1142.705       0.1128927        7730.598      -0.8673020E-07
    0 s   40   0.2154614       0.8865375        1127.984       0.1119500        7296.752      -0.9661115E-07
    0 s   41   0.2129575       0.8978703        1113.747       0.1111576        6881.013      -0.1073307E-06
    0 s   42   0.2105545       0.9091300        1099.953       0.1105089        6484.267      -0.1189348E-06
    0 s   43   0.2082487       0.9203309        1086.566       0.1099978        6107.036      -0.2405305E-07
    0 s   44   0.2060365       0.9314867        1073.553       0.1096194        5749.516      -0.2654487E-07
    0 s   45   0.2039146       0.9426106        1060.883       0.1093691        5411.638      -0.2923076E-07
    0 s   46   0.2018800       0.9537155        1048.531       0.1092432        5093.111      -0.3212060E-07
    0 s   47   0.1999297       0.9648139        1036.469       0.1092383        4793.467      -0.3522443E-07
    0 s   48   0.1980610       0.9759178        1024.676       0.1093514        4512.099      -0.3855239E-07
    0 s   49   0.1962712       0.9870392        1013.131       0.1095799        4248.302      -0.4211475E-07
    0 s   50   0.1945580       0.9981897        1001.814       0.1099217        4001.299      -0.4592185E-07
    0 s   51   0.1929191        1.009381        990.7065       0.1103748        3770.265      -0.4998405E-07
    0 s   52   0.1913523        1.020623        979.7933       0.1109373        3554.356      -0.5431174E-07
    0 s   53   0.1898556        1.031929        969.0590       0.1116077        3352.718      -0.5891530E-07
    0 s   54   0.1884272        1.043308        958.4897       0.1123847        3164.505      -0.6380506E-07
    0 s   55   0.1870651        1.054771        948.0726       0.1132667        2988.888      -0.6899124E-07
    0 s   56   0.1857679        1.066330        937.7959       0.1142527        2825.064      -0.7448396E-07
    0 s   57   0.1845338        1.077994        927.6488       0.1153415        2672.259      -0.8029321E-07
    0 s   58   0.1833615        1.089774        917.6213       0.1165319        2529.737      -0.8642874E-07
    0 s   59   0.1822494        1.101680        907.7042       0.1178229        2396.797      -0.9290012E-07
    0 s   60   0.1811963        1.113723        897.8892       0.1192135        2272.776      -0.9971666E-07
    0 s   61   0.1802009        1.125912        888.1687       0.1207025        2157.053      -0.1068874E-06
    0 s   62   0.1792619        1.138258        878.5356       0.1222888        2049.043      -0.1144209E-06
    0 s   63   0.1783783        1.150770        868.9837       0.1239715        1948.199      -0.1223256E-06
    0 s   64   0.1775490        1.163457        859.5072       0.1257494        1854.011      -0.1306094E-06
    0 s   65   0.1767729        1.176331        850.1009       0.1276213        1766.004      -0.1392798E-06
    0 s   66   0.1760490        1.189400        840.7604       0.1295860        1683.737      -0.1483437E-06
    0 s   67   0.1753764        1.202673        831.4814       0.1316423        1606.798      -0.1578078E-06
    0 s   68   0.1747541        1.216160        822.2605       0.1337889        1534.808      -0.1570725E-06
    0 s   69   0.1741813        1.229869        813.0945       0.1360245        1467.414      -0.1667505E-06
    0 s   70   0.1736572        1.243811        803.9805       0.1383475        1404.288      -0.2322411E-07
    0 s   71   0.1731808        1.257994        794.9166       0.1407567        1345.128      -0.2533181E-07
    0 s   72   0.1727515        1.272425        785.9007       0.1432505        1289.655      -0.2758436E-07
    0 s   73   0.1723683        1.287115        776.9313       0.1458273        1237.609      -0.2998782E-07
    0 s   74   0.1720307        1.302071        768.0072       0.1484856        1188.751      -0.3254820E-07
    0 s   75   0.1721754        1.320659        757.1979       0.1507701        1148.717      -0.1545066E-06
    0 s   76   0.1719149        1.336126        748.4325       0.1535898        1105.223      -0.1624643E-06
    0 s   77   0.1716979        1.351884        739.7086       0.1564858        1064.326      -0.1707575E-06
    0 s   78   0.1715240        1.367940        731.0262       0.1594563        1025.850      -0.1791899E-06
    0 s   79   0.1713923        1.384302        722.3856       0.1624993        989.6296      -0.1878804E-06
    0 s   80   0.1713021        1.400978        713.7873       0.1656132        955.5135      -0.1968298E-06
    0 s   81   0.1712529        1.417973        705.2319       0.1687959        923.3607      -0.2060384E-06
    0 s   82   0.1712439        1.435296        696.7202       0.1720456        893.0409      -0.2155068E-06
    0 s   83   0.1712745        1.452953        688.2534       0.1753603        864.4332      -0.2252350E-06
    0 s   84   0.1713440        1.470951        679.8324       0.1787380        837.4257      -0.2352230E-06
    0 s   85   0.1714518        1.489295        671.4586       0.1821768        811.9146      -0.2454706E-06
    0 s   86   0.1715973        1.507992        663.1334       0.1856746        787.8037      -0.2559772E-06
    0 s   87   0.1717798        1.527048        654.8582       0.1892294        765.0035      -0.2667424E-06
    0 s   88   0.1719988        1.546469        646.6345       0.1928394        743.4313      -0.2777653E-06
    0 s   89   0.1722535        1.566259        638.4639       0.1965023        723.0097      -0.2890452E-06
    0 s   90   0.1725435        1.586425        630.3480       0.2002164        703.6673      -0.3005810E-06
    0 s   91   0.1728680        1.606972        622.2885       0.2039795        685.3374      -0.3123716E-06
    0 s   92   0.1732265        1.627903        614.2870       0.2077897        667.9581      -0.3244158E-06
    0 s   93   0.1736184        1.649225        606.3453       0.2116452        651.4716      -0.3367124E-06
    0 s   94   0.1740432        1.670942        598.4649       0.2155438        635.8242      -0.3492599E-06
    0 s   95   0.1745001        1.693057        590.6475       0.2194839        620.9658      -0.3620571E-06
    0 s   96   0.1749887        1.715575        582.8948       0.2234634        606.8498      -0.3751024E-06
    0 s   97   0.1755083        1.738501        575.2083       0.2274806        593.4326      -0.3883944E-06
    0 s   98   0.1760584        1.761837        567.5895       0.2315336        580.6736      -0.4019315E-06
    0 s   99   0.1766385        1.785587        560.0399       0.2356207        568.5347      -0.4157123E-06
    0 s  100   0.1772479        1.809755        552.5610       0.2397402        556.9806      -0.4297353E-06
    0 s  101   0.1778861        1.834344        545.1542       0.2438904        545.9780      -0.4439989E-06
    0 s  102   0.1785526        1.859356        537.8206       0.2480695        535.4960      -0.4383302E-06
    0 s  103   0.1792468        1.884796        530.5615       0.2522762        525.5054      -0.4526440E-06
    0 s  104   0.1799682        1.910665        523.3779       0.2565086        515.9795      -0.1943745E-06
    0 s  105   0.1807162        1.936966        516.2713       0.2607654        506.8921      -0.2036887E-06
    0 s  106   0.1814903        1.963702        509.2423       0.2650451        498.2197      -0.2132749E-06
    0 s  107   0.1822900        1.990874        502.2920       0.2693463        489.9400      -0.2231343E-06
    0 s  108   0.1831147        2.018485        495.4210       0.2736676        482.0318      -0.2332679E-06
    0 s  109   0.1839640        2.046537        488.6303       0.2780077        474.4756      -0.2436768E-06
    0 s  110   0.1848374        2.075032        481.9203       0.2823653        467.2527      -0.2543617E-06
    0 s  111   0.1857344        2.103971        475.2917       0.2867392        460.3458      -0.2653233E-06
    0 s  112   0.1866544        2.133356        468.7450       0.2911281        453.7386      -0.2765623E-06
    0 s  113   0.1875971        2.163189        462.2805       0.2955309        447.4155      -0.2880793E-06
    0 s  114   0.1885618        2.193470        455.8986       0.2999466        441.3623      -0.2998746E-06
    0 s  115   0.1895482        2.224202        449.5994       0.3043741        435.5652      -0.3119487E-06
    0 s  116   0.1905558        2.255385        443.3833       0.3088124        430.0113      -0.3243021E-06
    0 s  117   0.1915842        2.287020        437.2501       0.3132605        424.6887      -0.3369351E-06
    0 s  118   0.1926328        2.319109        431.2001       0.3177175        419.5858      -0.3498479E-06
    0 s  119   0.1937013        2.351652        425.2330       0.3221825        414.6920      -0.3630403E-06
    0 s  120   0.1947893        2.384650        419.3488       0.3266547        409.9970      -0.3765125E-06
    0 s  121   0.1958962        2.418103        413.5473       0.3311332        405.4914      -0.3902645E-06
    0 s  122   0.1970217        2.452013        407.8282       0.3356174        401.1659      -0.4042962E-06
    0 s  123   0.1981654        2.486379        402.1912       0.3401064        397.0122      -0.4186077E-06
    0 s  124   0.1993269        2.521203        396.6360       0.3445996        393.0220      -0.4331987E-06
    0 s  125   0.2005058        2.556485        391.1622       0.3490963        389.1878      -0.4480693E-06
    0 s  126   0.2017016        2.592224        385.7691       0.3535958        385.5022      -0.4632195E-06
    0 s  127   0.2029141        2.628422        380.4565       0.3580977        381.9586      -0.4786496E-06
    0 s  128   0.2041429        2.665078        375.2236       0.3626013        378.5503      -0.4943585E-06
    0 s  129   0.2053875        2.702192        370.0699       0.3671061        375.2713      -0.5103463E-06
    0 s  130   0.2066476        2.739766        364.9947       0.3716115        372.1157      -0.5266130E-06
    0 s  131   0.2079229        2.777798        359.9974       0.3761172        369.0780      -0.5431584E-06
    0 s  132   0.2092130        2.816289        355.0772       0.3806225        366.1529      -0.5599823E-06
    0 s  133   0.2105177        2.855238        350.2334       0.3851272        363.3356      -0.5770845E-06
    0 s  134   0.2118365        2.894647        345.4653       0.3896308        360.6213      -0.5944647E-06
    0 s  135   0.2131691        2.934513        340.7720       0.3941328        358.0055      -0.6121228E-06
    0 s  136   0.2145153        2.974838        336.1527       0.3986330        355.4839      -0.6300586E-06
    0 s  137   0.2158746        3.015622        331.6066       0.4031310        353.0526      -0.6482718E-06
    0 s  138   0.2172469        3.056863        327.1328       0.4076264        350.7077      -0.6667622E-06
    0 s  139   0.2186318        3.098561        322.7304       0.4121190        348.4456      -0.6855297E-06
    0 s  140   0.2200290        3.140717        318.3986       0.4166084        346.2627      -0.7045740E-06
    0 s  141   0.2214383        3.183330        314.1365       0.4210944        344.1558      -0.7238949E-06
    0 s  142   0.2228593        3.226399        309.9430       0.4255768        342.1218      -0.7434921E-06
    0 s  143   0.2242918        3.269925        305.8174       0.4300552        340.1576      -0.7633656E-06
    0 s  144   0.2257355        3.313907        301.7586       0.4345295        338.2604      -0.7835152E-06
    0 s  145   0.2271902        3.358344        297.7658       0.4389994        336.4276      -0.8039405E-06
    0 s  146   0.2286556        3.403235        293.8380       0.4434647        334.6564      -0.8246416E-06
    0 s  147   0.2301314        3.448582        289.9743       0.4479252        332.9444      -0.8456181E-06
    0 s  148   0.2316175        3.494382        286.1736       0.4523808        331.2894      -0.8668698E-06
    0 s  149   0.2331135        3.540636        282.4352       0.4568313        329.6889      -0.8883967E-06
    0 s  150   0.2346193        3.587342        278.7579       0.4612765        328.1410      -0.9101985E-06
    0 s  151   0.2361346        3.634501        275.1409       0.4657163        326.6435      -0.9322750E-06
    0 s  152   0.2376592        3.682112        271.5833       0.4701505        325.1946      -0.9546261E-06
    0 s  153   0.2391928        3.730174        268.0840       0.4745789        323.7922      -0.9772517E-06
    0 s  154   0.2407353        3.778686        264.6422       0.4790015        322.4348      -0.1000151E-05
    0 s  155   0.2422865        3.827649        261.2570       0.4834182        321.1204      -0.1023325E-05
    0 s  156   0.2438461        3.877061        257.9273       0.4878288        319.8477      -0.1046773E-05
    0 s  157   0.2454139        3.926922        254.6524       0.4922332        318.6148      -0.1070495E-05
    0 s  158   0.2469898        3.977231        251.4312       0.4966313        317.4205      -0.1094490E-05
    0 s  159   0.2485736        4.027988        248.2629       0.5010230        316.2633      -0.1118758E-05
    0 s  160   0.2501650        4.079192        245.1466       0.5054082        315.1417      -0.1143300E-05
    0 s  161   0.2517639        4.130841        242.0814       0.5097869        314.0545      -0.1168115E-05
    0 s  162   0.2533701        4.182937        239.0665       0.5141590        313.0005      -0.1193203E-05
    0 s  163   0.2549835        4.235477        236.1009       0.5185244        311.9785      -0.1218563E-05
    0 s  164   0.2566038        4.288461        233.1839       0.5228829        310.9872      -0.1244196E-05
    0 s  165   0.2582309        4.341889        230.3145       0.5272346        310.0256      -0.1270101E-05
    0 s  166   0.2598646        4.395760        227.4920       0.5315794        309.0927      -0.1296278E-05
    0 s  167   0.2615048        4.450073        224.7154       0.5359173        308.1875      -0.1322728E-05
    0 s  168   0.2631514        4.504827        221.9841       0.5402481        307.3089      -0.1349449E-05
    0 s  169   0.2648041        4.560021        219.2972       0.5445717        306.4561      -0.1376442E-05
    0 s  170   0.2664628        4.615656        216.6539       0.5488883        305.6281      -0.1403707E-05
    0 s  171   0.2681273        4.671730        214.0535       0.5531976        304.8241      -0.1431242E-05
    0 s  172   0.2697976        4.728242        211.4951       0.5574998        304.0433      -0.1459049E-05
    0 s  173   0.2714735        4.785193        208.9780       0.5617946        303.2849      -0.1487126E-05
    0 s  174   0.2731548        4.842580        206.5015       0.5660821        302.5481      -0.1515474E-05
    0 s  175   0.2748414        4.900403        204.0649       0.5703622        301.8323      -0.1544092E-05
    0 s  176   0.2765332        4.958662        201.6673       0.5746349        301.1366      -0.1572980E-05
    0 s  177   0.2782300        5.017355        199.3082       0.5789001        300.4605      -0.1602138E-05
    0 s  178   0.2799317        5.076483        196.9868       0.5831579        299.8033      -0.1631566E-05
    0 s  179   0.2816383        5.136043        194.7024       0.5874081        299.1643      -0.1661262E-05
    0 s  180   0.2833495        5.196036        192.4544       0.5916508        298.5430      -0.1691228E-05
    0 s  181   0.2850653        5.256461        190.2421       0.5958859        297.9389      -0.1721462E-05
    0 s  182   0.2867855        5.317317        188.0648       0.6001134        297.3512      -0.1751965E-05
    0 s  183   0.2885100        5.378602        185.9219       0.6043332        296.7796      -0.1782735E-05
    0 s  184   0.2902387        5.440318        183.8128       0.6085453        296.2235      -0.1813773E-05
    0 s  185   0.2919715        5.502461        181.7369       0.6127497        295.6824      -0.1845078E-05
    0 s  186   0.2937084        5.565032        179.6935       0.6169463        295.1558      -0.1876651E-05
    0 s  187   0.2954491        5.628031        177.6820       0.6211352        294.6433      -0.1908489E-05
    0 s  188   0.2971936        5.691455        175.7020       0.6253163        294.1445      -0.1940594E-05
    0 s  189   0.2989418        5.755305        173.7527       0.6294896        293.6588      -0.1972965E-05
    0 s  190   0.3006935        5.819580        171.8337       0.6336550        293.1860      -0.2005601E-05
    0 s  191   0.3024488        5.884278        169.9444       0.6378125        292.7256      -0.2038502E-05
    0 s  192   0.3042074        5.949399        168.0842       0.6419621        292.2772      -0.2071668E-05
    0 s  193   0.3059694        6.014942        166.2526       0.6461038        291.8404      -0.2105097E-05
    0 s  194   0.3077345        6.080907        164.4492       0.6502376        291.4150      -0.2138790E-05
    0 s  195   0.3095028        6.147292        162.6732       0.6543633        291.0006      -0.2172746E-05
    0 s  196   0.3112741        6.214097        160.9244       0.6584811        290.5967      -0.2206966E-05
    0 s  197   0.3130483        6.281321        159.2022       0.6625909        290.2033      -0.2241448E-05
    0 s  198   0.3148254        6.348963        157.5060       0.6666926        289.8198      -0.2276206E-05
    0 s  199   0.3166053        6.417023        155.8355       0.6707862        289.4460      -0.2311211E-05
    0 s  200   0.3183878        6.485498        154.1902       0.6748718        289.0817      -0.2346476E-05
    0 s  201   0.3201730        6.554390        152.5695       0.6789492        288.7266      -0.2382000E-05
    0 s  202   0.3219607        6.623696        150.9731       0.6830185        288.3803      -0.2417784E-05
    0 s  203   0.3237508        6.693416        149.4005       0.6870797        288.0427      -0.2453827E-05
    0 s  204   0.3255433        6.763549        147.8514       0.6911327        287.7135      -0.2490128E-05
    0 s  205   0.3273382        6.834095        146.3252       0.6951775        287.3924      -0.2526686E-05
    0 s  206   0.3291352        6.905052        144.8215       0.6992140        287.0792      -0.2563501E-05
    0 s  207   0.3309344        6.976420        143.3400       0.7032424        286.7737      -0.2600573E-05
    0 s  208   0.3327357        7.048197        141.8803       0.7072624        286.4757      -0.2637899E-05
    0 s  209   0.3345391        7.120384        140.4419       0.7112742        286.1850      -0.2675481E-05
    0 s  210   0.3363443        7.192978        139.0245       0.7152777        285.9013      -0.2713316E-05
    0 s  211   0.3381515        7.265980        137.6277       0.7192729        285.6245      -0.2751405E-05
    0 s  212   0.3399604        7.339388        136.2511       0.7232597        285.3543      -0.2789746E-05
    0 s  213   0.3417712        7.413202        134.8945       0.7272382        285.0907      -0.2828339E-05
    0 s  214   0.3435836        7.487421        133.5573       0.7312083        284.8334      -0.2867183E-05
    0 s  215   0.3453976        7.562043        132.2394       0.7351700        284.5822      -0.2906278E-05
    0 s  216   0.3472132        7.637068        130.9403       0.7391232        284.3369      -0.2945621E-05
    0 s  217   0.3490303        7.712496        129.6597       0.7430681        284.0975      -0.2985214E-05
    0 s  218   0.3508488        7.788324        128.3973       0.7470044        283.8638      -0.3025054E-05
    0 s  219   0.3526688        7.864554        127.1528       0.7509323        283.6355      -0.3065141E-05
    0 s  220   0.3544900        7.941182        125.9258       0.7548517        283.4126      -0.3105474E-05
    0 s  221   0.3563126        8.018210        124.7161       0.7587626        283.1950      -0.3146052E-05
    0 s  222   0.3581363        8.095635        123.5234       0.7626649        282.9824      -0.3186874E-05
    0 s  223   0.3599612        8.173457        122.3472       0.7665587        282.7747      -0.3227939E-05
    0 s  224   0.3617872        8.251675        121.1875       0.7704439        282.5719      -0.3269247E-05
    0 s  225   0.3636143        8.330289        120.0439       0.7743206        282.3737      -0.3310797E-05
    0 s  226   0.3654424        8.409297        118.9160       0.7781886        282.1802      -0.3352586E-05
    0 s  227   0.3672714        8.488698        117.8037       0.7820480        281.9911      -0.3394615E-05
    0 s  228   0.3691013        8.568491        116.7067       0.7858987        281.8063      -0.3436883E-05
    0 s  229   0.3709321        8.648677        115.6246       0.7897408        281.6257      -0.3479388E-05
    0 s  230   0.3727637        8.729253        114.5573       0.7935742        281.4493      -0.3522130E-05
    0 s  231   0.3745960        8.810219        113.5046       0.7973989        281.2768      -0.3565106E-05
    0 s  232   0.3764291        8.891574        112.4660       0.8012148        281.1083      -0.3608317E-05
    0 s  233   0.3782628        8.973317        111.4415       0.8050221        280.9436      -0.3651762E-05
    0 s  234   0.3800971        9.055448        110.4308       0.8088206        280.7827      -0.3695438E-05
    0 s  235   0.3819320        9.137965        109.4336       0.8126103        280.6253      -0.3739345E-05
    0 s  236   0.3837674        9.220867        108.4497       0.8163912        280.4715      -0.3783483E-05
    0 s  237   0.3856033        9.304154        107.4789       0.8201633        280.3211      -0.3827849E-05
    0 s  238   0.3874396        9.387824        106.5210       0.8239266        280.1742      -0.3872443E-05
    0 s  239   0.3892763        9.471878        105.5757       0.8276811        280.0304      -0.3917263E-05
    0 s  240   0.3911134        9.556313        104.6429       0.8314267        279.8899      -0.3962308E-05
    0 s  241   0.3929508        9.641129        103.7223       0.8351635        279.7526      -0.4007578E-05
    0 s  242   0.3947885        9.726325        102.8138       0.8388913        279.6182      -0.4053071E-05
    0 s  243   0.3966264        9.811900        101.9171       0.8426103        279.4869      -0.4088098E-05
    0 s  244   0.3984645        9.897853        101.0320       0.8463203        279.3585      -0.4133939E-05
    0 s  245   0.4003027        9.984184        100.1584       0.8500214        279.2329      -0.4179999E-05
    0 s  246   0.4021411        10.07089        99.29608       0.8537136        279.1100      -0.4221107E-05
    0 s  247   0.4039795        10.15797        98.44483       0.8573968        278.9899      -0.4267555E-05
    0 s  248   0.4058180        10.24543        97.60448       0.8610710        278.8724      -0.4314219E-05
    0 s  249   0.4076565        10.33326        96.77486       0.8647362        278.7575      -0.4361097E-05
    0 s  250   0.4094949        10.42147        95.95579       0.8683924        278.6451      -0.4408186E-05
    0 s  251   0.4113333        10.51004        95.14710       0.8720396        278.5352      -0.4455487E-05
    0 s  252   0.4131716        10.59899        94.34863       0.8756778        278.4277      -0.4502998E-05
    0 s  253   0.4150097        10.68830        93.56021       0.8793069        278.3225      -0.4550716E-05
    0 s  254   0.4168477        10.77799        92.78168       0.8829269        278.2197      -0.4598642E-05
    0 s  255   0.4186855        10.86804        92.01289       0.8865379        278.1191      -0.4646773E-05
    0 s  256   0.4205230        10.95846        91.25367       0.8901397        278.0206      -0.4695109E-05
    0 s  257   0.4223603        11.04925        90.50388       0.8937325        277.9243      -0.4743647E-05
    0 s  258   0.4241972        11.14040        89.76336       0.8973161        277.8302      -0.4792387E-05
    0 s  259   0.4260338        11.23192        89.03198       0.9008907        277.7380      -0.4841326E-05
    0 s  260   0.4278701        11.32380        88.30958       0.9044560        277.6479      -0.4890465E-05
    0 s  261   0.4297059        11.41604        87.59603       0.9080123        277.5597      -0.4939800E-05
    0 s  262   0.4315414        11.50865        86.89119       0.9115593        277.4735      -0.4989331E-05
    0 s  263   0.4333763        11.60161        86.19492       0.9150972        277.3891      -0.5039056E-05
    0 s  264   0.4352108        11.69494        85.50709       0.9186259        277.3065      -0.5088974E-05
    0 s  265   0.4370448        11.78862        84.82756       0.9221454        277.2258      -0.5139084E-05
    0 s  266   0.4388782        11.88266        84.15622       0.9256557        277.1468      -0.5189383E-05
    0 s  267   0.4407110        11.97706        83.49294       0.9291567        277.0695      -0.5239870E-05
    0 s  268   0.4425433        12.07182        82.83758       0.9326485        276.9939      -0.5290545E-05
    0 s  269   0.4443749        12.16692        82.19004       0.9361311        276.9199      -0.5341404E-05
    0 s  270   0.4462058        12.26239        81.55018       0.9396044        276.8476      -0.5392447E-05
    0 s  271   0.4480361        12.35821        80.91790       0.9430685        276.7768      -0.5443673E-05
    0 s  272   0.4498657        12.45437        80.29308       0.9465233        276.7075      -0.5495079E-05
    0 s  273   0.4516945        12.55089        79.67560       0.9499688        276.6398      -0.5546664E-05
    0 s  274   0.4535226        12.64776        79.06535       0.9534050        276.5736      -0.5598427E-05
    0 s  275   0.4553498        12.74498        78.46224       0.9568319        276.5088      -0.5650366E-05
    0 s  276   0.4571763        12.84255        77.86614       0.9602495        276.4454      -0.5702479E-05
    0 s  277   0.4590019        12.94047        77.27695       0.9636577        276.3834      -0.5754765E-05
    0 s  278   0.4608267        13.03873        76.69458       0.9670567        276.3227      -0.5807222E-05
    0 s  279   0.4626505        13.13734        76.11892       0.9704463        276.2634      -0.5859849E-05
    0 s  280   0.4644735        13.23629        75.54986       0.9738266        276.2054      -0.5912643E-05
    0 s  281   0.4662955        13.33559        74.98732       0.9771975        276.1487      -0.5965605E-05
    0 s  282   0.4681166        13.43523        74.43120       0.9805591        276.0933      -0.6018731E-05
    0 s  283   0.4699366        13.53521        73.88140       0.9839113        276.0390      -0.6072020E-05
    0 s  284   0.4717557        13.63553        73.33782       0.9872541        275.9860      -0.6125470E-05
    0 s  285   0.4735738        13.73619        72.80039       0.9905876        275.9341      -0.6179081E-05
    0 s  286   0.4753908        13.83719        72.26901       0.9939117        275.8834      -0.6232849E-05
    0 s  287   0.4772067        13.93853        71.74359       0.9972263        275.8338      -0.6286775E-05
    0 s  288   0.4790215        14.04020        71.22404        1.000532        275.7854      -0.6340855E-05
    0 s  289   0.4808352        14.14221        70.71029        1.003828        275.7380      -0.6395088E-05
    0 s  290   0.4826478        14.24456        70.20224        1.007114        275.6917      -0.6449473E-05
    0 s  291   0.4844593        14.34724        69.69982        1.010391        275.6465      -0.6504008E-05
    0 s  292   0.4862695        14.45025        69.20294        1.013659        275.6022      -0.6558691E-05
    0 s  293   0.4880786        14.55360        68.71153        1.016917        275.5590      -0.6613520E-05
    0 s  294   0.4898864        14.65728        68.22550        1.020166        275.5168      -0.6668494E-05
    0 s  295   0.4916930        14.76128        67.74479        1.023405        275.4755      -0.6723611E-05
    0 s  296   0.4934984        14.86562        67.26932        1.026635        275.4352      -0.6778870E-05
    0 s  297   0.4953025        14.97028        66.79901        1.029856        275.3958      -0.6834268E-05
    0 s  298   0.4971053        15.07527        66.33378        1.033067        275.3574      -0.6889804E-05
    0 s  299   0.4989067        15.18059        65.87358        1.036268        275.3198      -0.6945477E-05
    0 s  300   0.5007069        15.28624        65.41833        1.039461        275.2832      -0.7001284E-05
    0 s  301   0.5025057        15.39220        64.96795        1.042643        275.2474      -0.7057224E-05
    0 s  302   0.5043031        15.49850        64.52239        1.045817        275.2124      -0.7113295E-05
    0 s  303   0.5060991        15.60511        64.08157        1.048981        275.1783      -0.7169495E-05
    0 s  304   0.5078938        15.71205        63.64544        1.052135        275.1450      -0.7225823E-05
    0 s  305   0.5096870        15.81930        63.21391        1.055280        275.1125      -0.7282277E-05
    0 s  306   0.5114788        15.92688        62.78694        1.058415        275.0808      -0.7338855E-05
    0 s  307   0.5132691        16.03477        62.36446        1.061541        275.0498      -0.7395556E-05
    0 s  308   0.5150580        16.14298        61.94641        1.064658        275.0197      -0.7452377E-05
    0 s  309   0.5168454        16.25151        61.53273        1.067765        274.9903      -0.7509317E-05
    0 s  310   0.5186312        16.36036        61.12335        1.070863        274.9616      -0.7566374E-05
    0 s  311   0.5204156        16.46952        60.71823        1.073951        274.9336      -0.7623546E-05
    0 s  312   0.5221984        16.57899        60.31730        1.077030        274.9064      -0.7680832E-05
    0 s  313   0.5239797        16.68878        59.92050        1.080099        274.8798      -0.7738230E-05
    0 s  314   0.5257594        16.79888        59.52779        1.083159        274.8540      -0.7795739E-05
    0 s  315   0.5275375        16.90929        59.13910        1.086209        274.8288      -0.7853355E-05
    0 s  316   0.5293140        17.02000        58.75439        1.089250        274.8043      -0.7911078E-05
    0 s  317   0.5310890        17.13103        58.37360        1.092282        274.7804      -0.7968907E-05
    0 s  318   0.5328623        17.24237        57.99667        1.095304        274.7572      -0.8026838E-05
    0 s  319   0.5346339        17.35401        57.62356        1.098316        274.7346      -0.8084870E-05
    0 s  320   0.5364039        17.46596        57.25422        1.101320        274.7127      -0.8143002E-05
    0 s  321   0.5381722        17.57822        56.88859        1.104313        274.6913      -0.8201232E-05
    0 s  322   0.5399389        17.69078        56.52663        1.107298        274.6705      -0.8259558E-05
    0 s  323   0.5417038        17.80364        56.16830        1.110272        274.6504      -0.8317978E-05
    0 s  324   0.5434671        17.91680        55.81353        1.113238        274.6308      -0.8376491E-05
    0 s  325   0.5452286        18.03027        55.46229        1.116194        274.6118      -0.8435095E-05
    0 s  326   0.5469884        18.14403        55.11454        1.119140        274.5933      -0.8493787E-05
    0 s  327   0.5487464        18.25810        54.77021        1.122077        274.5754      -0.8552567E-05
    0 s  328   0.5505027        18.37246        54.42928        1.125005        274.5581      -0.8611433E-05
    0 s  329   0.5522572        18.48712        54.09170        1.127923        274.5413      -0.8670382E-05
    0 s  330   0.5540099        18.60208        53.75742        1.130832        274.5250      -0.8729413E-05
    0 s  331   0.5557608        18.71734        53.42641        1.133731        274.5092      -0.8788525E-05
    0 s  332   0.5575099        18.83288        53.09862        1.136621        274.4940      -0.8847721E-05
    0 s  333   0.5592572        18.94872        52.77400        1.139502        274.4792      -0.8906988E-05
    0 s  334   0.5610027        19.06486        52.45253        1.142373        274.4650      -0.8966330E-05
    0 s  335   0.5627463        19.18128        52.13415        1.145235        274.4512      -0.9025745E-05
    0 s  336   0.5644880        19.29800        51.81884        1.148088        274.4379      -0.9085231E-05
    0 s  337   0.5662279        19.41501        51.50655        1.150931        274.4251      -0.9144787E-05
    0 s  338   0.5679658        19.53230        51.19724        1.153764        274.4128      -0.9204412E-05
    0 s  339   0.5697019        19.64989        50.89088        1.156589        274.4009      -0.9264102E-05
    0 s  340   0.5714361        19.76776        50.58743        1.159404        274.3895      -0.9323857E-05
    0 s  341   0.5731684        19.88591        50.28686        1.162209        274.3785      -0.9383675E-05
    0 s  342   0.5748988        20.00435        49.98912        1.165006        274.3680      -0.9443553E-05
    0 s  343   0.5766272        20.12308        49.69419        1.167792        274.3579      -0.9503492E-05
    0 s  344   0.5783536        20.24208        49.40203        1.170570        274.3483      -0.9563487E-05
    0 s  345   0.5800782        20.36138        49.11260        1.173338        274.3390      -0.9623539E-05
    0 s  346   0.5818007        20.48095        48.82587        1.176097        274.3302      -0.9683644E-05
    0 s  347   0.5835213        20.60080        48.54181        1.178847        274.3218      -0.9743802E-05
    0 s  348   0.5852399        20.72093        48.26038        1.181587        274.3138      -0.9804011E-05
    0 s  349   0.5869564        20.84134        47.98156        1.184318        274.3062      -0.9864269E-05
    0 s  350   0.5886710        20.96202        47.70532        1.187040        274.2990      -0.9924574E-05
    0 s  351   0.5903836        21.08299        47.43161        1.189752        274.2921      -0.9984924E-05
    0 s  352   0.5920941        21.20423        47.16041        1.192456        274.2857      -0.1004532E-04
    0 s  353   0.5938027        21.32574        46.89169        1.195150        274.2797      -0.1010576E-04
    0 s  354   0.5955091        21.44753        46.62542        1.197834        274.2740      -0.1016623E-04
    0 s  355   0.5972135        21.56959        46.36158        1.200510        274.2687      -0.1022675E-04
    0 s  356   0.5989159        21.69192        46.10012        1.203176        274.2637      -0.1028730E-04
    0 s  357   0.6006162        21.81452        45.84103        1.205833        274.2592      -0.1034789E-04
    0 s  358   0.6023144        21.93739        45.58428        1.208481        274.2549      -0.1040851E-04
    0 s  359   0.6040105        22.06053        45.32983        1.211119        274.2511      -0.1046917E-04
    0 s  360   0.6057046        22.18394        45.07766        1.213749        274.2475      -0.1052985E-04
    0 s  361   0.6073965        22.30761        44.82774        1.216369        274.2443      -0.1059056E-04
    0 s  362   0.6090863        22.43156        44.58006        1.218980        274.2415      -0.1065130E-04
    0 s  363   0.6107740        22.55576        44.33457        1.221582        274.2390      -0.1071207E-04
    0 s  364   0.6124596        22.68023        44.09126        1.224174        274.2368      -0.1077286E-04
    0 s  365   0.6141430        22.80497        43.85010        1.226758        274.2350      -0.1083367E-04
    0 s  366   0.6158243        22.92996        43.61106        1.229332        274.2334      -0.1089451E-04
    0 s  367   0.6175035        23.05522        43.37412        1.231897        274.2322      -0.1095536E-04
    0 s  368   0.6191805        23.18074        43.13926        1.234454        274.2313      -0.1101623E-04
    0 s  369   0.6208553        23.30652        42.90645        1.237001        274.2308      -0.1107711E-04
    0 s  370   0.6225280        23.43255        42.67567        1.239539        274.2305      -0.1113801E-04
    0 s  371   0.6241985        23.55885        42.44690        1.242068        274.2305      -0.1119892E-04
    0 s  372   0.6258668        23.68540        42.22010        1.244587        274.2309      -0.1125984E-04
    0 s  373   0.6275329        23.81221        41.99527        1.247098        274.2315      -0.1132077E-04
    0 s  374   0.6291968        23.93927        41.77237        1.249600        274.2324      -0.1138171E-04
    0 s  375   0.6308585        24.06658        41.55139        1.252093        274.2337      -0.1144266E-04
    0 s  376   0.6325180        24.19415        41.33230        1.254576        274.2352      -0.1150361E-04
    0 s  377   0.6341753        24.32197        41.11509        1.257051        274.2370      -0.1156456E-04
    0 s  378   0.6358303        24.45004        40.89972        1.259517        274.2391      -0.1162552E-04
    0 s  379   0.6374831        24.57837        40.68619        1.261973        274.2415      -0.1168647E-04
    0 s  380   0.6391337        24.70694        40.47446        1.264421        274.2441      -0.1174742E-04
    0 s  381   0.6407821        24.83576        40.26452        1.266860        274.2470      -0.1180837E-04
    0 s  382   0.6424282        24.96483        40.05636        1.269290        274.2502      -0.1186932E-04
    0 s  383   0.6440720        25.09414        39.84994        1.271711        274.2537      -0.1193026E-04
    0 s  384   0.6457136        25.22370        39.64525        1.274123        274.2574      -0.1199119E-04
    0 s  385   0.6473529        25.35351        39.44228        1.276526        274.2614      -0.1205211E-04
    0 s  386   0.6489900        25.48356        39.24099        1.278920        274.2657      -0.1211302E-04
    0 s  387   0.6506247        25.61385        39.04138        1.281305        274.2702      -0.1217392E-04
    0 s  388   0.6522572        25.74438        38.84343        1.283682        274.2750      -0.1223480E-04
    0 s  389   0.6538874        25.87516        38.64711        1.286049        274.2800      -0.1229567E-04
    0 s  390   0.6555153        26.00617        38.45241        1.288408        274.2853      -0.1235652E-04
    0 s  391   0.6571409        26.13743        38.25931        1.290758        274.2908      -0.1241736E-04
    0 s  392   0.6587642        26.26892        38.06780        1.293099        274.2966      -0.1247779E-04
    0 s  393   0.6603852        26.40065        37.87785        1.295431        274.3027      -0.1253858E-04
    0 s  394   0.6620039        26.53262        37.68946        1.297755        274.3089      -0.1259935E-04
    0 s  395   0.6636203        26.66482        37.50259        1.300070        274.3155      -0.1266009E-04
    0 s  396   0.6652343        26.79726        37.31725        1.302376        274.3222      -0.1272081E-04
    0 s  397   0.6668461        26.92993        37.13340        1.304673        274.3292      -0.1278151E-04
    0 s  398   0.6684555        27.06284        36.95104        1.306962        274.3364      -0.1284217E-04
    0 s  399   0.6700625        27.19598        36.77015        1.309242        274.3439      -0.1290281E-04
    0 s  400   0.6716672        27.32935        36.59070        1.311513        274.3516      -0.1295831E-04
    0 s  401   0.6732696        27.46295        36.41270        1.313776        274.3596      -0.1301885E-04
    0 s  402   0.6748696        27.59677        36.23612        1.316030        274.3677      -0.1307936E-04
    0 s  403   0.6764673        27.73083        36.06094        1.318275        274.3761      -0.1313984E-04
    0 s  404   0.6780626        27.86512        35.88716        1.320512        274.3847      -0.1320028E-04
    0 s  405   0.6796556        27.99963        35.71476        1.322740        274.3936      -0.1326068E-04
    0 s  406   0.6812462        28.13437        35.54372        1.324959        274.4027      -0.1332104E-04
    0 s  407   0.6828344        28.26933        35.37402        1.327170        274.4119      -0.1338136E-04
    0 s  408   0.6844203        28.40452        35.20566        1.329372        274.4214      -0.1344164E-04
    0 s  409   0.6860038        28.53993        35.03863        1.331566        274.4312      -0.1350188E-04
    0 s  410   0.6875849        28.67557        34.87289        1.333751        274.4411      -0.1356207E-04
    0 s  411   0.6891636        28.81142        34.70846        1.335928        274.4513      -0.1362221E-04
    0 s  412   0.6907399        28.94750        34.54530        1.338096        274.4617      -0.1368231E-04
    0 s  413   0.6923139        29.08380        34.38341        1.340256        274.4722      -0.1374236E-04
    0 s  414   0.6938854        29.22031        34.22277        1.342407        274.4830      -0.1380236E-04
    0 s  415   0.6954546        29.35705        34.06337        1.344550        274.4940      -0.1386231E-04
    0 s  416   0.6970213        29.49400        33.90521        1.346684        274.5053      -0.1392221E-04
    0 s  417   0.6985857        29.63116        33.74825        1.348810        274.5167      -0.1398205E-04
    0 s  418   0.7001476        29.76855        33.59250        1.350927        274.5283      -0.1404184E-04
    0 s  419   0.7017072        29.90615        33.43794        1.353036        274.5402      -0.1410157E-04
    0 s  420   0.7032643        30.04396        33.28456        1.355137        274.5522      -0.1416125E-04
    0 s  421   0.7048191        30.18198        33.13235        1.357230        274.5644      -0.1422087E-04
    0 s  422   0.7063714        30.32022        32.98129        1.359314        274.5769      -0.1428042E-04
    0 s  423   0.7079213        30.45867        32.83138        1.361389        274.5895      -0.1433992E-04
    0 s  424   0.7094687        30.59733        32.68259        1.363457        274.6024      -0.1439935E-04
    0 s  425   0.7110138        30.73620        32.53493        1.365516        274.6154      -0.1445873E-04
    0 s  426   0.7125564        30.87527        32.38838        1.367567        274.6287      -0.1451803E-04
    0 s  427   0.7140966        31.01456        32.24292        1.369609        274.6421      -0.1457727E-04
    0 s  428   0.7156343        31.15405        32.09855        1.371644        274.6558      -0.1463645E-04
    0 s  429   0.7171697        31.29375        31.95526        1.373670        274.6696      -0.1469556E-04
    0 s  430   0.7187026        31.43366        31.81303        1.375688        274.6836      -0.1475459E-04
    0 s  431   0.7202330        31.57377        31.67186        1.377698        274.6978      -0.1481356E-04
    0 s  432   0.7217610        31.71408        31.53174        1.379699        274.7123      -0.1487246E-04
    0 s  433   0.7232866        31.85459        31.39265        1.381693        274.7269      -0.1493128E-04
    0 s  434   0.7248098        31.99531        31.25458        1.383678        274.7417      -0.1499004E-04
    0 s  435   0.7263304        32.13623        31.11753        1.385655        274.7566      -0.1504871E-04
    0 s  436   0.7278487        32.27735        30.98148        1.387625        274.7718      -0.1510731E-04
    0 s  437   0.7293645        32.41867        30.84642        1.389586        274.7872      -0.1516584E-04
    0 s  438   0.7308778        32.56019        30.71235        1.391539        274.8027      -0.1522429E-04
    0 s  439   0.7323887        32.70191        30.57926        1.393484        274.8185      -0.1528265E-04
    0 s  440   0.7338971        32.84382        30.44713        1.395420        274.8344      -0.1534094E-04
    0 s  441   0.7354031        32.98593        30.31596        1.397349        274.8505      -0.1539915E-04
    0 s  442   0.7369066        33.12823        30.18573        1.399270        274.8668      -0.1545728E-04
    0 s  443   0.7384077        33.27073        30.05645        1.401183        274.8833      -0.1551532E-04
    0 s  444   0.7399063        33.41343        29.92809        1.403088        274.8999      -0.1557328E-04
    0 s  445   0.7414024        33.55631        29.80065        1.404985        274.9168      -0.1563115E-04
    0 s  446   0.7428961        33.69939        29.67412        1.406874        274.9338      -0.1568894E-04
    0 s  447   0.7443873        33.84266        29.54850        1.408756        274.9510      -0.1574664E-04
    0 s  448   0.7458761        33.98613        29.42377        1.410629        274.9684      -0.1580426E-04
    0 s  449   0.7473624        34.12978        29.29993        1.412494        274.9860      -0.1586178E-04
    0 s  450   0.7488462        34.27362        29.17696        1.414352        275.0038      -0.1591922E-04
    0 s  451   0.7503275        34.41765        29.05486        1.416202        275.0217      -0.1597656E-04
    0 s  452   0.7518064        34.56186        28.93363        1.418044        275.0398      -0.1603382E-04
    0 s  453   0.7532828        34.70627        28.81324        1.419878        275.0581      -0.1609098E-04
    0 s  454   0.7547567        34.85085        28.69370        1.421704        275.0766      -0.1614805E-04
    0 s  455   0.7562282        34.99563        28.57500        1.423523        275.0952      -0.1620502E-04
    0 s  456   0.7576972        35.14059        28.45712        1.425334        275.1140      -0.1626190E-04
    0 s  457   0.7591637        35.28573        28.34007        1.427137        275.1330      -0.1631868E-04
    0 s  458   0.7606277        35.43105        28.22383        1.428933        275.1522      -0.1637537E-04
    0 s  459   0.7620893        35.57656        28.10840        1.430720        275.1716      -0.1643196E-04
    0 s  460   0.7635484        35.72225        27.99376        1.432501        275.1911      -0.1648845E-04
    0 s  461   0.7650050        35.86811        27.87992        1.434273        275.2108      -0.1654484E-04
    0 s  462   0.7664592        36.01416        27.76686        1.436038        275.2307      -0.1660113E-04
    0 s  463   0.7679108        36.16039        27.65457        1.437795        275.2508      -0.1665732E-04
    0 s  464   0.7693600        36.30679        27.54306        1.439545        275.2710      -0.1671340E-04
    0 s  465   0.7708067        36.45337        27.43230        1.441287        275.2914      -0.1676939E-04
    0 s  466   0.7722509        36.60013        27.32231        1.443022        275.3120      -0.1682527E-04
    0 s  467   0.7736927        36.74706        27.21306        1.444748        275.3327      -0.1688105E-04
    0 s  468   0.7751319        36.89417        27.10455        1.446468        275.3537      -0.1693672E-04
    0 s  469   0.7765687        37.04146        26.99678        1.448180        275.3748      -0.1699228E-04
    0 s  470   0.7780030        37.18891        26.88974        1.449884        275.3960      -0.1704774E-04
    0 s  471   0.7794349        37.33654        26.78341        1.451581        275.4175      -0.1710310E-04
    0 s  472   0.7808642        37.48434        26.67781        1.453271        275.4391      -0.1715834E-04
    0 s  473   0.7822911        37.63231        26.57291        1.454953        275.4609      -0.1721348E-04
    0 s  474   0.7837155        37.78045        26.46871        1.456628        275.4829      -0.1726850E-04
    0 s  475   0.7851374        37.92877        26.36521        1.458295        275.5050      -0.1732342E-04
    0 s  476   0.7865568        38.07725        26.26240        1.459955        275.5273      -0.1737822E-04
    0 s  477   0.7879738        38.22590        26.16028        1.461608        275.5498      -0.1743291E-04
    0 s  478   0.7893882        38.37471        26.05883        1.463253        275.5724      -0.1748750E-04
    0 s  479   0.7908002        38.52370        25.95805        1.464891        275.5952      -0.1754196E-04
    0 s  480   0.7922097        38.67284        25.85794        1.466522        275.6182      -0.1759632E-04
    0 s  481   0.7936168        38.82216        25.75849        1.468145        275.6414      -0.1765056E-04
    0 s  482   0.7950213        38.97164        25.65969        1.469761        275.6647      -0.1770468E-04
    0 s  483   0.7964234        39.12128        25.56154        1.471370        275.6882      -0.1775869E-04
    0 s  484   0.7978230        39.27108        25.46403        1.472972        275.7119      -0.1781259E-04
    0 s  485   0.7992201        39.42105        25.36716        1.474567        275.7357      -0.1786636E-04
    0 s  486   0.8006147        39.57118        25.27092        1.476154        275.7597      -0.1792002E-04
    0 s  487   0.8020069        39.72147        25.17530        1.477734        275.7839      -0.1797356E-04
    0 s  488   0.8033966        39.87192        25.08031        1.479307        275.8083      -0.1802698E-04
    0 s  489   0.8047838        40.02252        24.98593        1.480873        275.8328      -0.1808029E-04
    0 s  490   0.8061685        40.17329        24.89216        1.482432        275.8575      -0.1813347E-04
    0 s  491   0.8075508        40.32421        24.79899        1.483983        275.8823      -0.1818653E-04
    0 s  492   0.8089306        40.47530        24.70643        1.485528        275.9074      -0.1823948E-04
    0 s  493   0.8103079        40.62653        24.61445        1.487065        275.9325      -0.1829230E-04
    0 s  494   0.8116827        40.77793        24.52307        1.488596        275.9579      -0.1834500E-04
    0 s  495   0.8130551        40.92948        24.43227        1.490119        275.9834      -0.1839757E-04
    0 s  496   0.8144250        41.08118        24.34205        1.491636        276.0091      -0.1845003E-04
    0 s  497   0.8157924        41.23304        24.25240        1.493145        276.0350      -0.1850236E-04
    0 s  498   0.8171574        41.38504        24.16332        1.494648        276.0611      -0.1855457E-04
    0 s  499   0.8185199        41.53721        24.07480        1.496143        276.0873      -0.1860665E-04
    0 s  500   0.8198799        41.68952        23.98684        1.497632        276.1136      -0.1865861E-04
    0 s  501   0.8212375        41.84198        23.89944        1.499114        276.1402      -0.1871044E-04
    0 s  502   0.8225926        41.99459        23.81259        1.500588        276.1669      -0.1876214E-04
    0 s  503   0.8239452        42.14736        23.72628        1.502056        276.1938      -0.1881372E-04
    0 s  504   0.8252953        42.30027        23.64051        1.503518        276.2208      -0.1886517E-04
    0 s  505   0.8266430        42.45333        23.55528        1.504972        276.2481      -0.1891650E-04
    0 s  506   0.8279883        42.60653        23.47058        1.506419        276.2755      -0.1896769E-04
    0 s  507   0.8293310        42.75988        23.38641        1.507860        276.3030      -0.1901876E-04
    0 s  508   0.8306713        42.91338        23.30275        1.509294        276.3307      -0.1906970E-04
    0 s  509   0.8320092        43.06702        23.21962        1.510721        276.3586      -0.1912051E-04
    0 s  510   0.8333446        43.22081        23.13700        1.512141        276.3867      -0.1917119E-04
    0 s  511   0.8346775        43.37474        23.05489        1.513555        276.4149      -0.1922174E-04
    0 s  512   0.8360080        43.52882        22.97329        1.514962        276.4433      -0.1927217E-04
    0 s  513   0.8373361        43.68303        22.89218        1.516362        276.4719      -0.1932246E-04
    0 s  514   0.8386616        43.83739        22.81158        1.517756        276.5007      -0.1937262E-04
    0 s  515   0.8399848        43.99189        22.73146        1.519143        276.5296      -0.1942265E-04
    0 s  516   0.8413054        44.14653        22.65184        1.520523        276.5587      -0.1947254E-04
    0 s  517   0.8426237        44.30131        22.57270        1.521897        276.5879      -0.1952231E-04
    0 s  518   0.8439394        44.45623        22.49404        1.523264        276.6173      -0.1957194E-04
    0 s  519   0.8452528        44.61128        22.41585        1.524624        276.6469      -0.1962144E-04
    0 s  520   0.8465637        44.76648        22.33814        1.525978        276.6767      -0.1967081E-04
    0 s  521   0.8478721        44.92181        22.26090        1.527326        276.7066      -0.1972004E-04
    0 s  522   0.8491781        45.07727        22.18413        1.528667        276.7367      -0.1976914E-04
    0 s  523   0.8504817        45.23288        22.10781        1.530001        276.7670      -0.1981811E-04
    0 s  524   0.8517828        45.38861        22.03196        1.531329        276.7974      -0.1986694E-04
    0 s  525   0.8530815        45.54448        21.95656        1.532651        276.8280      -0.1991564E-04
    0 s  526   0.8543778        45.70049        21.88160        1.533966        276.8588      -0.1996420E-04
    0 s  527   0.8556716        45.85663        21.80710        1.535274        276.8897      -0.2001263E-04
    0 s  528   0.8569630        46.01290        21.73304        1.536576        276.9209      -0.2006092E-04
    0 s  529   0.8582519        46.16930        21.65941        1.537872        276.9522      -0.2010908E-04
    0 s  530   0.8595384        46.32583        21.58623        1.539161        276.9836      -0.2015710E-04
    0 s  531   0.8608226        46.48250        21.51347        1.540444        277.0152      -0.2020499E-04
    0 s  532   0.8621042        46.63929        21.44115        1.541721        277.0471      -0.2025274E-04
    0 s  533   0.8633835        46.79621        21.36925        1.542991        277.0790      -0.2030035E-04
    0 s  534   0.8646603        46.95326        21.29777        1.544255        277.1112      -0.2034783E-04
    0 s  535   0.8659347        47.11044        21.22672        1.545513        277.1435      -0.2039517E-04
    0 s  536   0.8672067        47.26775        21.15608        1.546765        277.1760      -0.2044237E-04
    0 s  537   0.8684763        47.42518        21.08585        1.548010        277.2086      -0.2048944E-04
    0 s  538   0.8697434        47.58274        21.01603        1.549249        277.2415      -0.2053637E-04
    0 s  539   0.8710082        47.74042        20.94661        1.550482        277.2745      -0.2058316E-04
    0 s  540   0.8722705        47.89823        20.87760        1.551708        277.3076      -0.2062981E-04
    0 s  541   0.8735304        48.05616        20.80899        1.552929        277.3410      -0.2067633E-04
    0 s  542   0.8747880        48.21421        20.74077        1.554143        277.3745      -0.2072270E-04
    0 s  543   0.8760431        48.37239        20.67295        1.555351        277.4082      -0.2076894E-04
    0 s  544   0.8772958        48.53069        20.60552        1.556553        277.4420      -0.2081505E-04
    0 s  545   0.8785461        48.68911        20.53847        1.557749        277.4761      -0.2086101E-04
    0 s  546   0.8797940        48.84765        20.47181        1.558938        277.5103      -0.2090683E-04
    0 s  547   0.8810395        49.00632        20.40553        1.560122        277.5447      -0.2095252E-04
    0 s  548   0.8822826        49.16510        20.33963        1.561300        277.5792      -0.2099807E-04
    0 s  549   0.8835233        49.32400        20.27411        1.562471        277.6140      -0.2104347E-04
    0 s  550   0.8847617        49.48302        20.20895        1.563637        277.6489      -0.2108874E-04
    0 s  551   0.8859976        49.64215        20.14417        1.564796        277.6839      -0.2113387E-04
    0 s  552   0.8872312        49.80141        20.07975        1.565950        277.7192      -0.2117886E-04
    0 s  553   0.8884623        49.96078        20.01570        1.567097        277.7546      -0.2122372E-04
    0 s  554   0.8896911        50.12026        19.95201        1.568239        277.7902      -0.2126843E-04
    0 s  555   0.8909175        50.27986        19.88868        1.569374        277.8260      -0.2131300E-04
    0 s  556   0.8921415        50.43958        19.82570        1.570504        277.8619      -0.2135744E-04
    0 s  557   0.8933632        50.59941        19.76308        1.571628        277.8981      -0.2140173E-04
    0 s  558   0.8945824        50.75935        19.70080        1.572746        277.9343      -0.2144589E-04
    0 s  559   0.8957993        50.91941        19.63888        1.573858        277.9708      -0.2148990E-04
    0 s  560   0.8970139        51.07958        19.57729        1.574964        278.0075      -0.2153378E-04
    0 s  561   0.8982260        51.23986        19.51606        1.576065        278.0443      -0.2157752E-04
    0 s  562   0.8994358        51.40025        19.45516        1.577159        278.0813      -0.2162112E-04
    0 s  563   0.9006432        51.56075        19.39460        1.578248        278.1185      -0.2166458E-04
    0 s  564   0.9018483        51.72137        19.33437        1.579331        278.1558      -0.2170789E-04
    0 s  565   0.9030510        51.88209        19.27448        1.580408        278.1934      -0.2175107E-04
    0 s  566   0.9042514        52.04292        19.21491        1.581480        278.2311      -0.2179411E-04
    0 s  567   0.9054494        52.20386        19.15567        1.582545        278.2689      -0.2183701E-04
    0 s  568   0.9066450        52.36490        19.09676        1.583605        278.3070      -0.2187978E-04
    0 s  569   0.9078383        52.52605        19.03817        1.584660        278.3452      -0.2192240E-04
    0 s  570   0.9090293        52.68731        18.97990        1.585708        278.3837      -0.2196488E-04
    0 s  571   0.9102179        52.84868        18.92195        1.586751        278.4222      -0.2200722E-04
    0 s  572   0.9114041        53.01015        18.86431        1.587789        278.4610      -0.2204943E-04
    0 s  573   0.9125880        53.17172        18.80699        1.588820        278.5000      -0.2209149E-04
    0 s  574   0.9137696        53.33340        18.74998        1.589846        278.5391      -0.2213342E-04
    0 s  575   0.9149489        53.49518        18.69327        1.590867        278.5784      -0.2217520E-04
    0 s  576   0.9161258        53.65707        18.63687        1.591882        278.6179      -0.2221685E-04
    0 s  577   0.9173004        53.81906        18.58078        1.592891        278.6576      -0.2225836E-04
    0 s  578   0.9184726        53.98115        18.52499        1.593895        278.6974      -0.2229973E-04
    0 s  579   0.9196425        54.14334        18.46949        1.594893        278.7374      -0.2234096E-04
    0 s  580   0.9208101        54.30563        18.41430        1.595886        278.7776      -0.2238206E-04
    0 s  581   0.9219754        54.46802        18.35940        1.596873        278.8180      -0.2242301E-04
    0 s  582   0.9231384        54.63051        18.30479        1.597855        278.8586      -0.2246383E-04
    0 s  583   0.9242990        54.79310        18.25047        1.598831        278.8993      -0.2250450E-04
    0 s  584   0.9254574        54.95579        18.19644        1.599802        278.9402      -0.2254504E-04
    0 s  585   0.9266134        55.11858        18.14270        1.600767        278.9813      -0.2258545E-04
    0 s  586   0.9277671        55.28146        18.08925        1.601727        279.0226      -0.2262571E-04
    0 s  587   0.9289185        55.44444        18.03607        1.602681        279.0641      -0.2266584E-04
    0 s  588   0.9300676        55.60752        17.98318        1.603631        279.1057      -0.2270582E-04
    0 s  589   0.9312144        55.77069        17.93056        1.604574        279.1476      -0.2274568E-04
    0 s  590   0.9323589        55.93396        17.87823        1.605513        279.1896      -0.2278539E-04
    0 s  591   0.9335012        56.09732        17.82616        1.606446        279.2318      -0.2282497E-04
    0 s  592   0.9346411        56.26078        17.77437        1.607374        279.2742      -0.2286441E-04
    0 s  593   0.9357787        56.42433        17.72285        1.608296        279.3167      -0.2290371E-04
    0 s  594   0.9369140        56.58797        17.67160        1.609213        279.3595      -0.2294288E-04
    0 s  595   0.9380471        56.75171        17.62061        1.610125        279.4024      -0.2298191E-04
    0 s  596   0.9391779        56.91554        17.56989        1.611032        279.4455      -0.2302080E-04
    0 s  597   0.9403064        57.07946        17.51944        1.611933        279.4888      -0.2305956E-04
    0 s  598   0.9414326        57.24347        17.46924        1.612829        279.5323      -0.2309818E-04
    0 s  599   0.9425565        57.40757        17.41931        1.613720        279.5759      -0.2313667E-04
    0 s  600   0.9436782        57.57176        17.36963        1.614606        279.6198      -0.2317502E-04
    0 s  601   0.9447976        57.73603        17.32021        1.615486        279.6638      -0.2321323E-04
    0 s  602   0.9459147        57.90040        17.27104        1.616362        279.7080      -0.2325131E-04
    0 s  603   0.9470296        58.06486        17.22212        1.617232        279.7525      -0.2328926E-04
    0 s  604   0.9481422        58.22940        17.17345        1.618097        279.7970      -0.2332707E-04
    0 s  605   0.9492526        58.39403        17.12504        1.618957        279.8418      -0.2336475E-04
    0 s  606   0.9503607        58.55875        17.07687        1.619812        279.8868      -0.2340229E-04
    0 s  607   0.9514665        58.72355        17.02894        1.620662        279.9319      -0.2343970E-04
    0 s  608   0.9525701        58.88844        16.98126        1.621507        279.9773      -0.2347698E-04
    0 s  609   0.9536714        59.05342        16.93382        1.622346        280.0228      -0.2351412E-04
    0 s  610   0.9547705        59.21848        16.88662        1.623181        280.0685      -0.2355113E-04
    0 s  611   0.9558674        59.38362        16.83966        1.624010        280.1144      -0.2358801E-04
    0 s  612   0.9569620        59.54884        16.79294        1.624835        280.1605      -0.2362475E-04
    0 s  613   0.9580544        59.71415        16.74645        1.625655        280.2067      -0.2366137E-04
    0 s  614   0.9591446        59.87955        16.70019        1.626469        280.2532      -0.2369785E-04
    0 s  615   0.9602325        60.04502        16.65417        1.627279        280.2998      -0.2373420E-04
    0 s  616   0.9613182        60.21057        16.60838        1.628084        280.3467      -0.2377041E-04
    0 s  617   0.9624016        60.37621        16.56281        1.628883        280.3937      -0.2380650E-04
    0 s  618   0.9634829        60.54193        16.51748        1.629678        280.4409      -0.2384245E-04
    0 s  619   0.9645619        60.70772        16.47237        1.630468        280.4883      -0.2387828E-04
    0 s  620   0.9656387        60.87360        16.42748        1.631253        280.5359      -0.2391397E-04
    0 s  621   0.9667133        61.03956        16.38282        1.632033        280.5837      -0.2394954E-04
    0 s  622   0.9677857        61.20559        16.33838        1.632808        280.6317      -0.2398497E-04
    0 s  623   0.9688558        61.37170        16.29415        1.633579        280.6798      -0.2402028E-04
    0 s  624   0.9699238        61.53789        16.25015        1.634345        280.7282      -0.2405546E-04
    0 s  625   0.9709896        61.70416        16.20636        1.635105        280.7767      -0.2409051E-04
    0 s  626   0.9720531        61.87050        16.16279        1.635861        280.8254      -0.2412543E-04
    0 s  627   0.9731145        62.03692        16.11943        1.636613        280.8744      -0.2416022E-04
    0 s  628   0.9741737        62.20341        16.07629        1.637359        280.9235      -0.2419488E-04
    0 s  629   0.9752307        62.36998        16.03335        1.638101        280.9728      -0.2422942E-04
    0 s  630   0.9762855        62.53663        15.99063        1.638838        281.0223      -0.2426383E-04
    0 s  631   0.9773381        62.70335        15.94811        1.639570        281.0720      -0.2429811E-04
    0 s  632   0.9783885        62.87014        15.90580        1.640297        281.1219      -0.2433227E-04
    0 s  633   0.9794367        63.03700        15.86370        1.641020        281.1720      -0.2436630E-04
    0 s  634   0.9804828        63.20394        15.82180        1.641738        281.2222      -0.2440021E-04
    0 s  635   0.9815267        63.37095        15.78010        1.642451        281.2727      -0.2443399E-04
    0 s  636   0.9825684        63.53803        15.73861        1.643160        281.3233      -0.2446765E-04
    0 s  637   0.9836080        63.70518        15.69731        1.643864        281.3742      -0.2450118E-04
    0 s  638   0.9846454        63.87241        15.65621        1.644564        281.4252      -0.2453459E-04
    0 s  639   0.9856806        64.03970        15.61531        1.645259        281.4765      -0.2456787E-04
    0 s  640   0.9867137        64.20707        15.57461        1.645949        281.5279      -0.2460103E-04
    0 s  641   0.9877446        64.37450        15.53410        1.646635        281.5795      -0.2463407E-04
    0 s  642   0.9887733        64.54200        15.49379        1.647316        281.6314      -0.2466699E-04
    0 s  643   0.9898000        64.70957        15.45366        1.647992        281.6834      -0.2469978E-04
    0 s  644   0.9908244        64.87721        15.41373        1.648664        281.7356      -0.2473245E-04
    0 s  645   0.9918467        65.04492        15.37399        1.649332        281.7880      -0.2476455E-04
    0 s  646   0.9928669        65.21269        15.33444        1.649995        281.8406      -0.2479674E-04
    0 s  647   0.9938849        65.38053        15.29507        1.650653        281.8934      -0.2482905E-04
    0 s  648   0.9949008        65.54843        15.25589        1.651307        281.9464      -0.2486123E-04
    0 s  649   0.9959146        65.71641        15.21690        1.651957        281.9996      -0.2489330E-04
    0 s  650   0.9969262        65.88444        15.17809        1.652602        282.0530      -0.2492525E-04
    0 s  651   0.9979358        66.05254        15.13946        1.653242        282.1066      -0.2495708E-04
    0 s  652   0.9989431        66.22071        15.10102        1.653878        282.1604      -0.2498879E-04
    0 s  653   0.9999484        66.38894        15.06275        1.654510        282.2144      -0.2502038E-04
    0 s  654    1.000952        66.55723        15.02466        1.655137        282.2686      -0.2505162E-04
    0 s  655    1.001953        66.72559        14.98675        1.655760        282.3230      -0.2508288E-04
    0 s  656    1.002951        66.89401        14.94902        1.656379        282.3775      -0.2511412E-04
    0 s  657    1.003948        67.06249        14.91147        1.656993        282.4323      -0.2514524E-04
    0 s  658    1.004943        67.23103        14.87408        1.657603        282.4873      -0.2517625E-04
    0 s  659    1.005936        67.39963        14.83688        1.658208        282.5425      -0.2520714E-04
    0 s  660    1.006926        67.56830        14.79984        1.658809        282.5978      -0.2523792E-04
    0 s  661    1.007915        67.73702        14.76298        1.659406        282.6534      -0.2526859E-04
    0 s  662    1.008901        67.90580        14.72628        1.659999        282.7092      -0.2529913E-04
    0 s  663    1.009885        68.07465        14.68976        1.660587        282.7652      -0.2532957E-04
    0 s  664    1.010867        68.24355        14.65340        1.661171        282.8214      -0.2535989E-04
    0 s  665    1.011847        68.41251        14.61721        1.661751        282.8777      -0.2539010E-04
    0 s  666    1.012825        68.58153        14.58119        1.662326        282.9343      -0.2542020E-04
    0 s  667    1.013801        68.75061        14.54533        1.662897        282.9911      -0.2545019E-04
    0 s  668    1.014775        68.91974        14.50963        1.663464        283.0481      -0.2548006E-04
    0 s  669    1.015747        69.08893        14.47410        1.664027        283.1053      -0.2550983E-04
    0 s  670    1.016716        69.25818        14.43873        1.664586        283.1626      -0.2553948E-04
    0 s  671    1.017684        69.42748        14.40352        1.665140        283.2202      -0.2556902E-04
    0 s  672    1.018649        69.59684        14.36847        1.665690        283.2780      -0.2559846E-04
    0 s  673    1.019613        69.76626        14.33358        1.666236        283.3360      -0.2562779E-04
    0 s  674    1.020574        69.93573        14.29884        1.666778        283.3942      -0.2565700E-04
    0 s  675    1.021534        70.10525        14.26427        1.667316        283.4526      -0.2568611E-04
    0 s  676    1.022491        70.27483        14.22985        1.667850        283.5112      -0.2571512E-04
    0 s  677    1.023446        70.44446        14.19558        1.668379        283.5700      -0.2574401E-04
    0 s  678    1.024399        70.61414        14.16147        1.668905        283.6290      -0.2577280E-04
    0 s  679    1.025350        70.78388        14.12751        1.669426        283.6882      -0.2580149E-04
    0 s  680    1.026300        70.95367        14.09370        1.669944        283.7476      -0.2583006E-04
    0 s  681    1.027247        71.12351        14.06005        1.670457        283.8073      -0.2585854E-04
    0 s  682    1.028192        71.29340        14.02654        1.670966        283.8671      -0.2588691E-04
    0 s  683    1.029135        71.46334        13.99319        1.671471        283.9271      -0.2591517E-04
    0 s  684    1.030076        71.63333        13.95998        1.671973        283.9874      -0.2594334E-04
    0 s  685    1.031015        71.80338        13.92692        1.672470        284.0478      -0.2597140E-04
    0 s  686    1.031952        71.97347        13.89401        1.672963        284.1084      -0.2599935E-04
    0 s  687    1.032887        72.14361        13.86124        1.673452        284.1693      -0.2602721E-04
    0 s  688    1.033819        72.31380        13.82862        1.673938        284.2304      -0.2605496E-04
    0 s  689    1.034750        72.48404        13.79614        1.674419        284.2916      -0.2608262E-04
    0 s  690    1.035679        72.65433        13.76380        1.674896        284.3531      -0.2611017E-04
    0 s  691    1.036606        72.82467        13.73161        1.675370        284.4148      -0.2613762E-04
    0 s  692    1.037531        72.99505        13.69956        1.675839        284.4766      -0.2616498E-04
    0 s  693    1.038454        73.16548        13.66765        1.676305        284.5387      -0.2619223E-04
    0 s  694    1.039375        73.33596        13.63588        1.676767        284.6010      -0.2621939E-04
    0 s  695    1.040294        73.50648        13.60424        1.677224        284.6635      -0.2624645E-04
    0 s  696    1.041211        73.67705        13.57275        1.677678        284.7263      -0.2627342E-04
    0 s  697    1.042125        73.84766        13.54139        1.678129        284.7892      -0.2630028E-04
    0 s  698    1.043038        74.01832        13.51017        1.678575        284.8523      -0.2632705E-04
    0 s  699    1.043949        74.18902        13.47908        1.679017        284.9156      -0.2635373E-04
    0 s  700    1.044858        74.35977        13.44813        1.679456        284.9792      -0.2638031E-04
    0 s  701    1.045765        74.53056        13.41731        1.679891        285.0429      -0.2640680E-04
    0 s  702    1.046670        74.70140        13.38663        1.680322        285.1069      -0.2643319E-04
    0 s  703    1.047573        74.87228        13.35608        1.680749        285.1711      -0.2645949E-04
    0 s  704    1.048474        75.04320        13.32566        1.681172        285.2355      -0.2648570E-04
    0 s  705    1.049373        75.21416        13.29537        1.681592        285.3000      -0.2651182E-04
    0 s  706    1.050271        75.38516        13.26521        1.682008        285.3648      -0.2653784E-04
    0 s  707    1.051166        75.55621        13.23518        1.682420        285.4299      -0.2656377E-04
    0 s  708    1.052059        75.72730        13.20528        1.682829        285.4951      -0.2658962E-04
    0 s  709    1.052950        75.89842        13.17550        1.683233        285.5605      -0.2661537E-04
    0 s  710    1.053839        76.06959        13.14586        1.683635        285.6262      -0.2664103E-04
    0 s  711    1.054727        76.24080        13.11634        1.684032        285.6920      -0.2666661E-04
    0 s  712    1.055612        76.41205        13.08694        1.684426        285.7581      -0.2669210E-04
    0 s  713    1.056496        76.58334        13.05767        1.684816        285.8243      -0.2671750E-04
    0 s  714    1.057377        76.75466        13.02852        1.685202        285.8908      -0.2674281E-04
    0 s  715    1.058257        76.92603        12.99950        1.685585        285.9575      -0.2676803E-04
    0 s  716    1.059135        77.09743        12.97060        1.685964        286.0244      -0.2679318E-04
    0 s  717    1.060010        77.26887        12.94182        1.686339        286.0915      -0.2681823E-04
    0 s  718    1.060884        77.44035        12.91317        1.686711        286.1589      -0.2684320E-04
    0 s  719    1.061756        77.61186        12.88463        1.687079        286.2264      -0.2686809E-04
    0 s  720    1.062626        77.78341        12.85621        1.687444        286.2942      -0.2689289E-04
    0 s  721    1.063494        77.95500        12.82791        1.687805        286.3622      -0.2691761E-04
    0 s  722    1.064360        78.12662        12.79973        1.688163        286.4303      -0.2694225E-04
    0 s  723    1.065225        78.29828        12.77167        1.688517        286.4987      -0.2696681E-04
    0 s  724    1.066087        78.46998        12.74373        1.688867        286.5673      -0.2699128E-04
    0 s  725    1.066947        78.64171        12.71590        1.689214        286.6362      -0.2701568E-04
    0 s  726    1.067806        78.81347        12.68819        1.689557        286.7052      -0.2703999E-04
    0 s  727    1.068662        78.98527        12.66059        1.689897        286.7744      -0.2706423E-04
    0 s  728    1.069517        79.15710        12.63311        1.690233        286.8439      -0.2708838E-04
    0 s  729    1.070370        79.32897        12.60574        1.690566        286.9136      -0.2711246E-04
    0 s  730    1.071221        79.50086        12.57848        1.690896        286.9835      -0.2713646E-04
    0 s  731    1.072070        79.67279        12.55134        1.691222        287.0536      -0.2716039E-04
    0 s  732    1.072917        79.84476        12.52430        1.691544        287.1239      -0.2718423E-04
    0 s  733    1.073763        80.01675        12.49738        1.691863        287.1944      -0.2720800E-04
    0 s  734    1.074606        80.18878        12.47057        1.692179        287.2652      -0.2723170E-04
    0 s  735    1.075448        80.36084        12.44387        1.692491        287.3361      -0.2725533E-04
    0 s  736    1.076287        80.53293        12.41728        1.692799        287.4073      -0.2727887E-04
    0 s  737    1.077125        80.70505        12.39080        1.693105        287.4787      -0.2730235E-04
    0 s  738    1.077961        80.87720        12.36442        1.693407        287.5503      -0.2732575E-04
    0 s  739    1.078795        81.04938        12.33816        1.693705        287.6221      -0.2734908E-04
    0 s  740    1.079627        81.22159        12.31200        1.694001        287.6942      -0.2737234E-04
    0 s  741    1.080458        81.39383        12.28594        1.694292        287.7664      -0.2739553E-04
    0 s  742    1.081286        81.56609        12.26000        1.694581        287.8389      -0.2741864E-04
    0 s  743    1.082113        81.73839        12.23415        1.694866        287.9116      -0.2744169E-04
    0 s  744    1.082938        81.91071        12.20842        1.695148        287.9845      -0.2746467E-04
    0 s  745    1.083761        82.08307        12.18278        1.695426        288.0576      -0.2748758E-04
    0 s  746    1.084582        82.25545        12.15725        1.695702        288.1310      -0.2751042E-04
    0 s  747    1.085401        82.42785        12.13182        1.695974        288.2045      -0.2753319E-04
    0 s  748    1.086219        82.60029        12.10650        1.696242        288.2783      -0.2755590E-04
    0 s  749    1.087034        82.77275        12.08127        1.696508        288.3523      -0.2757854E-04
    0 s  750    1.087848        82.94524        12.05615        1.696770        288.4265      -0.2760112E-04
    0 s  751    1.088660        83.11775        12.03112        1.697028        288.5009      -0.2762363E-04
    0 s  752    1.089470        83.29029        12.00620        1.697284        288.5755      -0.2764608E-04
    0 s  753    1.090278        83.46285        11.98138        1.697536        288.6504      -0.2766846E-04
    0 s  754    1.091085        83.63544        11.95665        1.697786        288.7255      -0.2769078E-04
    0 s  755    1.091890        83.80805        11.93203        1.698032        288.8008      -0.2771304E-04
    0 s  756    1.092692        83.98069        11.90750        1.698274        288.8763      -0.2773523E-04
    0 s  757    1.093494        84.15335        11.88307        1.698514        288.9520      -0.2775737E-04
    0 s  758    1.094293        84.32603        11.85873        1.698750        289.0279      -0.2777944E-04
    0 s  759    1.095090        84.49874        11.83450        1.698983        289.1041      -0.2780146E-04
    0 s  760    1.095886        84.67147        11.81035        1.699213        289.1805      -0.2782342E-04
    0 s  761    1.096680        84.84423        11.78631        1.699440        289.2571      -0.2784531E-04
    0 s  762    1.097472        85.01700        11.76235        1.699664        289.3339      -0.2786715E-04
    0 s  763    1.098262        85.18980        11.73849        1.699885        289.4109      -0.2788893E-04
    0 s  764    1.099051        85.36262        11.71473        1.700102        289.4882      -0.2791066E-04
    0 s  765    1.099837        85.53546        11.69106        1.700316        289.5657      -0.2793233E-04
    0 s  766    1.100622        85.70832        11.66748        1.700528        289.6434      -0.2795394E-04
    0 s  767    1.101405        85.88121        11.64399        1.700736        289.7213      -0.2797550E-04
    0 s  768    1.102187        86.05411        11.62060        1.700941        289.7994      -0.2799701E-04
    0 s  769    1.102966        86.22703        11.59729        1.701143        289.8778      -0.2801846E-04
    0 s  770    1.103744        86.39998        11.57408        1.701342        289.9563      -0.2803986E-04
    0 s  771    1.104520        86.57294        11.55095        1.701538        290.0351      -0.2806120E-04
    0 s  772    1.105295        86.74592        11.52792        1.701731        290.1141      -0.2808250E-04
    0 s  773    1.106067        86.91892        11.50497        1.701921        290.1934      -0.2810374E-04
    0 s  774    1.106838        87.09194        11.48212        1.702107        290.2728      -0.2812493E-04
    0 s  775    1.107607        87.26498        11.45935        1.702291        290.3525      -0.2814608E-04
    0 s  776    1.108374        87.43804        11.43667        1.702472        290.4324      -0.2816717E-04
    0 s  777    1.109140        87.61111        11.41408        1.702650        290.5125      -0.2818822E-04
    0 s  778    1.109903        87.78420        11.39157        1.702825        290.5928      -0.2820921E-04
    0 s  779    1.110665        87.95731        11.36915        1.702997        290.6734      -0.2823016E-04
    0 s  780    1.111426        88.13043        11.34682        1.703165        290.7541      -0.2825107E-04
    0 s  781    1.112184        88.30357        11.32457        1.703331        290.8351      -0.2827193E-04
    0 s  782    1.112941        88.47673        11.30241        1.703494        290.9164      -0.2829274E-04
    0 s  783    1.113696        88.64990        11.28033        1.703654        290.9978      -0.2831351E-04
    0 s  784    1.114449        88.82309        11.25833        1.703812        291.0794      -0.2833423E-04
    0 s  785    1.115201        88.99629        11.23642        1.703966        291.1613      -0.2835491E-04
    0 s  786    1.115951        89.16951        11.21460        1.704117        291.2434      -0.2837555E-04
    0 s  787    1.116699        89.34275        11.19285        1.704266        291.3257      -0.2839615E-04
    0 s  788    1.117446        89.51599        11.17119        1.704411        291.4083      -0.2841670E-04
    0 s  789    1.118190        89.68926        11.14961        1.704554        291.4910      -0.2843722E-04
    0 s  790    1.118933        89.86253        11.12811        1.704694        291.5740      -0.2845769E-04
    0 s  791    1.119675        90.03582        11.10669        1.704830        291.6572      -0.2847813E-04
    0 s  792    1.120414        90.20912        11.08535        1.704965        291.7406      -0.2849852E-04
    0 s  793    1.121152        90.38244        11.06410        1.705096        291.8242      -0.2851888E-04
    0 s  794    1.121888        90.55577        11.04292        1.705224        291.9081      -0.2853920E-04
    0 s  795    1.122623        90.72911        11.02182        1.705350        291.9922      -0.2855948E-04
    0 s  796    1.123356        90.90246        11.00080        1.705472        292.0765      -0.2857973E-04
    0 s  797    1.124087        91.07582        10.97986        1.705592        292.1610      -0.2859994E-04
    0 s  798    1.124816        91.24920        10.95900        1.705710        292.2458      -0.2862012E-04
    0 s  799    1.125544        91.42258        10.93822        1.705824        292.3307      -0.2864026E-04
    0 s  800    1.126270        91.59598        10.91751        1.705936        292.4159      -0.2866037E-04
    0 s  801    1.126994        91.76939        10.89688        1.706044        292.5013      -0.2868044E-04
    0 s  802    1.127717        91.94281        10.87633        1.706151        292.5870      -0.2870048E-04
    0 s  803    1.128438        92.11624        10.85585        1.706254        292.6728      -0.2872050E-04
    0 s  804    1.129158        92.28968        10.83545        1.706354        292.7589      -0.2874048E-04
    0 s  805    1.129875        92.46312        10.81512        1.706452        292.8452      -0.2876043E-04
    0 s  806    1.130591        92.63658        10.79487        1.706547        292.9317      -0.2878035E-04
    0 s  807    1.131306        92.81005        10.77470        1.706640        293.0184      -0.2880024E-04
    0 s  808    1.132018        92.98352        10.75459        1.706730        293.1054      -0.2882010E-04
    0 s  809    1.132729        93.15701        10.73457        1.706817        293.1926      -0.2883993E-04
    0 s  810    1.133439        93.33050        10.71461        1.706901        293.2800      -0.2885974E-04
    0 s  811    1.134146        93.50400        10.69473        1.706983        293.3676      -0.2887952E-04
    0 s  812    1.134852        93.67750        10.67492        1.707062        293.4554      -0.2889928E-04
    0 s  813    1.135557        93.85102        10.65519        1.707138        293.5435      -0.2891901E-04
    0 s  814    1.136260        94.02454        10.63552        1.707212        293.6318      -0.2893871E-04
    0 s  815    1.136961        94.19807        10.61593        1.707283        293.7203      -0.2895840E-04
    0 s  816    1.137660        94.37160        10.59641        1.707351        293.8090      -0.2897805E-04
    0 s  817    1.138358        94.54514        10.57696        1.707417        293.8980      -0.2899769E-04
    0 s  818    1.139054        94.71869        10.55758        1.707480        293.9872      -0.2901730E-04
    0 s  819    1.139749        94.89224        10.53827        1.707541        294.0765      -0.2903690E-04
    0 s  820    1.140442        95.06580        10.51903        1.707599        294.1662      -0.2905647E-04
    0 s  821    1.141133        95.23937        10.49986        1.707654        294.2560      -0.2907602E-04
    0 s  822    1.141823        95.41294        10.48076        1.707707        294.3461      -0.2909555E-04
    0 s  823    1.142511        95.58651        10.46173        1.707757        294.4363      -0.2911507E-04
    0 s  824    1.143198        95.76009        10.44276        1.707805        294.5268      -0.2913456E-04
    0 s  825    1.143883        95.93367        10.42387        1.707850        294.6176      -0.2915404E-04
    0 s  826    1.144566        96.10725        10.40504        1.707893        294.7085      -0.2917350E-04
    0 s  827    1.145247        96.28084        10.38628        1.707933        294.7997      -0.2919295E-04
    0 s  828    1.145928        96.45444        10.36759        1.707970        294.8911      -0.2921238E-04
    0 s  829    1.146606        96.62803        10.34896        1.708005        294.9827      -0.2923179E-04
    0 s  830    1.147283        96.80163        10.33040        1.708038        295.0745      -0.2925120E-04
    0 s  831    1.147958        96.97523        10.31191        1.708068        295.1665      -0.2927058E-04
    0 s  832    1.148632        97.14884        10.29348        1.708095        295.2588      -0.2928996E-04
    0 s  833    1.149304        97.32244        10.27512        1.708120        295.3513      -0.2930932E-04
    0 s  834    1.149974        97.49605        10.25683        1.708143        295.4440      -0.2932868E-04
    0 s  835    1.150643        97.66966        10.23859        1.708163        295.5369      -0.2934802E-04
    0 s  836    1.151311        97.84327        10.22043        1.708180        295.6301      -0.2936735E-04
    0 s  837    1.151976        98.01688        10.20232        1.708196        295.7235      -0.2938667E-04
    0 s  838    1.152640        98.19050        10.18428        1.708208        295.8171      -0.2940598E-04
    0 s  839    1.153303        98.36411        10.16631        1.708219        295.9109      -0.2942529E-04
    0 s  840    1.153964        98.53773        10.14840        1.708226        296.0049      -0.2944458E-04
    0 s  841    1.154623        98.71134        10.13055        1.708232        296.0992      -0.2946387E-04
    0 s  842    1.155281        98.88495        10.11276        1.708235        296.1936      -0.2948316E-04
    0 s  843    1.155938        99.05857        10.09504        1.708236        296.2883      -0.2950244E-04
    0 s  844    1.156592        99.23218        10.07738        1.708234        296.3832      -0.2952171E-04
    0 s  845    1.157246        99.40579        10.05978        1.708230        296.4784      -0.2954098E-04
    0 s  846    1.157897        99.57941        10.04224        1.708223        296.5737      -0.2956024E-04
    0 s  847    1.158547        99.75302        10.02476        1.708214        296.6693      -0.2957951E-04
    0 s  848    1.159196        99.92662        10.00734        1.708203        296.7651      -0.2959877E-04
    0 s  849    1.159843        100.1002        9.989987        1.708189        296.8611      -0.2961803E-04
