#integration precision =  0.1000E-09  root precision =  0.1000E-09  gravity cut off =  0.8262E-02 rad/s
#mode        phs vel       w(mhz)          t(secs)      grp vel(km/s)        q             raylquo
    0 s    3   0.3465559       0.1233523        8106.864       0.3764267        4092.034       0.5034933E-09
    0 s    4   0.3519482       0.1610635        6208.732       0.3651419        4052.177       0.3593133E-09
    0 s    5   0.3532910       0.1976064        5060.564       0.3533390        4046.191      -0.4911001E-09
    0 s    6   0.3523456       0.2329099        4293.505       0.3407808        4030.183      -0.1983888E-08
    0 s    7   0.3499377       0.2669057        3746.642       0.3276717        3988.329      -0.3729234E-08
    0 s    8   0.3465380       0.2995543        3338.293       0.3143516        3912.243      -0.5515085E-08
    0 s    9   0.3424572       0.3308534        3022.486       0.3011956        3797.321      -0.9016802E-08
    0 s   10   0.3379232       0.3608387        2771.322       0.2885706        3642.476      -0.1372824E-07
    0 s   11   0.3331153       0.3895814        2566.858       0.2768125        3450.416      -0.2073289E-07
    0 s   12   0.3281806       0.4171851        2397.018       0.2662150        3227.510      -0.3026220E-07
    0 s   13   0.3232429       0.4437808        2253.365       0.2570241        2982.957      -0.1229634E-08
    0 s   14   0.3184068       0.4695221        2129.825       0.2494369        2727.365      -0.6314750E-09
    0 s   15   0.3137611       0.4945801        2021.917       0.2436031        2471.167      -0.7557527E-09
    0 s   16   0.3093811       0.5191389        1926.267       0.2396282        2223.314      -0.9430599E-09
    0 s   17   0.3053295       0.5433912        1840.295       0.2375772        1990.507      -0.1188361E-08
    0 s   18   0.3016580       0.5675346        1762.007       0.2374786        1777.017      -0.1478186E-08
    0 s   19   0.2984083       0.5917677        1689.852       0.2393285        1584.932      -0.1868181E-08
    0 s   20   0.2956130       0.6162873        1622.620       0.2430947        1414.620      -0.2348129E-08
    0 s   21   0.2932969       0.6412859        1559.367       0.2487200        1265.263      -0.2870959E-08
    0 s   22   0.2914769       0.6669487        1499.366       0.2561262        1135.312      -0.3491261E-08
    0 s   23   0.2901636       0.6934523        1442.060       0.2652173        1022.857      -0.4288549E-08
    0 s   24   0.2893616       0.7209627        1387.034       0.2758830        925.8712      -0.5214146E-08
    0 s   25   0.2890702       0.7496340        1333.984       0.2880023        842.3811      -0.2729103E-08
    0 s   26   0.2892841       0.7796079        1282.696       0.3014466        770.5523      -0.3249351E-08
    0 s   27   0.2899941       0.8110126        1233.027       0.3160835        708.7355      -0.3833704E-08
    0 s   28   0.2911874       0.8439626        1184.887       0.3317790        655.4799      -0.4483130E-08
    0 s   29   0.2928486       0.8785591        1138.227       0.3484011        609.5277      -0.5196477E-08
    0 s   30   0.2949600       0.9148899        1093.028       0.3658216        569.7995      -0.5976169E-08
    0 s   31   0.2975023       0.9530301        1049.285       0.3839182        535.3756      -0.6820031E-08
    0 s   32   0.3004545       0.9930427        1007.006       0.4025762        505.4755      -0.7726779E-08
    0 s   33   0.3037954        1.034979        966.2028       0.4216894        479.4385      -0.8694823E-08
    0 s   34   0.3075027        1.078882        926.8856       0.4411606        456.7062      -0.9722336E-08
    0 s   35   0.3115545        1.124782        889.0615       0.4609023        436.8067      -0.9981246E-08
    0 s   36   0.3159288        1.172702        852.7313       0.4808359        419.3408      -0.1101034E-07
    0 s   37   0.3206039        1.222660        817.8887       0.5008923        403.9708      -0.1208594E-07
    0 s   38   0.3255588        1.274665        784.5201       0.5210106        390.4103      -0.1320492E-07
    0 s   39   0.3314124        1.331287        751.1529       0.5398541        379.8759      -0.2575193E-08
    0 s   40   0.3368199        1.387262        720.8443       0.5600120        369.0744      -0.2787860E-08
    0 s   41   0.3424524        1.445287        691.9041       0.5800922        359.4778      -0.3006989E-08
    0 s   42   0.3482918        1.505352        664.2965       0.6000614        350.9318      -0.3232277E-08
    0 s   43   0.3543210        1.567444        637.9814       0.6198915        343.3043      -0.3463032E-08
    0 s   44   0.3605237        1.631547        612.9151       0.6395585        336.4818      -0.3700147E-08
    0 s   45   0.3668848        1.697645        589.0513       0.6590430        330.3666      -0.3941735E-08
    0 s   46   0.3733898        1.765717        566.3421       0.6783283        324.8744      -0.4188282E-08
    0 s   47   0.3800253        1.835743        544.7385       0.6974012        319.9322      -0.4440891E-08
    0 s   48   0.3867788        1.907700        524.1914       0.7162505        315.4769      -0.4698515E-08
    0 s   49   0.3936384        1.981566        504.6515       0.7348673        311.4535      -0.4961049E-08
    0 s   50   0.4005932        2.057315        486.0704       0.7532445        307.8140      -0.5228408E-08
    0 s   51   0.4076330        2.134924        468.4008       0.7713765        304.5167      -0.5500519E-08
    0 s   52   0.4147481        2.214366        451.5964       0.7892588        301.5248      -0.5774390E-08
    0 s   53   0.4219296        2.295618        435.6126       0.8068880        298.8063      -0.5653082E-08
    0 s   54   0.4291692        2.378652        420.4063       0.8242618        296.3329      -0.5913523E-08
    0 s   55   0.4364591        2.463442        405.9361       0.8413783        294.0797      -0.6177684E-08
    0 s   56   0.4437921        2.549962        392.1627       0.8582366        292.0248      -0.6445529E-08
    0 s   57   0.4511613        2.638186        379.0483       0.8748359        290.1486      -0.6717029E-08
    0 s   58   0.4585606        2.728088        366.5571       0.8911762        288.4339      -0.6992154E-08
    0 s   59   0.4659840        2.819641        354.6551       0.9072578        286.8654      -0.7270879E-08
    0 s   60   0.4734261        2.912818        343.3101       0.9230811        285.4294      -0.7553186E-08
    0 s   61   0.4808817        3.007594        332.4917       0.9386471        284.1139      -0.7574587E-08
    0 s   62   0.4883461        3.103942        322.1710       0.9539567        282.9080      -0.7853444E-08
    0 s   63   0.4958149        3.201836        312.3208       0.9690112        281.8019      -0.8135644E-08
    0 s   64   0.5032838        3.301250        302.9155       0.9838120        280.7869      -0.8421168E-08
    0 s   65   0.5107490        3.402159        293.9310       0.9983608        279.8554      -0.8709990E-08
    0 s   66   0.5182069        3.504537        285.3444        1.012659        279.0001      -0.9002096E-08
    0 s   67   0.5256541        3.608358        277.1344        1.026709        278.2149      -0.9297462E-08
    0 s   68   0.5330874        3.713597        269.2807        1.040512        277.4940      -0.9596066E-08
    0 s   69   0.5405040        3.820230        261.7644        1.054070        276.8323      -0.9897885E-08
    0 s   70   0.5479010        3.928231        254.5675        1.067385        276.2252      -0.1020290E-07
    0 s   71   0.5552759        4.037575        247.6734        1.080460        275.6684      -0.1051108E-07
    0 s   72   0.5626262        4.148239        241.0661        1.093297        275.1581      -0.1082240E-07
    0 s   73   0.5699499        4.260198        234.7309        1.105897        274.6909      -0.1113684E-07
    0 s   74   0.5772447        4.373428        228.6536        1.118263        274.2637      -0.1145437E-07
    0 s   75   0.5845088        4.487906        222.8211        1.130398        273.8735      -0.1177497E-07
    0 s   76   0.5917402        4.603608        217.2209        1.142304        273.5178      -0.1209859E-07
    0 s   77   0.5989375        4.720510        211.8415        1.153983        273.1943      -0.8845314E-09
    0 s   78   0.6060988        4.838591        206.6717        1.165437        272.9006      -0.4952225E-09
    0 s   79   0.6132229        4.957826        201.7013        1.176670        272.6350      -0.5116616E-09
    0 s   80   0.6203084        5.078194        196.9204        1.187683        272.3955      -0.5282676E-09
    0 s   81   0.6273539        5.199673        192.3198        1.198479        272.1806      -0.5450380E-09
    0 s   82   0.6343583        5.322239        187.8908        1.209060        271.9887      -0.5619685E-09
    0 s   83   0.6413206        5.445873        183.6253        1.219430        271.8183      -0.5790583E-09
    0 s   84   0.6482398        5.570551        179.5154        1.229590        271.6684      -0.5962988E-09
    0 s   85   0.6551148        5.696254        175.5540        1.239543        271.5376      -0.6136908E-09
    0 s   86   0.6619450        5.822960        171.7340        1.249292        271.4249      -0.6312310E-09
    0 s   87   0.6687294        5.950648        168.0489        1.258840        271.3294      -0.6489140E-09
    0 s   88   0.6754673        6.079298        164.4927        1.268188        271.2500      -0.6667375E-09
    0 s   89   0.6821582        6.208889        161.0594        1.277339        271.1861      -0.6846957E-09
    0 s   90   0.6888014        6.339403        157.7436        1.286297        271.1367      -0.7027900E-09
    0 s   91   0.6953963        6.470819        154.5399        1.295063        271.1013      -0.7210164E-09
    0 s   92   0.7019425        6.603118        151.4436        1.303640        271.0791      -0.7393721E-09
    0 s   93   0.7084395        6.736281        148.4499        1.312031        271.0695      -0.7578523E-09
    0 s   94   0.7148870        6.870289        145.5543        1.320238        271.0721      -0.7764530E-09
    0 s   95   0.7212845        7.005123        142.7527        1.328264        271.0862      -0.7951722E-09
    0 s   96   0.7276317        7.140765        140.0410        1.336111        271.1114      -0.7254033E-09
    0 s   97   0.7339284        7.277197        137.4155        1.343782        271.1473      -0.9030106E-09
    0 s   98   0.7401744        7.414401        134.8727        1.351280        271.1935      -0.9182519E-09
    0 s   99   0.7463694        7.552360        132.4089        1.358606        271.2495      -0.9335923E-09
    0 s  100   0.7525132        7.691056        130.0212        1.365763        271.3151      -0.9488970E-09
    0 s  101   0.7586057        7.830472        127.7062        1.372754        271.3899      -0.9637400E-09
    0 s  102   0.7646469        7.970592        125.4612        1.379582        271.4736      -0.9795655E-09
    0 s  103   0.7706365        8.111399        123.2833        1.386248        271.5659      -0.9926113E-09
    0 s  104   0.7765747        8.252876        121.1699        1.392755        271.6667      -0.1007805E-08
    0 s  105   0.7824612        8.395007        119.1184        1.399106        271.7755      -0.1022898E-08
    0 s  106   0.7882962        8.537777        117.1265        1.405302        271.8924      -0.1037995E-08
    0 s  107   0.7940796        8.681171        115.1918        1.411346        272.0169      -0.1000370E-08
    0 s  108   0.7998115        8.825172        113.3122        1.417241        272.1490      -0.1013633E-08
    0 s  109   0.8054919        8.969765        111.4856        1.422989        272.2885      -0.1026826E-08
    0 s  110   0.8111209        9.114937        109.7100        1.428592        272.4352      -0.1039948E-08
    0 s  111   0.8166986        9.260671        107.9835        1.434052        272.5890      -0.1052998E-08
    0 s  112   0.8222251        9.406954        106.3043        1.439372        272.7497      -0.1065974E-08
    0 s  113   0.8277005        9.553772        104.6707        1.444553        272.9172      -0.1078875E-08
    0 s  114   0.8331249        9.701110        103.0810        1.449599        273.0914      -0.1091699E-08
    0 s  115   0.8384986        9.848954        101.5336        1.454510        273.2722      -0.1105487E-08
    0 s  116   0.8438217        9.997292        100.0271        1.459290        273.4594      -0.1118185E-08
    0 s  117   0.8490943        10.14611        98.55994        1.463940        273.6531      -0.1133450E-08
    0 s  118   0.8543166        10.29539        97.13081        1.468463        273.8530      -0.1146062E-08
    0 s  119   0.8594890        10.44513        95.73836        1.472860        274.0592      -0.1158595E-08
    0 s  120   0.8646114        10.59531        94.38135        1.477134        274.2715      -0.1171045E-08
    0 s  121   0.8696843        10.74592        93.05856        1.481286        274.4899      -0.1183414E-08
    0 s  122   0.8747077        10.89695        91.76882        1.485319        274.7143      -0.1195702E-08
    0 s  123   0.8796821        11.04838        90.51103        1.489234        274.9447      -0.1207908E-08
    0 s  124   0.8846075        11.20020        89.28413        1.493034        275.1810      -0.1220029E-08
    0 s  125   0.8894842        11.35240        88.08708        1.496720        275.4232      -0.1232067E-08
    0 s  126   0.8943126        11.50497        86.91892        1.500294        275.6712      -0.1244023E-08
    0 s  127   0.8990929        11.65791        85.77870        1.503758        275.9250      -0.1255893E-08
    0 s  128   0.9038253        11.81118        84.66552        1.507114        276.1845      -0.1267680E-08
    0 s  129   0.9085101        11.96480        83.57852        1.510364        276.4498      -0.1279382E-08
    0 s  130   0.9131477        12.11874        82.51686        1.513509        276.7207      -0.1291000E-08
    0 s  131   0.9177383        12.27299        81.47974        1.516552        276.9973      -0.1302534E-08
    0 s  132   0.9222821        12.42755        80.46639        1.519494        277.2795      -0.1313984E-08
    0 s  133   0.9267796        12.58240        79.47609        1.522336        277.5674      -0.1325352E-08
    0 s  134   0.9312310        12.73754        78.50811        1.525080        277.8608      -0.1336634E-08
    0 s  135   0.9356366        12.89295        77.56177        1.527729        278.1598      -0.1347834E-08
    0 s  136   0.9399967        13.04863        76.63643        1.530283        278.4643      -0.1358951E-08
    0 s  137   0.9443116        13.20456        75.73144        1.532745        278.7744      -0.1369984E-08
    0 s  138   0.9485816        13.36073        74.84620        1.535115        279.0900      -0.1380936E-08
    0 s  139   0.9528071        13.51715        73.98011        1.537396        279.4111      -0.1391805E-08
    0 s  140   0.9569884        13.67379        73.13263        1.539588        279.7377      -0.1402593E-08
    0 s  141   0.9611258        13.83065        72.30320        1.541695        280.0698      -0.1413301E-08
    0 s  142   0.9652196        13.98772        71.49131        1.543716        280.4074      -0.1423927E-08
    0 s  143   0.9692701        14.14499        70.69643        1.545653        280.7505      -0.1434475E-08
    0 s  144   0.9732777        14.30245        69.91810        1.547509        281.0990      -0.1444944E-08
    0 s  145   0.9772426        14.46010        69.15583        1.549283        281.4530      -0.1455333E-08
    0 s  146   0.9811653        14.61792        68.40918        1.550979        281.8124      -0.1465645E-08
    0 s  147   0.9850460        14.77591        67.67771        1.552596        282.1772      -0.1475881E-08
    0 s  148   0.9888851        14.93407        66.96100        1.554137        282.5476      -0.1486041E-08
    0 s  149   0.9926829        15.09237        66.25863        1.555603        282.9233      -0.1496123E-08
    0 s  150   0.9964397        15.25082        65.57023        1.556996        283.3045      -0.1506134E-08
    0 s  151    1.000156        15.40941        64.89540        1.558315        283.6911      -0.1516069E-08
    0 s  152    1.003832        15.56813        64.23378        1.559564        284.0831      -0.1525932E-08
    0 s  153    1.007467        15.72698        63.58502        1.560742        284.4805      -0.1535722E-08
    0 s  154    1.011064        15.88593        62.94877        1.561852        284.8834      -0.1545441E-08
    0 s  155    1.014620        16.04500        62.32470        1.562894        285.2916      -0.1555089E-08
    0 s  156    1.018138        16.20417        61.71250        1.563871        285.7053      -0.1564668E-08
    0 s  157    1.021617        16.36344        61.11184        1.564782        286.1243      -0.1574180E-08
    0 s  158    1.025058        16.52280        60.52244        1.565629        286.5488      -0.1583623E-08
    0 s  159    1.028461        16.68223        59.94401        1.566414        286.9786      -0.1592999E-08
    0 s  160    1.031826        16.84175        59.37625        1.567137        287.4138      -0.1602310E-08
    0 s  161    1.035153        17.00133        58.81891        1.567800        287.8544      -0.1611554E-08
    0 s  162    1.038444        17.16098        58.27172        1.568403        288.3004      -0.1620736E-08
    0 s  163    1.041698        17.32069        57.73441        1.568949        288.7517      -0.1619874E-08
    0 s  164    1.044915        17.48045        57.20676        1.569437        289.2084      -0.1628621E-08
    0 s  165    1.048096        17.64026        56.68851        1.569870        289.6704      -0.1637303E-08
    0 s  166    1.051242        17.80011        56.17944        1.570247        290.1378      -0.1645921E-08
    0 s  167    1.054352        17.95999        55.67932        1.570571        290.6105      -0.1654478E-08
    0 s  168    1.057426        18.11990        55.18794        1.570842        291.0885      -0.1662972E-08
    0 s  169    1.060466        18.27984        54.70507        1.571061        291.5718      -0.1671405E-08
    0 s  170    1.063472        18.43980        54.23053        1.571229        292.0604      -0.1679779E-08
    0 s  171    1.066443        18.59977        53.76411        1.571347        292.5543      -0.1688094E-08
    0 s  172    1.069380        18.75975        53.30562        1.571417        293.0535      -0.1696351E-08
    0 s  173    1.072284        18.91973        52.85487        1.571439        293.5579      -0.1704551E-08
    0 s  174    1.075154        19.07972        52.41168        1.571413        294.0676      -0.1712696E-08
    0 s  175    1.077991        19.23970        51.97587        1.571342        294.5825      -0.1720786E-08
    0 s  176    1.080796        19.39967        51.54728        1.571226        295.1026      -0.1728822E-08
    0 s  177    1.083568        19.55962        51.12574        1.571066        295.6279      -0.1736805E-08
    0 s  178    1.086308        19.71956        50.71108        1.570862        296.1583      -0.1744735E-08
    0 s  179    1.089017        19.87947        50.30315        1.570616        296.6939      -0.1752615E-08
    0 s  180    1.091694        20.03935        49.90181        1.570329        297.2346      -0.1760445E-08
    0 s  181    1.094339        20.19921        49.50689        1.570001        297.7805      -0.1768225E-08
    0 s  182    1.096954        20.35903        49.11826        1.569633        298.3314      -0.1775957E-08
    0 s  183    1.099538        20.51880        48.73578        1.569226        298.8874      -0.1783642E-08
    0 s  184    1.102092        20.67854        48.35932        1.568782        299.4484      -0.1791281E-08
    0 s  185    1.104615        20.83823        47.98873        1.568300        300.0144      -0.1798874E-08
    0 s  186    1.107109        20.99786        47.62390        1.567782        300.5854      -0.1806422E-08
    0 s  187    1.109574        21.15744        47.26469        1.567228        301.1614      -0.1813926E-08
    0 s  188    1.112009        21.31696        46.91099        1.566639        301.7423      -0.1821388E-08
    0 s  189    1.114415        21.47642        46.56269        1.566016        302.3280      -0.1828809E-08
    0 s  190    1.116793        21.63582        46.21965        1.565360        302.9187      -0.1836188E-08
    0 s  191    1.119142        21.79515        45.88178        1.564672        303.5141      -0.1805788E-08
    0 s  192    1.121463        21.95440        45.54896        1.563952        304.1143      -0.1812467E-08
    0 s  193    1.123757        22.11358        45.22108        1.563200        304.7193      -0.1819103E-08
    0 s  194    1.126022        22.27268        44.89806        1.562419        305.3290      -0.1825694E-08
    0 s  195    1.128261        22.43170        44.57977        1.561608        305.9434      -0.1832244E-08
    0 s  196    1.130473        22.59063        44.26614        1.560768        306.5624      -0.1838751E-08
    0 s  197    1.132657        22.74948        43.95705        1.559901        307.1860      -0.1845221E-08
    0 s  198    1.134816        22.90824        43.65242        1.559006        307.8141      -0.1851648E-08
    0 s  199    1.136948        23.06690        43.35216        1.558084        308.4467      -0.1858041E-08
    0 s  200    1.139054        23.22547        43.05618        1.557136        309.0838      -0.1864402E-08
    0 s  201    1.141135        23.38394        42.76439        1.556163        309.7254      -0.1832885E-08
    0 s  202    1.143190        23.54231        42.47671        1.555165        310.3712      -0.1837686E-08
    0 s  203    1.145220        23.70058        42.19306        1.554143        311.0214      -0.1843648E-08
    0 s  204    1.147224        23.85874        41.91336        1.553098        311.6759      -0.1849577E-08
    0 s  205    1.149205        24.01679        41.63753        1.552030        312.3346      -0.1855472E-08
    0 s  206    1.151161        24.17474        41.36550        1.550940        312.9974      -0.1861336E-08
    0 s  207    1.153092        24.33257        41.09718        1.549828        313.6643      -0.1867168E-08
    0 s  208    1.155000        24.49028        40.83252        1.548696        314.3353      -0.1873000E-08
    0 s  209    1.156884        24.64788        40.57143        1.547543        315.0103      -0.1704012E-08
    0 s  210    1.158745        24.80536        40.31386        1.546371        315.6892      -0.1551511E-08
    0 s  211    1.160582        24.96272        40.05973        1.545180        316.3719      -0.1428107E-08
    0 s  212    1.162396        25.11996        39.80898        1.543970        317.0585      -0.1067026E-08
    0 s  213    1.164188        25.27708        39.56154        1.542743        317.7488      -0.1066769E-08
    0 s  214    1.165957        25.43406        39.31735        1.541498        318.4428      -0.1066443E-08
    0 s  215    1.167704        25.59092        39.07636        1.540236        319.1405      -0.1066110E-08
    0 s  216    1.169429        25.74765        38.83849        1.538959        319.8417      -0.1065863E-08
    0 s  217    1.171132        25.90425        38.60370        1.537665        320.5464      -0.1065522E-08
    0 s  218    1.172814        26.06072        38.37193        1.536357        321.2545      -0.1065312E-08
    0 s  219    1.174474        26.21705        38.14312        1.535034        321.9659      -0.1064967E-08
    0 s  220    1.176113        26.37324        37.91722        1.533697        322.6806      -0.1064623E-08
    0 s  221    1.177732        26.52930        37.69417        1.532346        323.3986      -0.1064483E-08
    0 s  222    1.179329        26.68522        37.47393        1.530983        324.1196      -0.1064145E-08
    0 s  223    1.180906        26.84100        37.25643        1.529607        324.8438      -0.1063813E-08
    0 s  224    1.182463        26.99664        37.04165        1.528219        325.5709      -0.1063805E-08
    0 s  225    1.184000        27.15214        36.82951        1.526820        326.3009      -0.1063491E-08
    0 s  226    1.185517        27.30749        36.61999        1.525409        327.0338      -0.1063186E-08
    0 s  227    1.187015        27.46270        36.41303        1.523988        327.7695      -0.1062892E-08
    0 s  228    1.188493        27.61776        36.20858        1.522557        328.5078      -0.1062610E-08
    0 s  229    1.189952        27.77268        36.00661        1.521116        329.2487      -0.1062344E-08
    0 s  230    1.191392        27.92745        35.80706        1.519667        329.9921      -0.1062092E-08
    0 s  231    1.192813        28.08207        35.60991        1.518208        330.7380      -0.1061858E-08
    0 s  232    1.194216        28.23654        35.41510        1.516741        331.4862      -0.1061641E-08
    0 s  233    1.195600        28.39087        35.22260        1.515267        332.2367      -0.1061444E-08
    0 s  234    1.196966        28.54504        35.03236        1.513785        332.9894      -0.1061266E-08
    0 s  235    1.198315        28.69906        34.84435        1.512296        333.7442      -0.1061109E-08
    0 s  236    1.199645        28.85292        34.65853        1.510800        334.5011      -0.1060975E-08
    0 s  237    1.200958        29.00664        34.47487        1.509298        335.2598      -0.1060864E-08
    0 s  238    1.202254        29.16020        34.29332        1.507791        336.0204      -0.1060790E-08
    0 s  239    1.203533        29.31361        34.11385        1.506278        336.7828      -0.1061566E-08
    0 s  240    1.204794        29.46686        33.93643        1.504760        337.5469      -0.1061656E-08
    0 s  241    1.206039        29.61995        33.76102        1.503238        338.3125      -0.1064197E-08
    0 s  242    1.207268        29.77290        33.58760        1.501711        339.0797      -0.1064397E-08
    0 s  243    1.208480        29.92568        33.41611        1.500181        339.8483      -0.1064641E-08
    0 s  244    1.209675        30.07831        33.24655        1.498647        340.6182      -0.1064932E-08
    0 s  245    1.210855        30.23078        33.07886        1.497110        341.3893      -0.1065272E-08
    0 s  246    1.212019        30.38310        32.91303        1.495570        342.1616      -0.1069415E-08
    0 s  247    1.213167        30.53526        32.74903        1.494028        342.9349      -0.1069902E-08
    0 s  248    1.214300        30.68726        32.58681        1.492484        343.7092      -0.1070443E-08
    0 s  249    1.215417        30.83910        32.42636        1.490938        344.4844      -0.1071041E-08
    0 s  250    1.216520        30.99079        32.26765        1.489390        345.2604      -0.1077248E-08
    0 s  251    1.217607        31.14232        32.11065        1.487841        346.0370      -0.1078035E-08
    0 s  252    1.218680        31.29369        31.95533        1.486292        346.8143      -0.1078886E-08
    0 s  253    1.219738        31.44490        31.80166        1.484742        347.5921      -0.1079803E-08
    0 s  254    1.220781        31.59595        31.64962        1.483192        348.3703      -0.1080788E-08
    0 s  255    1.221811        31.74685        31.49919        1.481642        349.1488      -0.1091040E-08
    0 s  256    1.222826        31.89759        31.35033        1.480092        349.9276      -0.1092283E-08
    0 s  257    1.223827        32.04817        31.20303        1.478543        350.7066      -0.1093602E-08
    0 s  258    1.224815        32.19859        31.05726        1.476995        351.4856      -0.1094999E-08
    0 s  259    1.225789        32.34885        30.91300        1.475448        352.2646      -0.1096476E-08
    0 s  260    1.226750        32.49896        30.77022        1.473902        353.0434      -0.1111021E-08
    0 s  261    1.227697        32.64891        30.62890        1.472359        353.8221      -0.1112849E-08
    0 s  262    1.228631        32.79870        30.48902        1.470817        354.6004      -0.1114758E-08
    0 s  263    1.229552        32.94833        30.35055        1.469277        355.3784      -0.1116760E-08
    0 s  264    1.230461        33.09781        30.21348        1.467740        356.1559      -0.1118855E-08
    0 s  265    1.231357        33.24713        30.07778        1.466206        356.9329      -0.1142458E-08
    0 s  266    1.232240        33.39629        29.94344        1.464674        357.7091      -0.1145040E-08
    0 s  267    1.233111        33.54530        29.81043        1.463146        358.4847      -0.1147727E-08
    0 s  268    1.233970        33.69415        29.67874        1.461621        359.2594      -0.1150520E-08
    0 s  269    1.234816        33.84285        29.54834        1.460100        360.0333      -0.1153425E-08
    0 s  270    1.235651        33.99139        29.41921        1.458582        360.8061      -0.1156441E-08
    0 s  271    1.236474        34.13978        29.29134        1.457069        361.5779      -0.1159596E-08
    0 s  272    1.237286        34.28802        29.16471        1.455560        362.3484      -0.1162849E-08
    0 s  273    1.238086        34.43610        29.03930        1.454055        363.1178      -0.1166223E-08
    0 s  274    1.238875        34.58402        28.91509        1.452554        363.8858      -0.1169722E-08
    0 s  275    1.239652        34.73180        28.79206        1.451059        364.6524      -0.1173346E-08
    0 s  276    1.240419        34.87942        28.67020        1.449568        365.4175      -0.1177100E-08
    0 s  277    1.241174        35.02689        28.54950        1.448083        366.1811      -0.1180987E-08
    0 s  278    1.241919        35.17421        28.42992        1.446603        366.9429      -0.1185008E-08
    0 s  279    1.242653        35.32138        28.31147        1.445128        367.7031      -0.1189168E-08
    0 s  280    1.243377        35.46839        28.19412        1.443659        368.4614      -0.1193469E-08
    0 s  281    1.244090        35.61526        28.07785        1.442195        369.2179      -0.1197914E-08
    0 s  282    1.244794        35.76198        27.96266        1.440738        369.9724      -0.1202505E-08
    0 s  283    1.245487        35.90855        27.84852        1.439287        370.7248      -0.1207248E-08
    0 s  284    1.246170        36.05498        27.73542        1.437841        371.4752      -0.1212143E-08
    0 s  285    1.246843        36.20125        27.62335        1.436403        372.2233      -0.1217198E-08
    0 s  286    1.247506        36.34738        27.51230        1.434970        372.9692      -0.1222410E-08
    0 s  287    1.248160        36.49337        27.40224        1.433544        373.7128      -0.1227784E-08
    0 s  288    1.248805        36.63921        27.29317        1.432125        374.4539      -0.1233324E-08
    0 s  289    1.249440        36.78490        27.18507        1.430713        375.1926      -0.1239034E-08
    0 s  290    1.250065        36.93045        27.07792        1.429308        375.9288      -0.1244715E-08
    0 s  291    1.250682        37.07586        26.97173        1.427910        376.6623      -0.1250758E-08
    0 s  292    1.251290        37.22113        26.86646        1.426519        377.3932      -0.1256978E-08
    0 s  293    1.251889        37.36625        26.76211        1.425135        378.1214      -0.1263381E-08
    0 s  294    1.252479        37.51124        26.65868        1.423759        378.8468      -0.1269968E-08
    0 s  295    1.253060        37.65608        26.55613        1.422390        379.5693      -0.1276745E-08
    0 s  296    1.253633        37.80079        26.45447        1.421029        380.2889      -0.1283714E-08
    0 s  297    1.254197        37.94536        26.35369        1.419675        381.0055      -0.1290878E-08
    0 s  298    1.254753        38.08978        26.25376        1.418330        381.7190      -0.1298755E-08
    0 s  299    1.255301        38.23408        26.15468        1.416992        382.4295      -0.1305758E-08
    0 s  300    1.255841        38.37823        26.05644        1.415661        383.1369      -0.1313533E-08
    0 s  301    1.256373        38.52225        25.95902        1.414339        383.8410      -0.1321603E-08
    0 s  302    1.256897        38.66614        25.86242        1.413025        384.5419      -0.1330050E-08
    0 s  303    1.257413        38.80990        25.76662        1.411719        385.2394      -0.1338975E-08
    0 s  304    1.257922        38.95352        25.67162        1.410421        385.9336      -0.1348503E-08
    0 s  305    1.258423        39.09700        25.57741        1.409132        386.6244      -0.1355421E-08
    0 s  306    1.258916        39.24036        25.48396        1.407851        387.3118      -0.1364482E-08
    0 s  307    1.259402        39.38359        25.39129        1.406578        387.9956      -0.1373715E-08
    0 s  308    1.259881        39.52669        25.29936        1.405313        388.6759      -0.1383254E-08
    0 s  309    1.260352        39.66966        25.20818        1.404057        389.3526      -0.1393040E-08
    0 s  310    1.260817        39.81250        25.11774        1.402810        390.0257      -0.1403077E-08
    0 s  311    1.261275        39.95521        25.02802        1.401571        390.6950      -0.1413369E-08
    0 s  312    1.261725        40.09780        24.93902        1.400340        391.3607      -0.1423926E-08
    0 s  313    1.262169        40.24027        24.85073        1.399118        392.0226      -0.1434752E-08
    0 s  314    1.262606        40.38261        24.76314        1.397905        392.6807      -0.1445855E-08
    0 s  315    1.263037        40.52483        24.67623        1.396701        393.3350      -0.1457239E-08
    0 s  316    1.263461        40.66692        24.59001        1.395505        393.9854      -0.1468904E-08
    0 s  317    1.263878        40.80889        24.50446        1.394318        394.6319      -0.1480872E-08
    0 s  318    1.264290        40.95075        24.41958        1.393140        395.2745      -0.1493144E-08
    0 s  319    1.264695        41.09248        24.33535        1.391970        395.9131      -0.1505725E-08
    0 s  320    1.265094        41.23409        24.25178        1.390810        396.5477      -0.1518626E-08
    0 s  321    1.265486        41.37559        24.16884        1.389658        397.1783      -0.1531852E-08
    0 s  322    1.265873        41.51697        24.08654        1.388515        397.8049      -0.1545414E-08
    0 s  323    1.266254        41.65823        24.00486        1.387381        398.4274      -0.1559318E-08
    0 s  324    1.266629        41.79938        23.92380        1.386255        399.0457      -0.1571596E-08
    0 s  325    1.266998        41.94042        23.84335        1.385139        399.6600      -0.1585848E-08
    0 s  326    1.267362        42.08134        23.76350        1.384031        400.2701      -0.1600419E-08
    0 s  327    1.267720        42.22214        23.68425        1.382933        400.8760      -0.1615317E-08
    0 s  328    1.268072        42.36284        23.60559        1.381843        401.4778      -0.1630545E-08
    0 s  329    1.268419        42.50343        23.52751        1.380762        402.0753      -0.1646111E-08
    0 s  330    1.268761        42.64390        23.45001        1.379690        402.6686      -0.1662017E-08
    0 s  331    1.269097        42.78427        23.37308        1.378627        403.2577      -0.1678272E-08
    0 s  332    1.269428        42.92453        23.29670        1.377572        403.8425      -0.1694878E-08
    0 s  333    1.269754        43.06468        23.22088        1.376527        404.4231      -0.1710340E-08
    0 s  334    1.270075        43.20473        23.14561        1.375490        404.9994      -0.1727664E-08
    0 s  335    1.270391        43.34467        23.07089        1.374463        405.5713      -0.1745357E-08
    0 s  336    1.270702        43.48451        22.99670        1.373444        406.1390      -0.1763426E-08
    0 s  337    1.271008        43.62424        22.92303        1.372434        406.7024      -0.1781875E-08
    0 s  338    1.271309        43.76387        22.84990        1.371432        407.2614      -0.1800712E-08
    0 s  339    1.271606        43.90340        22.77728        1.370440        407.8161      -0.1819942E-08
    0 s  340    1.271898        44.04283        22.70517        1.369456        408.3665      -0.1839572E-08
    0 s  341    1.272186        44.18216        22.63357        1.368481        408.9125      -0.1859607E-08
    0 s  342    1.272468        44.32139        22.56247        1.367515        409.4542      -0.1880052E-08
    0 s  343    1.272747        44.46052        22.49186        1.366557        409.9915      -0.1900917E-08
    0 s  344    1.273021        44.59956        22.42175        1.365608        410.5244      -0.1922205E-08
    0 s  345    1.273291        44.73850        22.35212        1.364668        411.0531      -0.1943924E-08
    0 s  346    1.273556        44.87734        22.28296        1.363737        411.5773      -0.1966081E-08
    0 s  347    1.273817        45.01609        22.21428        1.362814        412.0972      -0.1980871E-08
    0 s  348    1.274074        45.15474        22.14607        1.361899        412.6128      -0.2000676E-08
    0 s  349    1.274327        45.29330        22.07832        1.360993        413.1240      -0.2024147E-08
    0 s  350    1.274576        45.43177        22.01103        1.360096        413.6309      -0.2048084E-08
    0 s  351    1.274821        45.57015        21.94419        1.359207        414.1334      -0.2072492E-08
    0 s  352    1.275063        45.70844        21.87780        1.358327        414.6316      -0.2097378E-08
    0 s  353    1.275300        45.84664        21.81185        1.357455        415.1255      -0.2122750E-08
    0 s  354    1.275533        45.98475        21.74634        1.356591        415.6150      -0.2148615E-08
    0 s  355    1.275763        46.12278        21.68126        1.355736        416.1002      -0.2174980E-08
    0 s  356    1.275989        46.26072        21.61661        1.354888        416.5811      -0.2201852E-08
    0 s  357    1.276212        46.39857        21.55239        1.354050        417.0577      -0.2226405E-08
    0 s  358    1.276431        46.53633        21.48859        1.353219        417.5301      -0.2254179E-08
    0 s  359    1.276646        46.67401        21.42520        1.352397        417.9981      -0.2282477E-08
    0 s  360    1.276858        46.81161        21.36222        1.351583        418.4619      -0.2311308E-08
    0 s  361    1.277066        46.94913        21.29965        1.350777        418.9214      -0.2340678E-08
    0 s  362    1.277271        47.08656        21.23748        1.349979        419.3767      -0.2369648E-08
    0 s  363    1.277473        47.22392        21.17571        1.349189        419.8278      -0.2400043E-08
    0 s  364    1.277672        47.36119        21.11433        1.348406        420.2746      -0.2430997E-08
    0 s  365    1.277867        47.49838        21.05335        1.347632        420.7172      -0.2462508E-08
    0 s  366    1.278059        47.63550        20.99275        1.346866        421.1557      -0.2494601E-08
    0 s  367    1.278248        47.77254        20.93253        1.346108        421.5900      -0.2527276E-08
    0 s  368    1.278434        47.90950        20.87269        1.345357        422.0201      -0.2560541E-08
    0 s  369    1.278617        48.04638        20.81322        1.344615        422.4461      -0.2594403E-08
    0 s  370    1.278797        48.18319        20.75413        1.343879        422.8680      -0.2628871E-08
    0 s  371    1.278974        48.31993        20.69540        1.343152        423.2858      -0.2663953E-08
    0 s  372    1.279148        48.45659        20.63703        1.342432        423.6995      -0.2699658E-08
    0 s  373    1.279319        48.59318        20.57902        1.341720        424.1091      -0.2735992E-08
    0 s  374    1.279488        48.72969        20.52137        1.341015        424.5147      -0.2772969E-08
    0 s  375    1.279653        48.86614        20.46407        1.340318        424.9163      -0.2810591E-08
    0 s  376    1.279816        49.00251        20.40712        1.339628        425.3139      -0.2848870E-08
    0 s  377    1.279976        49.13881        20.35051        1.338946        425.7075      -0.2887814E-08
    0 s  378    1.280134        49.27505        20.29425        1.338271        426.0971      -0.2927405E-08
    0 s  379    1.280289        49.41121        20.23832        1.337603        426.4828      -0.2967706E-08
    0 s  380    1.280441        49.54731        20.18273        1.336942        426.8646      -0.3008699E-08
    0 s  381    1.280591        49.68335        20.12747        1.336289        427.2425      -0.3050393E-08
    0 s  382    1.280739        49.81931        20.07254        1.335643        427.6166      -0.3092797E-08
    0 s  383    1.280884        49.95521        20.01793        1.335003        427.9867      -0.3135922E-08
    0 s  384    1.281026        50.09105        19.96365        1.334371        428.3531      -0.3179775E-08
    0 s  385    1.281166        50.22682        19.90968        1.333746        428.7157      -0.3224367E-08
    0 s  386    1.281304        50.36252        19.85603        1.333128        429.0745      -0.3269707E-08
    0 s  387    1.281440        50.49817        19.80270        1.332516        429.4295      -0.3315805E-08
    0 s  388    1.281573        50.63375        19.74967        1.331911        429.7808      -0.3362672E-08
    0 s  389    1.281704        50.76928        19.69695        1.331313        430.1284      -0.3410315E-08
    0 s  390    1.281833        50.90474        19.64454        1.330722        430.4724      -0.3458746E-08
    0 s  391    1.281959        51.04014        19.59242        1.330138        430.8127      -0.3507974E-08
    0 s  392    1.282084        51.17548        19.54061        1.329560        431.1494      -0.3558011E-08
    0 s  393    1.282206        51.31076        19.48909        1.328989        431.4824      -0.3608865E-08
    0 s  394    1.282327        51.44599        19.43786        1.328424        431.8120      -0.3660548E-08
    0 s  395    1.282445        51.58116        19.38692        1.327865        432.1379      -0.3713071E-08
    0 s  396    1.282562        51.71627        19.33627        1.327313        432.4604      -0.3766441E-08
    0 s  397    1.282676        51.85133        19.28591        1.326768        432.7793      -0.3820673E-08
    0 s  398    1.282788        51.98633        19.23583        1.326228        433.0948      -0.3875775E-08
    0 s  399    1.282899        52.12127        19.18602        1.325695        433.4069      -0.3931760E-08
    0 s  400    1.283008        52.25616        19.13650        1.325168        433.7155      -0.3988637E-08
    0 s  401    1.283114        52.39100        19.08725        1.324647        434.0208      -0.4046418E-08
    0 s  402    1.283219        52.52579        19.03827        1.324132        434.3227      -0.4105113E-08
    0 s  403    1.283323        52.66052        18.98956        1.323624        434.6213      -0.4164735E-08
    0 s  404    1.283424        52.79521        18.94111        1.323121        434.9166      -0.4225295E-08
    0 s  405    1.283524        52.92984        18.89294        1.322624        435.2086      -0.4286803E-08
    0 s  406    1.283622        53.06442        18.84502        1.322133        435.4974      -0.4349272E-08
    0 s  407    1.283718        53.19895        18.79736        1.321648        435.7829      -0.4412714E-08
    0 s  408    1.283813        53.33343        18.74997        1.321169        436.0653      -0.4477140E-08
    0 s  409    1.283906        53.46786        18.70282        1.320695        436.3445      -0.4542562E-08
    0 s  410    1.283997        53.60225        18.65593        1.320227        436.6205      -0.4608992E-08
    0 s  411    1.284087        53.73659        18.60929        1.319765        436.8935      -0.4676442E-08
    0 s  412    1.284175        53.87088        18.56290        1.319308        437.1634      -0.4744925E-08
    0 s  413    1.284262        54.00513        18.51676        1.318856        437.4302      -0.4814453E-08
    0 s  414    1.284347        54.13932        18.47086        1.318411        437.6940      -0.4885038E-08
    0 s  415    1.284431        54.27348        18.42521        1.317970        437.9548      -0.4956706E-08
    0 s  416    1.284514        54.40759        18.37979        1.317535        438.2127      -0.5029435E-08
    0 s  417    1.284594        54.54165        18.33461        1.317105        438.4676      -0.5103269E-08
    0 s  418    1.284674        54.67568        18.28967        1.316681        438.7196      -0.5178212E-08
    0 s  419    1.284752        54.80966        18.24496        1.316261        438.9687      -0.5253958E-08
    0 s  420    1.284829        54.94359        18.20048        1.315847        439.2150      -0.5329952E-08
    0 s  421    1.284904        55.07749        18.15624        1.315438        439.4584      -0.5405752E-08
    0 s  422    1.284978        55.21134        18.11222        1.315034        439.6990      -0.5482587E-08
    0 s  423    1.285051        55.34515        18.06843        1.314635        439.9369      -0.5561496E-08
    0 s  424    1.285123        55.47892        18.02486        1.314241        440.1720      -0.5641124E-08
    0 s  425    1.285193        55.61266        17.98152        1.313851        440.4044      -0.5730717E-08
    0 s  426    1.285262        55.74635        17.93839        1.313467        440.6341      -0.5778325E-08
    0 s  427    1.285330        55.88000        17.89549        1.313088        440.8611      -0.5863843E-08
    0 s  428    1.285396        56.01362        17.85280        1.312713        441.0855      -0.5950880E-08
    0 s  429    1.285462        56.14720        17.81033        1.312343        441.3073      -0.6039133E-08
    0 s  430    1.285526        56.28074        17.76807        1.311977        441.5265      -0.6128657E-08
    0 s  431    1.285589        56.41424        17.72602        1.311616        441.7432      -0.6219466E-08
    0 s  432    1.285651        56.54770        17.68418        1.311260        441.9573      -0.6311576E-08
    0 s  433    1.285712        56.68113        17.64255        1.310909        442.1690      -0.6404999E-08
    0 s  434    1.285772        56.81453        17.60113        1.310561        442.3781      -0.6499772E-08
    0 s  435    1.285830        56.94789        17.55991        1.310218        442.5848      -0.6595873E-08
    0 s  436    1.285888        57.08121        17.51890        1.309880        442.7891      -0.6735794E-08
    0 s  437    1.285945        57.21450        17.47809        1.309546        442.9909      -0.6835993E-08
    0 s  438    1.286000        57.34776        17.43747        1.309216        443.1904      -0.6937617E-08
    0 s  439    1.286055        57.48098        17.39706        1.308890        443.3876      -0.7040683E-08
    0 s  440    1.286109        57.61418        17.35684        1.308569        443.5824      -0.7145207E-08
    0 s  441    1.286161        57.74733        17.31682        1.308252        443.7750      -0.7251359E-08
    0 s  442    1.286213        57.88046        17.27699        1.307939        443.9652      -0.7358785E-08
    0 s  443    1.286264        58.01355        17.23735        1.307630        444.1532      -0.7467808E-08
    0 s  444    1.286314        58.14662        17.19791        1.307325        444.3390      -0.7578355E-08
    0 s  445    1.286363        58.27965        17.15865        1.307024        444.5226      -0.7690472E-08
    0 s  446    1.286411        58.41265        17.11958        1.306726        444.7041      -0.7804112E-08
    0 s  447    1.286458        58.54562        17.08070        1.306433        444.8834      -0.7919327E-08
    0 s  448    1.286504        58.67856        17.04200        1.306144        445.0605      -0.8036212E-08
    0 s  449    1.286550        58.81148        17.00348        1.305858        445.2356      -0.8154633E-08
    0 s  450    1.286594        58.94436        16.96515        1.305576        445.4086      -0.8274735E-08
    0 s  451    1.286638        59.07721        16.92700        1.305298        445.5795      -0.8396522E-08
    0 s  452    1.286681        59.21004        16.88903        1.305024        445.7484      -0.8519947E-08
    0 s  453    1.286724        59.34284        16.85123        1.304753        445.9154      -0.8645054E-08
    0 s  454    1.286765        59.47561        16.81361        1.304486        446.0803      -0.8771863E-08
    0 s  455    1.286806        59.60836        16.77617        1.304222        446.2433      -0.8900390E-08
    0 s  456    1.286846        59.74107        16.73890        1.303962        446.4043      -0.9030862E-08
    0 s  457    1.286885        59.87377        16.70181        1.303705        446.5634      -0.9162888E-08
    0 s  458    1.286923        60.00643        16.66488        1.303452        446.7207      -0.9296704E-08
    0 s  459    1.286961        60.13907        16.62812        1.303202        446.8760      -0.9432301E-08
    0 s  460    1.286998        60.27169        16.59154        1.302955        447.0296      -0.9569711E-08
    0 s  461    1.287035        60.40428        16.55512        1.302712        447.1813      -0.9708955E-08
    0 s  462    1.287070        60.53684        16.51887        1.302472        447.3312      -0.9850051E-08
    0 s  463    1.287105        60.66938        16.48278        1.302235        447.4793      -0.9993018E-08
    0 s  464    1.287140        60.80190        16.44685        1.302002        447.6257      -0.1013788E-07
    0 s  465    1.287173        60.93439        16.41109        1.301772        447.7703      -0.1028468E-07
    0 s  466    1.287206        61.06686        16.37549        1.301544        447.9132      -0.1043338E-07
    0 s  467    1.287239        61.19931        16.34005        1.301320        448.0544      -0.1058404E-07
    0 s  468    1.287271        61.33173        16.30477        1.301099        448.1940      -0.1073667E-07
    0 s  469    1.287302        61.46414        16.26965        1.300881        448.3319      -0.1089129E-07
    0 s  470    1.287333        61.59652        16.23468        1.300666        448.4681      -0.1104792E-07
    0 s  471    1.287363        61.72888        16.19987        1.300454        448.6028      -0.1120659E-07
    0 s  472    1.287392        61.86121        16.16522        1.300245        448.7358      -0.1136737E-07
    0 s  473    1.287421        61.99353        16.13072        1.300038        448.8673      -0.1153018E-07
    0 s  474    1.287449        62.12582        16.09637        1.299835        448.9972      -0.1169509E-07
    0 s  475    1.287477        62.25810        16.06217        1.299634        449.1256      -0.1186211E-07
    0 s  476    1.287504        62.39035        16.02812        1.299436        449.2525      -0.1203127E-07
    0 s  477    1.287531        62.52258        15.99422        1.299241        449.3779      -0.1220259E-07
    0 s  478    1.287557        62.65480        15.96047        1.299049        449.5018      -0.1237608E-07
    0 s  479    1.287583        62.78699        15.92687        1.298859        449.6242      -0.1255187E-07
    0 s  480    1.287608        62.91917        15.89341        1.298672        449.7452      -0.1272978E-07
    0 s  481    1.287633        63.05133        15.86009        1.298487        449.8648      -0.1291005E-07
    0 s  482    1.287657        63.18346        15.82693        1.298305        449.9829      -0.1309252E-07
    0 s  483    1.287681        63.31558        15.79390        1.298126        450.0997      -0.1327730E-07
    0 s  484    1.287704        63.44768        15.76102        1.297949        450.2151      -0.1346439E-07
    0 s  485    1.287727        63.57977        15.72827        1.297774        450.3292      -0.1365383E-07
    0 s  486    1.287750        63.71183        15.69567        1.297602        450.4419      -0.1384564E-07
    0 s  487    1.287772        63.84388        15.66321        1.297433        450.5533      -0.1404004E-07
    0 s  488    1.287793        63.97591        15.63088        1.297266        450.6634      -0.1423667E-07
    0 s  489    1.287814        64.10793        15.59869        1.297101        450.7723      -0.1443575E-07
    0 s  490    1.287835        64.23993        15.56664        1.296938        450.8798      -0.1463728E-07
    0 s  491    1.287855        64.37191        15.53473        1.296778        450.9861      -0.1484131E-07
    0 s  492    1.287875        64.50387        15.50295        1.296620        451.0912      -0.1504784E-07
    0 s  493    1.287895        64.63582        15.47130        1.296465        451.1950      -0.1525691E-07
    0 s  494    1.287914        64.76775        15.43978        1.296311        451.2977      -0.1546854E-07
    0 s  495    1.287932        64.89967        15.40840        1.296160        451.3991      -0.1568276E-07
    0 s  496    1.287951        65.03158        15.37715        1.296011        451.4994      -0.1589959E-07
    0 s  497    1.287969        65.16346        15.34602        1.295864        451.5985      -0.1611905E-07
    0 s  498    1.287986        65.29534        15.31503        1.295719        451.6965      -0.1634118E-07
    0 s  499    1.288003        65.42719        15.28416        1.295576        451.7934      -0.1656599E-07
    0 s  500    1.288020        65.55904        15.25343        1.295435        451.8891      -0.1679351E-07
    0 s  501    1.288037        65.69087        15.22282        1.295296        451.9838      -0.1702376E-07
    0 s  502    1.288053        65.82268        15.19233        1.295160        452.0773      -0.1725642E-07
    0 s  503    1.288069        65.95448        15.16197        1.295025        452.1698      -0.1749215E-07
    0 s  504    1.288084        66.08627        15.13174        1.294892        452.2613      -0.1773093E-07
    0 s  505    1.288100        66.21805        15.10162        1.294761        452.3517      -0.1797241E-07
    0 s  506    1.288114        66.34981        15.07163        1.294632        452.4410      -0.1821676E-07
    0 s  507    1.288129        66.48156        15.04177        1.294505        452.5294      -0.1846401E-07
    0 s  508    1.288143        66.61329        15.01202        1.294380        452.6167      -0.1871419E-07
    0 s  509    1.288157        66.74501        14.98239        1.294256        452.7031      -0.1896732E-07
    0 s  510    1.288171        66.87672        14.95289        1.294135        452.7885      -0.1922343E-07
    0 s  511    1.288184        67.00842        14.92350        1.294015        452.8729      -0.1948255E-07
    0 s  512    1.288197        67.14011        14.89423        1.293896        452.9564      -0.1974470E-07
    0 s  513    1.288210        67.27178        14.86507        1.293780        453.0389      -0.2000993E-07
    0 s  514    1.288223        67.40344        14.83604        1.293665        453.1206      -0.2027824E-07
    0 s  515    1.288235        67.53509        14.80712        1.293552        453.2013      -0.2054968E-07
    0 s  516    1.288247        67.66673        14.77831        1.293441        453.2811      -0.2082427E-07
    0 s  517    1.288259        67.79836        14.74962        1.293331        453.3600      -0.2110205E-07
    0 s  518    1.288270        67.92998        14.72104        1.293223        453.4381      -0.2138303E-07
    0 s  519    1.288281        68.06158        14.69258        1.293116        453.5152      -0.2166724E-07
    0 s  520    1.288292        68.19318        14.66422        1.293011        453.5916      -0.2195473E-07
    0 s  521    1.288303        68.32476        14.63598        1.292908        453.6671      -0.2224551E-07
    0 s  522    1.288314        68.45634        14.60785        1.292806        453.7417      -0.2253962E-07
    0 s  523    1.288324        68.58790        14.57983        1.292706        453.8156      -0.2283707E-07
    0 s  524    1.288334        68.71945        14.55192        1.292607        453.8886      -0.2313788E-07
    0 s  525    1.288344        68.85100        14.52412        1.292509        453.9609      -0.2344224E-07
    0 s  526    1.288353        68.98253        14.49642        1.292413        454.0323      -0.2374996E-07
    0 s  527    1.288363        69.11406        14.46884        1.292319        454.1030      -0.2406125E-07
    0 s  528    1.288372        69.24557        14.44136        1.292226        454.1729      -0.2437617E-07
    0 s  529    1.288381        69.37708        14.41398        1.292134        454.2421      -0.2469469E-07
    0 s  530    1.288390        69.50857        14.38671        1.292043        454.3105      -0.2501680E-07
    0 s  531    1.288398        69.64006        14.35955        1.291954        454.3782      -0.2534252E-07
    0 s  532    1.288406        69.77154        14.33249        1.291867        454.4452      -0.2567189E-07
    0 s  533    1.288415        69.90301        14.30554        1.291780        454.5114      -0.2600495E-07
    0 s  534    1.288423        70.03447        14.27868        1.291695        454.5769      -0.2634172E-07
    0 s  535    1.288430        70.16592        14.25193        1.291611        454.6418      -0.2668223E-07
    0 s  536    1.288438        70.29736        14.22529        1.291529        454.7059      -0.2702649E-07
    0 s  537    1.288445        70.42880        14.19874        1.291447        454.7694      -0.2737454E-07
    0 s  538    1.288453        70.56022        14.17229        1.291367        454.8322      -0.2772649E-07
    0 s  539    1.288460        70.69164        14.14594        1.291288        454.8944      -0.2808206E-07
    0 s  540    1.288467        70.82305        14.11970        1.291211        454.9559      -0.2844183E-07
    0 s  541    1.288473        70.95445        14.09355        1.291134        455.0168      -0.2880548E-07
    0 s  542    1.288480        71.08585        14.06750        1.291059        455.0770      -0.2917307E-07
    0 s  543    1.288486        71.21724        14.04154        1.290985        455.1366      -0.2954456E-07
    0 s  544    1.288492        71.34862        14.01569        1.290912        455.1956      -0.2992012E-07
    0 s  545    1.288499        71.47999        13.98993        1.290840        455.2540      -0.3029975E-07
    0 s  546    1.288504        71.61135        13.96427        1.290769        455.3118      -0.3068351E-07
    0 s  547    1.288510        71.74271        13.93870        1.290699        455.3690      -0.3107142E-07
    0 s  548    1.288516        71.87406        13.91322        1.290630        455.4256      -0.3146347E-07
    0 s  549    1.288521        72.00541        13.88785        1.290563        455.4817      -0.3185958E-07
    0 s  550    1.288527        72.13674        13.86256        1.290496        455.5372      -0.3226104E-07
    0 s  551    1.288532        72.26807        13.83737        1.290430        455.5921      -0.3266600E-07
    0 s  552    1.288537        72.39940        13.81227        1.290366        455.6464      -0.3307528E-07
    0 s  553    1.288542        72.53072        13.78726        1.290302        455.7003      -0.3348893E-07
    0 s  554    1.288547        72.66203        13.76235        1.290240        455.7536      -0.3390699E-07
    0 s  555    1.288551        72.79333        13.73752        1.290178        455.8063      -0.3432948E-07
    0 s  556    1.288556        72.92463        13.71279        1.290117        455.8585      -0.3475645E-07
    0 s  557    1.288560        73.05592        13.68814        1.290057        455.9103      -0.3518793E-07
    0 s  558    1.288565        73.18721        13.66359        1.289999        455.9615      -0.3562385E-07
    0 s  559    1.288569        73.31849        13.63912        1.289941        456.0122      -0.3606446E-07
    0 s  560    1.288573        73.44976        13.61475        1.289884        456.0624      -0.3650972E-07
    0 s  561    1.288577        73.58103        13.59046        1.289827        456.1121      -0.3695968E-07
    0 s  562    1.288581        73.71230        13.56626        1.289772        456.1614      -0.3741438E-07
    0 s  563    1.288584        73.84355        13.54214        1.289718        456.2101      -0.3787390E-07
    0 s  564    1.288588        73.97481        13.51812        1.289664        456.2584      -0.3833826E-07
    0 s  565    1.288592        74.10605        13.49417        1.289611        456.3063      -0.3880691E-07
    0 s  566    1.288595        74.23729        13.47032        1.289559        456.3537      -0.3928077E-07
    0 s  567    1.288598        74.36853        13.44655        1.289508        456.4006      -0.3975954E-07
    0 s  568    1.288601        74.49976        13.42286        1.289458        456.4471      -0.4024321E-07
    0 s  569    1.288605        74.63099        13.39926        1.289408        456.4932      -0.4073228E-07
    0 s  570    1.288608        74.76221        13.37574        1.289360        456.5388      -0.4122569E-07
    0 s  571    1.288611        74.89342        13.35231        1.289312        456.5840      -0.4172422E-07
    0 s  572    1.288613        75.02464        13.32896        1.289264        456.6287      -0.4222883E-07
    0 s  573    1.288616        75.15584        13.30569        1.289218        456.6731      -0.4273712E-07
    0 s  574    1.288619        75.28704        13.28250        1.289172        456.7171      -0.4325132E-07
    0 s  575    1.288621        75.41824        13.25939        1.289127        456.7606      -0.4377076E-07
    0 s  576    1.288624        75.54943        13.23637        1.289083        456.8038      -0.4429548E-07
    0 s  577    1.288626        75.68062        13.21342        1.289039        456.8465      -0.4482550E-07
    0 s  578    1.288628        75.81181        13.19056        1.288996        456.8889      -0.4536089E-07
    0 s  579    1.288631        75.94299        13.16777        1.288954        456.9309      -0.4590168E-07
    0 s  580    1.288633        76.07416        13.14507        1.288912        456.9725      -0.4644754E-07
    0 s  581    1.288635        76.20533        13.12244        1.288871        457.0137      -0.4699961E-07
    0 s  582    1.288637        76.33650        13.09989        1.288831        457.0546      -0.4755670E-07
    0 s  583    1.288639        76.46766        13.07742        1.288791        457.0951      -0.4811948E-07
    0 s  584    1.288641        76.59882        13.05503        1.288752        457.1352      -0.4868790E-07
    0 s  585    1.288642        76.72998        13.03272        1.288714        457.1750      -0.4926198E-07
    0 s  586    1.288644        76.86113        13.01048        1.288676        457.2145      -0.4984175E-07
    0 s  587    1.288646        76.99227        12.98832        1.288639        457.2536      -0.5042729E-07
    0 s  588    1.288647        77.12342        12.96623        1.288602        457.2923      -0.5101862E-07
    0 s  589    1.288649        77.25456        12.94422        1.288566        457.3308      -0.5161579E-07
    0 s  590    1.288650        77.38569        12.92229        1.288531        457.3689      -0.5221885E-07
    0 s  591    1.288651        77.51683        12.90042        1.288496        457.4066      -0.5282784E-07
    0 s  592    1.288653        77.64796        12.87864        1.288462        457.4441      -0.5344281E-07
    0 s  593    1.288654        77.77908        12.85693        1.288428        457.4812      -0.5406380E-07
    0 s  594    1.288655        77.91020        12.83529        1.288395        457.5180      -0.5469086E-07
    0 s  595    1.288656        78.04132        12.81372        1.288362        457.5545      -0.5532405E-07
    0 s  596    1.288657        78.17244        12.79223        1.288330        457.5907      -0.5596338E-07
    0 s  597    1.288658        78.30355        12.77081        1.288298        457.6266      -0.5660892E-07
    0 s  598    1.288659        78.43466        12.74947        1.288267        457.6623      -0.5726074E-07
    0 s  599    1.288660        78.56577        12.72819        1.288236        457.6976      -0.5791886E-07
    0 s  600    1.288661        78.69687        12.70699        1.288206        457.7326      -0.5858334E-07
    0 s  601    1.288662        78.82797        12.68585        1.288177        457.7673      -0.5925422E-07
    0 s  602    1.288662        78.95907        12.66479        1.288148        457.8018      -0.5993156E-07
    0 s  603    1.288663        79.09016        12.64380        1.288119        457.8360      -0.6061536E-07
    0 s  604    1.288664        79.22125        12.62288        1.288091        457.8699      -0.6130575E-07
    0 s  605    1.288664        79.35234        12.60202        1.288063        457.9035      -0.6200273E-07
    0 s  606    1.288665        79.48343        12.58124        1.288036        457.9368      -0.6270637E-07
    0 s  607    1.288665        79.61451        12.56052        1.288009        457.9699      -0.6341672E-07
    0 s  608    1.288666        79.74559        12.53988        1.287982        458.0028      -0.6413383E-07
    0 s  609    1.288666        79.87667        12.51930        1.287956        458.0353      -0.6485775E-07
    0 s  610    1.288667        80.00774        12.49879        1.287931        458.0677      -0.6558842E-07
    0 s  611    1.288667        80.13882        12.47835        1.287906        458.0997      -0.6632606E-07
    0 s  612    1.288667        80.26989        12.45797        1.287881        458.1316      -0.6707060E-07
    0 s  613    1.288667        80.40095        12.43766        1.287856        458.1631      -0.6782221E-07
    0 s  614    1.288668        80.53202        12.41742        1.287833        458.1945      -0.6858087E-07
    0 s  615    1.288668        80.66308        12.39725        1.287809        458.2256      -0.6934665E-07
    0 s  616    1.288668        80.79414        12.37714        1.287786        458.2564      -0.7011960E-07
    0 s  617    1.288668        80.92520        12.35709        1.287763        458.2871      -0.7089977E-07
    0 s  618    1.288668        81.05626        12.33711        1.287741        458.3175      -0.7168714E-07
    0 s  619    1.288668        81.18731        12.31720        1.287719        458.3476      -0.7248188E-07
    0 s  620    1.288668        81.31836        12.29735        1.287697        458.3776      -0.7328400E-07
    0 s  621    1.288668        81.44941        12.27756        1.287676        458.4073      -0.7409335E-07
    0 s  622    1.288668        81.58046        12.25784        1.287655        458.4368      -0.7491038E-07
    0 s  623    1.288668        81.71150        12.23818        1.287634        458.4661      -0.7573495E-07
    0 s  624    1.288668        81.84254        12.21858        1.287614        458.4952      -0.7656711E-07
    0 s  625    1.288667        81.97358        12.19905        1.287594        458.5240      -0.7740691E-07
    0 s  626    1.288667        82.10462        12.17958        1.287574        458.5527      -0.7825443E-07
    0 s  627    1.288667        82.23566        12.16017        1.287555        458.5811      -0.7910970E-07
    0 s  628    1.288667        82.36670        12.14083        1.287536        458.6094      -0.7997273E-07
    0 s  629    1.288666        82.49773        12.12155        1.287517        458.6374      -0.8084369E-07
    0 s  630    1.288666        82.62876        12.10232        1.287499        458.6653      -0.8172257E-07
    0 s  631    1.288666        82.75979        12.08316        1.287481        458.6929      -0.8260905E-07
    0 s  632    1.288665        82.89082        12.06406        1.287463        458.7204      -0.8350394E-07
    0 s  633    1.288665        83.02184        12.04502        1.287446        458.7477      -0.8440510E-07
    0 s  634    1.288664        83.15287        12.02604        1.287429        458.7748      -0.8531615E-07
    0 s  635    1.288664        83.28389        12.00712        1.287412        458.8016      -0.8623534E-07
    0 s  636    1.288663        83.41491        11.98826        1.287395        458.8284      -0.8716287E-07
    0 s  637    1.288663        83.54593        11.96946        1.287379        458.8549      -0.8809872E-07
    0 s  638    1.288662        83.67695        11.95072        1.287363        458.8812      -0.8904295E-07
    0 s  639    1.288662        83.80796        11.93204        1.287347        458.9074      -0.8999563E-07
    0 s  640    1.288661        83.93898        11.91342        1.287332        458.9334      -0.9095681E-07
    0 s  641    1.288661        84.06999        11.89485        1.287317        458.9592      -0.9192656E-07
    0 s  642    1.288660        84.20100        11.87634        1.287302        458.9849      -0.9290493E-07
    0 s  643    1.288659        84.33201        11.85789        1.287287        459.0103      -0.9389198E-07
    0 s  644    1.288659        84.46302        11.83950        1.287273        459.0356      -0.9488778E-07
    0 s  645    1.288658        84.59403        11.82117        1.287258        459.0608      -0.9589238E-07
    0 s  646    1.288657        84.72503        11.80289        1.287245        459.0858      -0.9690585E-07
    0 s  647    1.288657        84.85604        11.78467        1.287231        459.1106      -0.9792824E-07
    0 s  648    1.288656        84.98704        11.76650        1.287217        459.1352      -0.9895963E-07
    0 s  649    1.288655        85.11804        11.74839        1.287204        459.1597      -0.1000001E-06
    0 s  650    1.288654        85.24904        11.73034        1.287191        459.1841      -0.1010496E-06
    0 s  651    1.288653        85.38004        11.71234        1.287178        459.2083      -0.1021083E-06
    0 s  652    1.288653        85.51104        11.69440        1.287166        459.2323      -0.1031763E-06
    0 s  653    1.288652        85.64203        11.67651        1.287153        459.2562      -0.1042535E-06
    0 s  654    1.288651        85.77303        11.65868        1.287141        459.2799      -0.1053401E-06
    0 s  655    1.288650        85.90402        11.64090        1.287129        459.3035      -0.1064362E-06
    0 s  656    1.288649        86.03501        11.62317        1.287117        459.3269      -0.1075418E-06
    0 s  657    1.288648        86.16601        11.60550        1.287106        459.3502      -0.1086569E-06
    0 s  658    1.288647        86.29700        11.58789        1.287094        459.3734      -0.1097817E-06
    0 s  659    1.288647        86.42799        11.57033        1.287083        459.3964      -0.1109161E-06
    0 s  660    1.288646        86.55897        11.55282        1.287072        459.4193      -0.1120603E-06
    0 s  661    1.288645        86.68996        11.53536        1.287062        459.4420      -0.1132143E-06
    0 s  662    1.288644        86.82095        11.51796        1.287051        459.4646      -0.1143782E-06
    0 s  663    1.288643        86.95193        11.50061        1.287041        459.4871      -0.1155520E-06
    0 s  664    1.288642        87.08292        11.48331        1.287030        459.5094      -0.1167359E-06
    0 s  665    1.288641        87.21390        11.46606        1.287020        459.5316      -0.1179298E-06
    0 s  666    1.288640        87.34488        11.44887        1.287010        459.5536      -0.1191339E-06
    0 s  667    1.288639        87.47586        11.43172        1.287001        459.5756      -0.1203483E-06
    0 s  668    1.288638        87.60684        11.41463        1.286991        459.5974      -0.1215729E-06
    0 s  669    1.288637        87.73782        11.39759        1.286982        459.6190      -0.1228079E-06
    0 s  670    1.288636        87.86880        11.38060        1.286973        459.6406      -0.1240533E-06
    0 s  671    1.288635        87.99978        11.36366        1.286964        459.6620      -0.1253092E-06
    0 s  672    1.288633        88.13075        11.34678        1.286955        459.6833      -0.1265756E-06
    0 s  673    1.288632        88.26173        11.32994        1.286946        459.7045      -0.1278527E-06
    0 s  674    1.288631        88.39271        11.31315        1.286938        459.7256      -0.1291405E-06
    0 s  675    1.288630        88.52368        11.29641        1.286929        459.7465      -0.1304391E-06
    0 s  676    1.288629        88.65465        11.27972        1.286921        459.7673      -0.1317485E-06
    0 s  677    1.288628        88.78562        11.26308        1.286913        459.7880      -0.1330689E-06
    0 s  678    1.288627        88.91660        11.24649        1.286905        459.8086      -0.1344002E-06
    0 s  679    1.288626        89.04757        11.22995        1.286897        459.8291      -0.1357426E-06
    0 s  680    1.288625        89.17854        11.21346        1.286889        459.8495      -0.1370961E-06
    0 s  681    1.288623        89.30951        11.19702        1.286882        459.8697      -0.1384608E-06
    0 s  682    1.288622        89.44048        11.18062        1.286874        459.8899      -0.1398368E-06
    0 s  683    1.288621        89.57144        11.16427        1.286867        459.9099      -0.1412241E-06
    0 s  684    1.288620        89.70241        11.14797        1.286860        459.9298      -0.1426229E-06
    0 s  685    1.288619        89.83338        11.13172        1.286853        459.9496      -0.1440332E-06
    0 s  686    1.288618        89.96434        11.11551        1.286846        459.9693      -0.1454550E-06
    0 s  687    1.288616        90.09531        11.09936        1.286839        459.9889      -0.1468885E-06
    0 s  688    1.288615        90.22627        11.08325        1.286832        460.0084      -0.1483337E-06
    0 s  689    1.288614        90.35724        11.06718        1.286826        460.0278      -0.1497907E-06
    0 s  690    1.288613        90.48820        11.05116        1.286819        460.0471      -0.1512595E-06
    0 s  691    1.288612        90.61916        11.03519        1.286813        460.0663      -0.1527403E-06
    0 s  692    1.288610        90.75012        11.01927        1.286807        460.0854      -0.1542330E-06
    0 s  693    1.288609        90.88109        11.00339        1.286801        460.1044      -0.1557379E-06
    0 s  694    1.288608        91.01205        10.98756        1.286795        460.1232      -0.1572549E-06
    0 s  695    1.288607        91.14301        10.97177        1.286789        460.1420      -0.1587841E-06
    0 s  696    1.288606        91.27397        10.95603        1.286783        460.1607      -0.1603256E-06
    0 s  697    1.288604        91.40493        10.94033        1.286777        460.1793      -0.1618794E-06
    0 s  698    1.288603        91.53588        10.92468        1.286772        460.1978      -0.1634457E-06
    0 s  699    1.288602        91.66684        10.90907        1.286766        460.2162      -0.1650262E-06
    0 s  700    1.288601        91.79780        10.89351        1.286761        460.2345      -0.1666180E-06
    0 s  701    1.288599        91.92876        10.87799        1.286756        460.2527      -0.1682225E-06
    0 s  702    1.288598        92.05971        10.86251        1.286751        460.2709      -0.1698396E-06
    0 s  703    1.288597        92.19067        10.84708        1.286746        460.2889      -0.1714698E-06
    0 s  704    1.288596        92.32163        10.83170        1.286741        460.3069      -0.1731416E-06
    0 s  705    1.288594        92.45258        10.81636        1.286736        460.3247      -0.1747987E-06
    0 s  706    1.288593        92.58354        10.80106        1.286731        460.3425      -0.1764690E-06
    0 s  707    1.288592        92.71449        10.78580        1.286726        460.3601      -0.1781526E-06
    0 s  708    1.288591        92.84544        10.77059        1.286722        460.3777      -0.1798494E-06
    0 s  709    1.288589        92.97640        10.75542        1.286717        460.3952      -0.1815597E-06
    0 s  710    1.288588        93.10735        10.74029        1.286713        460.4127      -0.1832834E-06
    0 s  711    1.288587        93.23830        10.72521        1.286708        460.4300      -0.1850207E-06
    0 s  712    1.288585        93.36926        10.71016        1.286704        460.4472      -0.1867714E-06
    0 s  713    1.288584        93.50021        10.69516        1.286700        460.4644      -0.1885361E-06
    0 s  714    1.288583        93.63116        10.68021        1.286696        460.4815      -0.1903146E-06
    0 s  715    1.288582        93.76211        10.66529        1.286692        460.4985      -0.1921070E-06
    0 s  716    1.288580        93.89306        10.65041        1.286688        460.5154      -0.1939134E-06
    0 s  717    1.288579        94.02401        10.63558        1.286684        460.5322      -0.1957341E-06
    0 s  718    1.288578        94.15496        10.62079        1.286680        460.5490      -0.1975687E-06
    0 s  719    1.288577        94.28591        10.60604        1.286676        460.5657      -0.1994176E-06
    0 s  720    1.288575        94.41686        10.59133        1.286672        460.5822      -0.2012808E-06
    0 s  721    1.288574        94.54781        10.57666        1.286669        460.5988      -0.2031584E-06
    0 s  722    1.288573        94.67876        10.56203        1.286665        460.6152      -0.2050505E-06
    0 s  723    1.288571        94.80971        10.54744        1.286662        460.6316      -0.2069572E-06
    0 s  724    1.288570        94.94065        10.53290        1.286658        460.6479      -0.2088786E-06
    0 s  725    1.288569        95.07160        10.51839        1.286655        460.6641      -0.2108148E-06
    0 s  726    1.288567        95.20255        10.50392        1.286652        460.6802      -0.2127658E-06
    0 s  727    1.288566        95.33350        10.48949        1.286648        460.6962      -0.2147318E-06
    0 s  728    1.288565        95.46444        10.47510        1.286645        460.7122      -0.2167133E-06
    0 s  729    1.288564        95.59539        10.46076        1.286642        460.7281      -0.2187095E-06
    0 s  730    1.288562        95.72634        10.44645        1.286639        460.7440      -0.2207209E-06
    0 s  731    1.288561        95.85728        10.43218        1.286636        460.7597      -0.2227475E-06
    0 s  732    1.288560        95.98823        10.41794        1.286633        460.7754      -0.2247896E-06
    0 s  733    1.288558        96.11917        10.40375        1.286630        460.7910      -0.2268472E-06
    0 s  734    1.288557        96.25012        10.38960        1.286627        460.8066      -0.2289203E-06
    0 s  735    1.288556        96.38106        10.37548        1.286625        460.8221      -0.2310092E-06
    0 s  736    1.288555        96.51201        10.36141        1.286622        460.8375      -0.2331138E-06
    0 s  737    1.288553        96.64295        10.34737        1.286619        460.8528      -0.2352342E-06
    0 s  738    1.288552        96.77390        10.33337        1.286617        460.8681      -0.2373706E-06
    0 s  739    1.288551        96.90484        10.31940        1.286614        460.8833      -0.2395246E-06
    0 s  740    1.288549        97.03578        10.30548        1.286612        460.8984      -0.2416933E-06
    0 s  741    1.288548        97.16673        10.29159        1.286609        460.9135      -0.2438782E-06
    0 s  742    1.288547        97.29767        10.27774        1.286607        460.9285      -0.2460794E-06
    0 s  743    1.288546        97.42861        10.26393        1.286604        460.9434      -0.2482971E-06
    0 s  744    1.288544        97.55956        10.25015        1.286602        460.9583      -0.2505313E-06
    0 s  745    1.288543        97.69050        10.23641        1.286600        460.9731      -0.2527821E-06
    0 s  746    1.288542        97.82144        10.22271        1.286598        460.9878      -0.2550496E-06
    0 s  747    1.288540        97.95239        10.20904        1.286595        461.0024      -0.2573339E-06
    0 s  748    1.288539        98.08333        10.19541        1.286593        461.0170      -0.2596352E-06
    0 s  749    1.288538        98.21427        10.18182        1.286591        461.0316      -0.2619535E-06
    0 s  750    1.288537        98.34521        10.16826        1.286589        461.0461      -0.2642889E-06
    0 s  751    1.288535        98.47615        10.15474        1.286587        461.0605      -0.2666449E-06
    0 s  752    1.288534        98.60710        10.14126        1.286585        461.0748      -0.2690155E-06
    0 s  753    1.288533        98.73804        10.12781        1.286583        461.0891      -0.2714032E-06
    0 s  754    1.288531        98.86898        10.11440        1.286581        461.1033      -0.2738081E-06
    0 s  755    1.288530        98.99992        10.10102        1.286579        461.1175      -0.2762307E-06
    0 s  756    1.288529        99.13086        10.08768        1.286578        461.1316      -0.2786709E-06
    0 s  757    1.288528        99.26180        10.07437        1.286576        461.1456      -0.2811290E-06
    0 s  758    1.288526        99.39274        10.06110        1.286574        461.1596      -0.2836054E-06
    0 s  759    1.288525        99.52368        10.04786        1.286572        461.1735      -0.2860989E-06
    0 s  760    1.288524        99.65462        10.03466        1.286571        461.1873      -0.2886110E-06
    0 s  761    1.288523        99.78557        10.02149        1.286569        461.2011      -0.2911414E-06
    0 s  762    1.288521        99.91651        10.00836        1.286567        461.2149      -0.2936901E-06
    0 s  763    1.288520        100.0474        9.995258        1.286566        461.2285      -0.2962572E-06
