#integration precision =  0.1000E-07  root precision =  0.1000E-07  gravity cut off =  0.8262E-02 rad/s
#mode        phs vel       w(mhz)          t(secs)      grp vel(km/s)        q             raylquo
    0 s    3   0.3535185       0.1256887        7956.165       0.3818160        3711.524      -0.2551210E-07
    0 s    4   0.3584552       0.1638564        6102.904       0.3695590        3687.763      -0.9034036E-08
    0 s    5   0.3593244       0.2007546        4981.207       0.3567081        3699.236      -0.1734923E-07
    0 s    6   0.3578852       0.2363051        4231.818       0.3430478        3707.386      -0.3159090E-07
    0 s    7   0.3549668       0.2704363        3697.729       0.3288238        3697.901      -0.5447742E-07
    0 s    8   0.3510468       0.3031098        3299.135       0.3144177        3662.281      -0.8942220E-07
    0 s    9   0.3464440       0.3343279        2991.076       0.3002396        3594.497      -0.1406280E-06
    0 s   10   0.3413940       0.3641340        2746.242       0.2866826        3490.841      -0.2130297E-06
    0 s   11   0.3360834       0.3926096        2547.060       0.2740994        3350.532      -0.3123584E-06
    0 s   12   0.3306650       0.4198694        2381.693       0.2627913        3176.219      -0.4310741E-06
    0 s   13   0.3252667       0.4460559        2241.871       0.2530045        2973.885      -0.5829321E-06
    0 s   14   0.3199962       0.4713341        2121.637       0.2449323        2752.047      -0.7974941E-06
    0 s   15   0.3149443       0.4958855        2016.594       0.2387147        2520.425      -0.1068346E-05
    0 s   16   0.3101867       0.5199039        1923.432       0.2344459        2288.480      -0.1404069E-05
    0 s   17   0.3057860       0.5435902        1839.621       0.2321784        2064.255      -0.1813188E-05
    0 s   18   0.3017932       0.5671490        1763.205       0.2319288        1853.718      -0.2303841E-05
    0 s   19   0.2982487       0.5907847        1692.664       0.2336816        1660.637      -0.2883450E-05
    0 s   20   0.2951848       0.6147008        1626.808       0.2373925        1486.832      -0.3968435E-06
    0 s   21   0.2926224       0.6390901        1564.725       0.2429992        1332.574      -0.4770957E-06
    0 s   22   0.2905779       0.6641423        1505.701       0.2504144        1197.115      -0.5666423E-06
    0 s   23   0.2890601       0.6900364        1449.199       0.2595362        1079.064      -0.6653163E-06
    0 s   24   0.2880718       0.7169400        1394.817       0.2702497        976.7115      -0.7727599E-06
    0 s   25   0.2876108       0.7450087        1342.266       0.2824304        888.2525      -0.8884376E-06
    0 s   26   0.2876704       0.7743852        1291.347       0.2959471        811.9290      -0.1011341E-05
    0 s   27   0.2882400       0.8051984        1241.930       0.3106651        746.1081      -0.1139890E-05
    0 s   28   0.2893058       0.8375639        1193.939       0.3264493        689.3203      -0.1274476E-05
    0 s   29   0.2908512       0.8715832        1147.337       0.3431672        640.2718      -0.1414967E-05
    0 s   30   0.2928576       0.9073448        1102.117       0.3606897        597.8390      -0.1559353E-05
    0 s   31   0.2953048       0.9449242        1058.286       0.3788946        561.0563      -0.1706674E-05
    0 s   32   0.2981712       0.9843852        1015.863       0.3976671        529.0994      -0.1856011E-05
    0 s   33   0.3014348        1.025780        974.8680       0.4169012        501.2672      -0.2006514E-05
    0 s   34   0.3050735        1.069152        935.3205       0.4364963        476.9673      -0.4451864E-06
    0 s   35   0.3090638        1.114532        897.2378       0.4563721        455.6924      -0.2159515E-06
    0 s   36   0.3133836        1.161944        860.6269       0.4764482        437.0175      -0.2379290E-06
    0 s   37   0.3180110        1.211405        825.4876       0.4966554        420.5813      -0.2608069E-06
    0 s   38   0.3229248        1.262927        791.8117       0.5169335        406.0774      -0.2845399E-06
    0 s   39   0.3287754        1.319205        758.0321       0.5359155        394.8657      -0.1636850E-05
    0 s   40   0.3341524        1.374724        727.4187       0.5562521        383.2995      -0.1697310E-05
    0 s   41   0.3397602        1.432309        698.1735       0.5765223        373.0187      -0.1755132E-05
    0 s   42   0.3455808        1.491951        670.2634       0.5966932        363.8583      -0.1810365E-05
    0 s   43   0.3515967        1.553639        643.6503       0.6167370        355.6765      -0.1863080E-05
    0 s   44   0.3577917        1.617358        618.2922       0.6366306        348.3520      -0.1913369E-05
    0 s   45   0.3641504        1.683093        594.1441       0.6563548        341.7802      -0.1961338E-05
    0 s   46   0.3706585        1.750826        571.1591       0.6758934        335.8710      -0.2007100E-05
    0 s   47   0.3773025        1.820536        549.2888       0.6952335        330.5464      -0.2050774E-05
    0 s   48   0.3840697        1.892203        528.4845       0.7143644        325.7390      -0.2092483E-05
    0 s   49   0.3909483        1.965806        508.6973       0.7332774        321.3900      -0.2132348E-05
    0 s   50   0.3979274        2.041321        489.8789       0.7519656        317.4482      -0.2170488E-05
    0 s   51   0.4049974        2.118729        471.9810       0.7704219        313.8706      -0.3630417E-06
    0 s   52   0.4121474        2.198001        454.9589       0.7886451        310.6154      -0.9832711E-07
    0 s   53   0.4193689        2.279114        438.7671       0.8066307        307.6494      -0.1032058E-06
    0 s   54   0.4266537        2.362044        423.3621       0.8243761        304.9427      -0.1081614E-06
    0 s   55   0.4339940        2.446767        408.7025       0.8418798        302.4688      -0.1131936E-06
    0 s   56   0.4413825        2.533259        394.7484       0.8591405        300.2043      -0.1182973E-06
    0 s   57   0.4488126        2.621494        381.4619       0.8761576        298.1285      -0.1234678E-06
    0 s   58   0.4562779        2.711448        368.8066       0.8929310        296.2231      -0.1286855E-06
    0 s   59   0.4637725        2.803096        356.7484       0.9094607        294.4717      -0.1339308E-06
    0 s   60   0.4712910        2.896413        345.2546       0.9257473        292.8599      -0.1393123E-06
    0 s   61   0.4788282        2.991374        334.2945       0.9417914        291.3749      -0.1447634E-06
    0 s   62   0.4863793        3.087956        323.8388       0.9575938        290.0049      -0.1502834E-06
    0 s   63   0.4939399        3.186132        313.8601       0.9731556        288.7399      -0.1558722E-06
    0 s   64   0.5015058        3.285880        304.3325       0.9884780        287.5704      -0.1615292E-06
    0 s   65   0.5090732        3.387174        295.2314        1.003562        286.4883      -0.1672539E-06
    0 s   66   0.5166383        3.489990        286.5337        1.018410        285.4861      -0.1730457E-06
    0 s   67   0.5241978        3.594305        278.2179        1.033022        284.5570      -0.1789041E-06
    0 s   68   0.5317485        3.700094        270.2634        1.047401        283.6951      -0.1848288E-06
    0 s   69   0.5392874        3.807335        262.6509        1.061548        282.8949      -0.1908191E-06
    0 s   70   0.5468117        3.916002        255.3625        1.075465        282.1514      -0.1968747E-06
    0 s   71   0.5543189        4.026074        248.3809        1.089154        281.4602      -0.2029950E-06
    0 s   72   0.5618065        4.137526        241.6903        1.102616        280.8173      -0.2091795E-06
    0 s   73   0.5692722        4.250337        235.2755        1.115854        280.2190      -0.2154276E-06
    0 s   74   0.5767139        4.364482        229.1223        1.128869        279.6619      -0.2217389E-06
    0 s   75   0.5841297        4.479940        223.2173        1.141664        279.1430      -0.2281127E-06
    0 s   76   0.5915176        4.596689        217.5479        1.154240        278.6595      -0.2345486E-06
    0 s   77   0.5988759        4.714705        212.1023        1.166599        278.2090      -0.2410460E-06
    0 s   78   0.6062031        4.833968        206.8694        1.178744        277.7892      -0.2476043E-06
    0 s   79   0.6134975        4.954456        201.8385        1.190677        277.3978      -0.2542229E-06
    0 s   80   0.6207579        5.076146        196.9998        1.202399        277.0330      -0.2609012E-06
    0 s   81   0.6279828        5.199018        192.3440        1.213914        276.6931      -0.2676386E-06
    0 s   82   0.6351711        5.323051        187.8622        1.225222        276.3764      -0.2744344E-06
    0 s   83   0.6423216        5.448224        183.5460        1.236327        276.0815      -0.2812881E-06
    0 s   84   0.6494332        5.574516        179.3878        1.247231        275.8070      -0.2881991E-06
    0 s   85   0.6565050        5.701907        175.3799        1.257935        275.5516      -0.2951665E-06
    0 s   86   0.6635360        5.830377        171.5155        1.268442        275.3142      -0.3021899E-06
    0 s   87   0.6705255        5.959905        167.7879        1.278755        275.0938      -0.3092685E-06
    0 s   88   0.6774726        6.090473        164.1909        1.288875        274.8893      -0.3164018E-06
    0 s   89   0.6843766        6.222060        160.7185        1.298805        274.6999      -0.3235889E-06
    0 s   90   0.6912369        6.354647        157.3651        1.308547        274.5247      -0.3308292E-06
    0 s   91   0.6980529        6.488217        154.1255        1.318104        274.3631      -0.1817964E-06
    0 s   92   0.7048240        6.622750        150.9947        1.327477        274.2143      -0.1064286E-07
    0 s   93   0.7115495        6.758226        147.9678        1.336669        274.0775      -0.1084930E-07
    0 s   94   0.7182292        6.894628        145.0405        1.345682        273.9522      -0.1105793E-07
    0 s   95   0.7248625        7.031937        142.2083        1.354519        273.8379      -0.1126873E-07
    0 s   96   0.7314491        7.170137        139.4674        1.363181        273.7341      -0.1148172E-07
    0 s   97   0.7379887        7.309208        136.8137        1.371672        273.6402      -0.1169689E-07
    0 s   98   0.7444810        7.449135        134.2438        1.379993        273.5558      -0.1191423E-07
    0 s   99   0.7509256        7.589899        131.7541        1.388147        273.4805      -0.1213374E-07
    0 s  100   0.7573224        7.731484        129.3413        1.396135        273.4139      -0.1235541E-07
    0 s  101   0.7636712        7.873873        127.0023        1.403961        273.3557      -0.1257924E-07
    0 s  102   0.7699717        8.017051        124.7342        1.411626        273.3056      -0.1281112E-07
    0 s  103   0.7762239        8.160999        122.5340        1.419132        273.2632      -0.1303767E-07
    0 s  104   0.7824275        8.305703        120.3992        1.426483        273.2282      -0.1326620E-07
    0 s  105   0.7885826        8.451147        118.3271        1.433679        273.2004      -0.1349671E-07
    0 s  106   0.7946890        8.597315        116.3154        1.440723        273.1795      -0.1372920E-07
    0 s  107   0.8007468        8.744191        114.3616        1.447618        273.1654      -0.1396365E-07
    0 s  108   0.8067558        8.891761        112.4637        1.454365        273.1577      -0.1420004E-07
    0 s  109   0.8127160        9.040011        110.6193        1.460967        273.1563      -0.1444665E-07
    0 s  110   0.8186276        9.188924        108.8267        1.467425        273.1611      -0.1468908E-07
    0 s  111   0.8244905        9.338487        107.0837        1.473743        273.1717      -0.1493307E-07
    0 s  112   0.8303047        9.488685        105.3887        1.479921        273.1882      -0.1517754E-07
    0 s  113   0.8360704        9.639504        103.7398        1.485962        273.2102      -0.1542005E-07
    0 s  114   0.8417876        9.790931        102.1353        1.491868        273.2378      -0.1565448E-07
    0 s  115   0.8474564        9.942952        100.5738        1.497642        273.2706      -0.1586534E-07
    0 s  116   0.8530770        10.09555        99.05351        1.503284        273.3088      -0.1607775E-07
    0 s  117   0.8586494        10.24872        97.57314        1.508797        273.3520      -0.1633228E-07
    0 s  118   0.8641737        10.40244        96.13125        1.514184        273.4002      -0.1658878E-07
    0 s  119   0.8696503        10.55671        94.72649        1.519445        273.4534      -0.1684726E-07
    0 s  120   0.8750791        10.71150        93.35759        1.524583        273.5113      -0.1710771E-07
    0 s  121   0.8804604        10.86681        92.02332        1.529600        273.5740      -0.1737011E-07
    0 s  122   0.8857944        11.02262        90.72250        1.534498        273.6413      -0.1763446E-07
    0 s  123   0.8910812        11.17893        89.45400        1.539278        273.7133      -0.1790073E-07
    0 s  124   0.8963210        11.33572        88.21676        1.543942        273.7897      -0.1816893E-07
    0 s  125   0.9015141        11.49297        87.00972        1.548493        273.8705      -0.1843904E-07
    0 s  126   0.9066606        11.65068        85.83190        1.552931        273.9557      -0.1871105E-07
    0 s  127   0.9117609        11.80884        84.68235        1.557259        274.0453      -0.1898494E-07
    0 s  128   0.9168150        11.96743        83.56014        1.561479        274.1390      -0.1926072E-07
    0 s  129   0.9218233        12.12644        82.46441        1.565592        274.2371      -0.1953836E-07
    0 s  130   0.9267860        12.28587        81.39431        1.569600        274.3392      -0.1981785E-07
    0 s  131   0.9317033        12.44570        80.34903        1.573504        274.4455      -0.2009918E-07
    0 s  132   0.9365755        12.60592        79.32779        1.577306        274.5559      -0.2038234E-07
    0 s  133   0.9414028        12.76653        78.32984        1.581008        274.6703      -0.2066732E-07
    0 s  134   0.9461855        12.92750        77.35447        1.584612        274.7887      -0.2095409E-07
    0 s  135   0.9509239        13.08884        76.40098        1.588119        274.9111      -0.2124266E-07
    0 s  136   0.9556183        13.25052        75.46871        1.591530        275.0374      -0.2153301E-07
    0 s  137   0.9602688        13.41255        74.55701        1.594847        275.1677      -0.2182511E-07
    0 s  138   0.9648758        13.57492        73.66527        1.598072        275.3018      -0.2211898E-07
    0 s  139   0.9694396        13.73760        72.79290        1.601206        275.4397      -0.2241457E-07
    0 s  140   0.9739604        13.90060        71.93933        1.604251        275.5815      -0.2271189E-07
    0 s  141   0.9784386        14.06391        71.10399        1.607208        275.7272      -0.2301092E-07
    0 s  142   0.9828744        14.22751        70.28637        1.610078        275.8766      -0.2331163E-07
    0 s  143   0.9872680        14.39140        69.48596        1.612864        276.0297      -0.2361403E-07
    0 s  144   0.9916199        14.55556        68.70225        1.615565        276.1866      -0.2391809E-07
    0 s  145   0.9959302        14.72000        67.93477        1.618184        276.3473      -0.2422381E-07
    0 s  146    1.000199        14.88470        67.18307        1.620723        276.5117      -0.2453115E-07
    0 s  147    1.004427        15.04966        66.44670        1.623181        276.6797      -0.2484012E-07
    0 s  148    1.008615        15.21486        65.72524        1.625561        276.8515      -0.2515068E-07
    0 s  149    1.012762        15.38029        65.01826        1.627865        277.0269      -0.2546284E-07
    0 s  150    1.016869        15.54596        64.32539        1.630092        277.2060      -0.2577656E-07
    0 s  151    1.020937        15.71185        63.64622        1.632245        277.3887      -0.2609183E-07
    0 s  152    1.024964        15.87796        62.98039        1.634325        277.5751      -0.2640865E-07
    0 s  153    1.028953        16.04427        62.32754        1.636333        277.7650      -0.2672698E-07
    0 s  154    1.032903        16.21079        61.68733        1.638269        277.9586      -0.2705574E-07
    0 s  155    1.036814        16.37749        61.05941        1.640136        278.1558      -0.2737584E-07
    0 s  156    1.040687        16.54439        60.44346        1.641935        278.3566      -0.2769747E-07
    0 s  157    1.044523        16.71146        59.83918        1.643666        278.5610      -0.2802061E-07
    0 s  158    1.048320        16.87870        59.24625        1.645331        278.7689      -0.2834524E-07
    0 s  159    1.052080        17.04612        58.66439        1.646931        278.9804      -0.2867133E-07
    0 s  160    1.055803        17.21369        58.09331        1.648467        279.1955      -0.2899887E-07
    0 s  161    1.059489        17.38141        57.53274        1.649939        279.4141      -0.2932783E-07
    0 s  162    1.063139        17.54928        56.98240        1.651350        279.6362      -0.2965820E-07
    0 s  163    1.066752        17.71729        56.44205        1.652700        279.8619      -0.2998994E-07
    0 s  164    1.070330        17.88543        55.91143        1.653990        280.0911      -0.3032305E-07
    0 s  165    1.073872        18.05370        55.39030        1.655221        280.3238      -0.3065749E-07
    0 s  166    1.077378        18.22210        54.87842        1.656394        280.5601      -0.3099325E-07
    0 s  167    1.080850        18.39061        54.37558        1.657511        280.7998      -0.3133030E-07
    0 s  168    1.084286        18.55923        53.88155        1.658571        281.0430      -0.3166862E-07
    0 s  169    1.087689        18.72795        53.39612        1.659577        281.2897      -0.3200818E-07
    0 s  170    1.091057        18.89678        52.91907        1.660528        281.5399      -0.3234897E-07
    0 s  171    1.094391        19.06570        52.45022        1.661427        281.7936      -0.3269096E-07
    0 s  172    1.097692        19.23471        51.98936        1.662273        282.0507      -0.3303412E-07
    0 s  173    1.100959        19.40380        51.53631        1.663068        282.3113      -0.3337844E-07
    0 s  174    1.104193        19.57296        51.09088        1.663812        282.5753      -0.3372388E-07
    0 s  175    1.107395        19.74221        50.65290        1.664507        282.8428      -0.3407043E-07
    0 s  176    1.110564        19.91152        50.22219        1.665153        283.1136      -0.3441805E-07
    0 s  177    1.113701        20.08089        49.79859        1.665752        283.3880      -0.3476673E-07
    0 s  178    1.116806        20.25032        49.38194        1.666303        283.6657      -0.3511643E-07
    0 s  179    1.119879        20.41980        48.97207        1.666808        283.9468      -0.3546713E-07
    0 s  180    1.122921        20.58934        48.56883        1.667268        284.2313      -0.3581882E-07
    0 s  181    1.125932        20.75891        48.17208        1.667683        284.5192      -0.3617989E-07
    0 s  182    1.128912        20.92853        47.78166        1.668054        284.8105      -0.3653367E-07
    0 s  183    1.131861        21.09818        47.39744        1.668382        285.1052      -0.3688833E-07
    0 s  184    1.134780        21.26787        47.01929        1.668668        285.4032      -0.3724384E-07
    0 s  185    1.137669        21.43758        46.64706        1.668912        285.7045      -0.3760018E-07
    0 s  186    1.140528        21.60731        46.28063        1.669115        286.0092      -0.3795732E-07
    0 s  187    1.143357        21.77706        45.91987        1.669278        286.3172      -0.3831523E-07
    0 s  188    1.146158        21.94683        45.56467        1.669402        286.6285      -0.3867389E-07
    0 s  189    1.148929        22.11660        45.21490        1.669488        286.9431      -0.3903327E-07
    0 s  190    1.151672        22.28639        44.87044        1.669535        287.2609      -0.3939334E-07
    0 s  191    1.154386        22.45617        44.53119        1.669545        287.5821      -0.3975407E-07
    0 s  192    1.157072        22.62596        44.19703        1.669518        287.9065      -0.4011543E-07
    0 s  193    1.159729        22.79574        43.86785        1.669455        288.2341      -0.4047740E-07
    0 s  194    1.162359        22.96551        43.54356        1.669358        288.5650      -0.4083995E-07
    0 s  195    1.164962        23.13527        43.22405        1.669225        288.8991      -0.4120304E-07
    0 s  196    1.167537        23.30501        42.90923        1.669058        289.2364      -0.4156665E-07
    0 s  197    1.170086        23.47474        42.59899        1.668859        289.5769      -0.4193075E-07
    0 s  198    1.172607        23.64444        42.29324        1.668626        289.9205      -0.4229530E-07
    0 s  199    1.175102        23.81411        41.99190        1.668361        290.2673      -0.4266029E-07
    0 s  200    1.177571        23.98376        41.69487        1.668065        290.6172      -0.4302567E-07
    0 s  201    1.180013        24.15338        41.40207        1.667737        290.9703      -0.4339142E-07
    0 s  202    1.182430        24.32296        41.11342        1.667380        291.3264      -0.4375749E-07
    0 s  203    1.184821        24.49250        40.82882        1.666992        291.6856      -0.4412388E-07
    0 s  204    1.187187        24.66201        40.54820        1.666576        292.0479      -0.4449053E-07
    0 s  205    1.189528        24.83146        40.27149        1.666131        292.4132      -0.4485743E-07
    0 s  206    1.191843        25.00088        39.99860        1.665658        292.7815      -0.4522453E-07
    0 s  207    1.194134        25.17024        39.72946        1.665157        293.1528      -0.4559180E-07
    0 s  208    1.196401        25.33955        39.46401        1.664629        293.5271      -0.4595923E-07
    0 s  209    1.198643        25.50880        39.20216        1.664075        293.9044      -0.4632675E-07
    0 s  210    1.200862        25.67799        38.94385        1.663495        294.2846      -0.4566142E-07
    0 s  211    1.203056        25.84713        38.68902        1.662890        294.6677      -0.3781160E-07
    0 s  212    1.205227        26.01620        38.43759        1.662259        295.0537      -0.2805238E-07
    0 s  213    1.207375        26.18521        38.18950        1.661605        295.4426      -0.2036050E-07
    0 s  214    1.209499        26.35415        37.94469        1.660927        295.8342      -0.1753553E-07
    0 s  215    1.211601        26.52301        37.70310        1.660225        296.2287      -0.1760333E-07
    0 s  216    1.213680        26.69181        37.46468        1.659500        296.6260      -0.1767039E-07
    0 s  217    1.215736        26.86053        37.22935        1.658753        297.0261      -0.1773728E-07
    0 s  218    1.217770        27.02917        36.99706        1.657985        297.4289      -0.1780325E-07
    0 s  219    1.219782        27.19774        36.76777        1.657195        297.8343      -0.1786943E-07
    0 s  220    1.221772        27.36622        36.54140        1.656384        298.2425      -0.1793428E-07
    0 s  221    1.223740        27.53462        36.31792        1.655552        298.6533      -0.1800010E-07
    0 s  222    1.225687        27.70293        36.09727        1.654700        299.0667      -0.1806383E-07
    0 s  223    1.227613        27.87115        35.87939        1.653829        299.4828      -0.1813005E-07
    0 s  224    1.229517        28.03929        35.66425        1.652939        299.9013      -0.1819264E-07
    0 s  225    1.231401        28.20733        35.45178        1.652030        300.3225      -0.1826082E-07
    0 s  226    1.233264        28.37528        35.24195        1.651103        300.7461      -0.1832228E-07
    0 s  227    1.235106        28.54313        35.03470        1.650158        301.1721      -0.1839557E-07
    0 s  228    1.236928        28.71089        34.82999        1.649196        301.6007      -0.1845594E-07
    0 s  229    1.238730        28.87854        34.62778        1.648217        302.0316      -0.1851572E-07
    0 s  230    1.240512        29.04610        34.42803        1.647221        302.4648      -0.1860023E-07
    0 s  231    1.242274        29.21356        34.23069        1.646209        302.9004      -0.1865903E-07
    0 s  232    1.244017        29.38091        34.03571        1.645181        303.3384      -0.1876848E-07
    0 s  233    1.245740        29.54815        33.84307        1.644138        303.7785      -0.1882661E-07
    0 s  234    1.247444        29.71529        33.65271        1.643080        304.2209      -0.1898844E-07
    0 s  235    1.249129        29.88232        33.46461        1.642008        304.6655      -0.1904659E-07
    0 s  236    1.250795        30.04924        33.27872        1.640921        305.1122      -0.1910413E-07
    0 s  237    1.252443        30.21604        33.09500        1.639821        305.5611      -0.1937591E-07
    0 s  238    1.254072        30.38274        32.91343        1.638707        306.0120      -0.1943512E-07
    0 s  239    1.255683        30.54932        32.73395        1.637580        306.4650      -0.1993336E-07
    0 s  240    1.257276        30.71578        32.55655        1.636441        306.9200      -0.1999796E-07
    0 s  241    1.258850        30.88213        32.38118        1.635289        307.3769      -0.2006205E-07
    0 s  242    1.260407        31.04836        32.20782        1.634125        307.8358      -0.2012563E-07
    0 s  243    1.261947        31.21447        32.03642        1.632950        308.2965      -0.2018871E-07
    0 s  244    1.263469        31.38046        31.86696        1.631764        308.7591      -0.2025129E-07
    0 s  245    1.264973        31.54633        31.69941        1.630566        309.2235      -0.2031336E-07
    0 s  246    1.266461        31.71208        31.53372        1.629358        309.6897      -0.2037492E-07
    0 s  247    1.267932        31.87770        31.36989        1.628140        310.1575      -0.2043598E-07
    0 s  248    1.269385        32.04320        31.20787        1.626912        310.6271      -0.2049653E-07
    0 s  249    1.270823        32.20857        31.04763        1.625674        311.0982      -0.2055657E-07
    0 s  250    1.272243        32.37382        30.88916        1.624427        311.5710      -0.2061611E-07
    0 s  251    1.273648        32.53894        30.73241        1.623172        312.0453      -0.2067515E-07
    0 s  252    1.275036        32.70393        30.57737        1.621907        312.5211      -0.2073368E-07
    0 s  253    1.276409        32.86879        30.42400        1.620635        312.9983      -0.2079171E-07
    0 s  254    1.277765        33.03352        30.27228        1.619354        313.4770      -0.2084923E-07
    0 s  255    1.279106        33.19812        30.12219        1.618066        313.9570      -0.2090626E-07
    0 s  256    1.280432        33.36259        29.97369        1.616771        314.4384      -0.2096279E-07
    0 s  257    1.281742        33.52693        29.82677        1.615468        314.9210      -0.2101882E-07
    0 s  258    1.283037        33.69113        29.68140        1.614159        315.4049      -0.2107436E-07
    0 s  259    1.284316        33.85520        29.53756        1.612843        315.8899      -0.2112941E-07
    0 s  260    1.285581        34.01913        29.39522        1.611521        316.3761      -0.2118397E-07
    0 s  261    1.286831        34.18293        29.25436        1.610193        316.8634      -0.2123804E-07
    0 s  262    1.288067        34.34660        29.11497        1.608859        317.3517      -0.2129162E-07
    0 s  263    1.289288        34.51013        28.97700        1.607520        317.8410      -0.2134472E-07
    0 s  264    1.290495        34.67352        28.84045        1.606176        318.3313      -0.2139735E-07
    0 s  265    1.291687        34.83677        28.70530        1.604828        318.8224      -0.2144950E-07
    0 s  266    1.292866        34.99989        28.57152        1.603474        319.3144      -0.2150118E-07
    0 s  267    1.294030        35.16287        28.43909        1.602117        319.8072      -0.2155239E-07
    0 s  268    1.295181        35.32571        28.30800        1.600755        320.3008      -0.2160314E-07
    0 s  269    1.296319        35.48841        28.17821        1.599390        320.7951      -0.2165343E-07
    0 s  270    1.297442        35.65097        28.04973        1.598021        321.2900      -0.2170326E-07
    0 s  271    1.298553        35.81339        27.92251        1.596649        321.7855      -0.2175265E-07
    0 s  272    1.299650        35.97568        27.79656        1.595273        322.2816      -0.2180158E-07
    0 s  273    1.300734        36.13782        27.67184        1.593895        322.7782      -0.2185008E-07
    0 s  274    1.301806        36.29982        27.54835        1.592515        323.2753      -0.2189815E-07
    0 s  275    1.302864        36.46168        27.42605        1.591132        323.7728      -0.2194578E-07
    0 s  276    1.303910        36.62340        27.30495        1.589747        324.2706      -0.2199299E-07
    0 s  277    1.304943        36.78498        27.18501        1.588360        324.7688      -0.2203978E-07
    0 s  278    1.305964        36.94642        27.06622        1.586972        325.2672      -0.2208616E-07
    0 s  279    1.306972        37.10771        26.94858        1.585582        325.7659      -0.2213213E-07
    0 s  280    1.307969        37.26887        26.83205        1.584191        326.2647      -0.2217771E-07
    0 s  281    1.308953        37.42988        26.71662        1.582799        326.7636      -0.2222289E-07
    0 s  282    1.309925        37.59075        26.60229        1.581406        327.2627      -0.2226769E-07
    0 s  283    1.310886        37.75148        26.48903        1.580012        327.7617      -0.2231211E-07
    0 s  284    1.311835        37.91207        26.37683        1.578618        328.2607      -0.2235616E-07
    0 s  285    1.312772        38.07251        26.26567        1.577224        328.7596      -0.2239985E-07
    0 s  286    1.313698        38.23281        26.15554        1.575830        329.2584      -0.2244318E-07
    0 s  287    1.314613        38.39297        26.04643        1.574437        329.7570      -0.2248617E-07
    0 s  288    1.315516        38.55299        25.93832        1.573043        330.2554      -0.2252882E-07
    0 s  289    1.316409        38.71287        25.83120        1.571651        330.7536      -0.2257114E-07
    0 s  290    1.317290        38.87261        25.72506        1.570259        331.2514      -0.2261314E-07
    0 s  291    1.318161        39.03220        25.61987        1.568868        331.7488      -0.2265483E-07
    0 s  292    1.319021        39.19165        25.51564        1.567478        332.2459      -0.2269621E-07
    0 s  293    1.319870        39.35096        25.41234        1.566089        332.7425      -0.2273730E-07
    0 s  294    1.320709        39.51013        25.30996        1.564702        333.2385      -0.2277811E-07
    0 s  295    1.321538        39.66916        25.20850        1.563317        333.7340      -0.2281865E-07
    0 s  296    1.322356        39.82805        25.10793        1.561933        334.2290      -0.2285892E-07
    0 s  297    1.323164        39.98679        25.00826        1.560551        334.7232      -0.2289895E-07
    0 s  298    1.323962        40.14540        24.90946        1.559172        335.2168      -0.2293873E-07
    0 s  299    1.324750        40.30386        24.81152        1.557795        335.7097      -0.2297827E-07
    0 s  300    1.325528        40.46219        24.71443        1.556420        336.2017      -0.2301760E-07
    0 s  301    1.326296        40.62037        24.61819        1.555048        336.6929      -0.2305672E-07
    0 s  302    1.327055        40.77842        24.52277        1.553678        337.1833      -0.2309565E-07
    0 s  303    1.327805        40.93633        24.42818        1.552312        337.6727      -0.2313439E-07
    0 s  304    1.328545        41.09409        24.33440        1.550949        338.1612      -0.2317296E-07
    0 s  305    1.329275        41.25172        24.24141        1.549588        338.6487      -0.2321136E-07
    0 s  306    1.329996        41.40921        24.14922        1.548231        339.1351      -0.2324962E-07
    0 s  307    1.330709        41.56656        24.05780        1.546878        339.6204      -0.2328774E-07
    0 s  308    1.331412        41.72378        23.96715        1.545528        340.1046      -0.2332574E-07
    0 s  309    1.332106        41.88086        23.87726        1.544182        340.5876      -0.2336363E-07
    0 s  310    1.332792        42.03780        23.78812        1.542839        341.0694      -0.2340143E-07
    0 s  311    1.333469        42.19460        23.69972        1.541501        341.5500      -0.2343914E-07
    0 s  312    1.334137        42.35127        23.61204        1.540166        342.0293      -0.2347679E-07
    0 s  313    1.334797        42.50780        23.52509        1.538836        342.5072      -0.2351438E-07
    0 s  314    1.335448        42.66420        23.43886        1.537510        342.9837      -0.2355193E-07
    0 s  315    1.336091        42.82046        23.35332        1.536189        343.4588      -0.2358945E-07
    0 s  316    1.336725        42.97659        23.26848        1.534872        343.9325      -0.2362697E-07
    0 s  317    1.337352        43.13258        23.18433        1.533560        344.4047      -0.2366449E-07
    0 s  318    1.337970        43.28844        23.10085        1.532252        344.8754      -0.2370203E-07
    0 s  319    1.338581        43.44417        23.01805        1.530949        345.3444      -0.2373960E-07
    0 s  320    1.339184        43.59976        22.93590        1.529652        345.8119      -0.2377722E-07
    0 s  321    1.339778        43.75523        22.85441        1.528359        346.2778      -0.2381491E-07
    0 s  322    1.340366        43.91056        22.77357        1.527071        346.7420      -0.9468881E-08
    0 s  323    1.340945        44.06576        22.69336        1.525789        347.2045      -0.9534022E-08
    0 s  324    1.341517        44.22083        22.61378        1.524512        347.6652      -0.9599881E-08
    0 s  325    1.342082        44.37577        22.53482        1.523240        348.1242      -0.9666471E-08
    0 s  326    1.342639        44.53059        22.45648        1.521974        348.5813      -0.9733802E-08
    0 s  327    1.343189        44.68527        22.37874        1.520713        349.0366      -0.9801888E-08
    0 s  328    1.343732        44.83982        22.30160        1.519458        349.4901      -0.7828466E-08
    0 s  329    1.344267        44.99425        22.22506        1.518209        349.9416      -0.7902517E-08
    0 s  330    1.344796        45.14855        22.14910        1.516966        350.3913      -0.7977440E-08
    0 s  331    1.345318        45.30273        22.07373        1.515728        350.8389      -0.8053245E-08
    0 s  332    1.345832        45.45678        21.99892        1.514496        351.2846      -0.8129944E-08
    0 s  333    1.346340        45.61070        21.92468        1.513271        351.7282      -0.8207547E-08
    0 s  334    1.346842        45.76450        21.85100        1.512051        352.1698      -0.8286067E-08
    0 s  335    1.347337        45.91817        21.77787        1.510838        352.6093      -0.8365516E-08
    0 s  336    1.347825        46.07173        21.70529        1.509631        353.0468      -0.8445906E-08
    0 s  337    1.348306        46.22516        21.63324        1.508430        353.4821      -0.8527248E-08
    0 s  338    1.348782        46.37846        21.56173        1.507235        353.9152      -0.8609556E-08
    0 s  339    1.349251        46.53165        21.49075        1.506047        354.3462      -0.8692842E-08
    0 s  340    1.349714        46.68471        21.42029        1.504865        354.7750      -0.8777119E-08
    0 s  341    1.350170        46.83766        21.35034        1.503690        355.2015      -0.8862397E-08
    0 s  342    1.350621        46.99049        21.28090        1.502521        355.6258      -0.8948694E-08
    0 s  343    1.351065        47.14319        21.21197        1.501359        356.0479      -0.9036018E-08
    0 s  344    1.351504        47.29578        21.14353        1.500203        356.4676      -0.9124386E-08
    0 s  345    1.351936        47.44826        21.07559        1.499054        356.8851      -0.9213810E-08
    0 s  346    1.352363        47.60061        21.00813        1.497912        357.3002      -0.9304304E-08
    0 s  347    1.352784        47.75285        20.94116        1.496776        357.7130      -0.9395881E-08
    0 s  348    1.353200        47.90498        20.87466        1.495648        358.1234      -0.9488556E-08
    0 s  349    1.353609        48.05699        20.80863        1.494526        358.5314      -0.9582342E-08
    0 s  350    1.354014        48.20888        20.74307        1.493411        358.9370      -0.9677253E-08
    0 s  351    1.354412        48.36067        20.67796        1.492302        359.3402      -0.9773306E-08
    0 s  352    1.354806        48.51234        20.61331        1.491201        359.7410      -0.9870536E-08
    0 s  353    1.355194        48.66389        20.54912        1.490107        360.1393      -0.9968911E-08
    0 s  354    1.355577        48.81534        20.48536        1.489020        360.5351      -0.1006847E-07
    0 s  355    1.355954        48.96668        20.42205        1.487939        360.9285      -0.1016923E-07
    0 s  356    1.356327        49.11791        20.35917        1.486866        361.3194      -0.1027121E-07
    0 s  357    1.356694        49.26903        20.29673        1.485800        361.7077      -0.1037442E-07
    0 s  358    1.357056        49.42004        20.23471        1.484741        362.0936      -0.1047887E-07
    0 s  359    1.357414        49.57094        20.17311        1.483689        362.4769      -0.1058459E-07
    0 s  360    1.357766        49.72174        20.11193        1.482644        362.8577      -0.1069159E-07
    0 s  361    1.358114        49.87243        20.05116        1.481606        363.2359      -0.1079991E-07
    0 s  362    1.358457        50.02301        19.99080        1.480576        363.6115      -0.1090951E-07
    0 s  363    1.358795        50.17349        19.93084        1.479552        363.9846      -0.1102044E-07
    0 s  364    1.359128        50.32387        19.87129        1.478536        364.3551      -0.1113272E-07
    0 s  365    1.359457        50.47414        19.81212        1.477527        364.7231      -0.1124636E-07
    0 s  366    1.359782        50.62431        19.75335        1.476525        365.0884      -0.1136139E-07
    0 s  367    1.360102        50.77438        19.69497        1.475530        365.4511      -0.1147781E-07
    0 s  368    1.360417        50.92435        19.63697        1.474542        365.8112      -0.1159566E-07
    0 s  369    1.360728        51.07422        19.57935        1.473562        366.1687      -0.1171493E-07
    0 s  370    1.361035        51.22399        19.52210        1.472589        366.5236      -0.1183566E-07
    0 s  371    1.361337        51.37366        19.46523        1.471623        366.8758      -0.1195791E-07
    0 s  372    1.361635        51.52323        19.40872        1.470664        367.2255      -0.1208160E-07
    0 s  373    1.361930        51.67271        19.35258        1.469713        367.5724      -0.1220681E-07
    0 s  374    1.362219        51.82209        19.29679        1.468769        367.9168      -0.1233356E-07
    0 s  375    1.362505        51.97137        19.24136        1.467831        368.2585      -0.1246189E-07
    0 s  376    1.362787        52.12056        19.18629        1.466902        368.5976      -0.1259171E-07
    0 s  377    1.363065        52.26965        19.13156        1.465979        368.9340      -0.1272320E-07
    0 s  378    1.363339        52.41865        19.07718        1.465064        369.2678      -0.1285635E-07
    0 s  379    1.363610        52.56756        19.02314        1.464155        369.5989      -0.1299094E-07
    0 s  380    1.363876        52.71638        18.96944        1.463254        369.9275      -0.1312735E-07
    0 s  381    1.364139        52.86510        18.91607        1.462360        370.2533      -0.1326559E-07
    0 s  382    1.364398        53.01373        18.86304        1.461474        370.5765      -0.1340558E-07
    0 s  383    1.364653        53.16228        18.81033        1.460594        370.8971      -0.1319960E-07
    0 s  384    1.364905        53.31073        18.75795        1.459722        371.2150      -0.1307591E-07
    0 s  385    1.365153        53.45910        18.70589        1.458856        371.5303      -0.1289409E-07
    0 s  386    1.365397        53.60738        18.65415        1.457998        371.8430      -0.1271846E-07
    0 s  387    1.365638        53.75557        18.60272        1.457147        372.1530      -0.1255045E-07
    0 s  388    1.365876        53.90367        18.55161        1.456303        372.4605      -0.1238992E-07
    0 s  389    1.366111        54.05169        18.50081        1.455466        372.7652      -0.1247994E-07
    0 s  390    1.366341        54.19963        18.45031        1.454636        373.0674      -0.1262811E-07
    0 s  391    1.366569        54.34748        18.40012        1.453813        373.3670      -0.1278238E-07
    0 s  392    1.366794        54.49524        18.35023        1.452997        373.6639      -0.1294087E-07
    0 s  393    1.367015        54.64293        18.30063        1.452188        373.9583      -0.1309317E-07
    0 s  394    1.367233        54.79053        18.25133        1.451386        374.2500      -0.1325333E-07
    0 s  395    1.367448        54.93805        18.20232        1.450592        374.5392      -0.1341897E-07
    0 s  396    1.367660        55.08549        18.15360        1.449804        374.8257      -0.1359353E-07
    0 s  397    1.367868        55.23285        18.10517        1.449022        375.1097      -0.1374472E-07
    0 s  398    1.368074        55.38013        18.05702        1.448248        375.3912      -0.1391794E-07
    0 s  399    1.368277        55.52734        18.00915        1.447481        375.6701      -0.1410596E-07
    0 s  400    1.368477        55.67446        17.96156        1.446720        375.9464      -0.1431817E-07
    0 s  401    1.368674        55.82151        17.91424        1.445966        376.2201      -0.1443561E-07
    0 s  402    1.368868        55.96848        17.86720        1.445220        376.4914      -0.1461376E-07
    0 s  403    1.369060        56.11538        17.82043        1.444479        376.7601      -0.1479411E-07
    0 s  404    1.369248        56.26220        17.77392        1.443746        377.0263      -0.1497669E-07
    0 s  405    1.369434        56.40895        17.72768        1.443019        377.2900      -0.1516150E-07
    0 s  406    1.369617        56.55562        17.68171        1.442299        377.5512      -0.1534855E-07
    0 s  407    1.369798        56.70222        17.63599        1.441585        377.8099      -0.1553785E-07
    0 s  408    1.369976        56.84875        17.59054        1.440879        378.0661      -0.1571227E-07
    0 s  409    1.370151        56.99521        17.54534        1.440178        378.3199      -0.1590594E-07
    0 s  410    1.370324        57.14159        17.50039        1.439484        378.5712      -0.1610203E-07
    0 s  411    1.370494        57.28791        17.45569        1.438797        378.8201      -0.1630057E-07
    0 s  412    1.370662        57.43415        17.41124        1.438116        379.0665      -0.1650191E-07
    0 s  413    1.370827        57.58033        17.36704        1.437442        379.3106      -0.1670539E-07
    0 s  414    1.370990        57.72644        17.32309        1.436774        379.5522      -0.1691141E-07
    0 s  415    1.371150        57.87248        17.27937        1.436113        379.7914      -0.1711997E-07
    0 s  416    1.371308        58.01845        17.23590        1.435458        380.0282      -0.1733111E-07
    0 s  417    1.371464        58.16436        17.19266        1.434809        380.2627      -0.1754482E-07
    0 s  418    1.371618        58.31020        17.14966        1.434166        380.4948      -0.1776118E-07
    0 s  419    1.371769        58.45598        17.10689        1.433530        380.7246      -0.1798019E-07
    0 s  420    1.371918        58.60169        17.06435        1.432900        380.9521      -0.1820188E-07
    0 s  421    1.372065        58.74734        17.02205        1.432276        381.1772      -0.1842627E-07
    0 s  422    1.372209        58.89293        16.97997        1.431658        381.4000      -0.1865340E-07
    0 s  423    1.372352        59.03845        16.93811        1.431047        381.6205      -0.1888387E-07
    0 s  424    1.372492        59.18391        16.89648        1.430441        381.8388      -0.1911651E-07
    0 s  425    1.372631        59.32931        16.85508        1.429841        382.0548      -0.1935195E-07
    0 s  426    1.372767        59.47465        16.81389        1.429248        382.2685      -0.1959024E-07
    0 s  427    1.372901        59.61993        16.77292        1.428660        382.4801      -0.1983139E-07
    0 s  428    1.373034        59.76515        16.73216        1.428079        382.6894      -0.2007544E-07
    0 s  429    1.373164        59.91031        16.69162        1.427503        382.8965      -0.2032241E-07
    0 s  430    1.373292        60.05541        16.65129        1.426933        383.1014      -0.2057232E-07
    0 s  431    1.373419        60.20045        16.61117        1.426369        383.3041      -0.2082522E-07
    0 s  432    1.373543        60.34544        16.57126        1.425811        383.5047      -0.2108110E-07
    0 s  433    1.373666        60.49037        16.53156        1.425258        383.7031      -0.2134002E-07
    0 s  434    1.373787        60.63525        16.49206        1.424711        383.8994      -0.2160198E-07
    0 s  435    1.373906        60.78007        16.45276        1.424170        384.0936      -0.2186815E-07
    0 s  436    1.374023        60.92483        16.41367        1.423634        384.2857      -0.2213625E-07
    0 s  437    1.374139        61.06954        16.37478        1.423104        384.4757      -0.2240749E-07
    0 s  438    1.374253        61.21420        16.33608        1.422580        384.6637      -0.2268189E-07
    0 s  439    1.374365        61.35880        16.29758        1.422061        384.8495      -0.2295971E-07
    0 s  440    1.374475        61.50335        16.25928        1.421547        385.0334      -0.2324054E-07
    0 s  441    1.374584        61.64785        16.22117        1.421039        385.2152      -0.2352463E-07
    0 s  442    1.374691        61.79230        16.18325        1.420536        385.3951      -0.2379197E-07
    0 s  443    1.374797        61.93670        16.14552        1.420039        385.5729      -0.2408710E-07
    0 s  444    1.374900        62.08104        16.10798        1.419547        385.7488      -0.2438851E-07
    0 s  445    1.375003        62.22534        16.07062        1.419060        385.9227      -0.2469775E-07
    0 s  446    1.375104        62.36959        16.03346        1.418579        386.0946      -0.2501595E-07
    0 s  447    1.375203        62.51379        15.99647        1.418102        386.2647      -0.2534843E-07
    0 s  448    1.375301        62.65794        15.95967        1.417631        386.4328      -0.2561149E-07
    0 s  449    1.375397        62.80204        15.92305        1.417165        386.5990      -0.2592270E-07
    0 s  450    1.375492        62.94610        15.88661        1.416704        386.7634      -0.2623743E-07
    0 s  451    1.375585        63.09011        15.85035        1.416248        386.9259      -0.2656191E-07
    0 s  452    1.375677        63.23407        15.81426        1.415797        387.0865      -0.2688429E-07
    0 s  453    1.375768        63.37799        15.77835        1.415351        387.2453      -0.2721031E-07
    0 s  454    1.375857        63.52186        15.74261        1.414910        387.4023      -0.2754001E-07
    0 s  455    1.375945        63.66569        15.70705        1.414473        387.5575      -0.2789286E-07
    0 s  456    1.376031        63.80947        15.67166        1.414042        387.7109      -0.2823172E-07
    0 s  457    1.376117        63.95321        15.63643        1.413615        387.8626      -0.2857448E-07
    0 s  458    1.376201        64.09691        15.60138        1.413193        388.0125      -0.2892119E-07
    0 s  459    1.376283        64.24056        15.56649        1.412776        388.1606      -0.2927581E-07
    0 s  460    1.376365        64.38417        15.53177        1.412364        388.3071      -0.2963036E-07
    0 s  461    1.376445        64.52774        15.49721        1.411956        388.4518      -0.2998904E-07
    0 s  462    1.376524        64.67127        15.46282        1.411552        388.5948      -0.3035191E-07
    0 s  463    1.376601        64.81476        15.42858        1.411154        388.7362      -0.3071903E-07
    0 s  464    1.376678        64.95821        15.39451        1.410759        388.8759      -0.3109048E-07
    0 s  465    1.376753        65.10161        15.36060        1.410370        389.0140      -0.3146636E-07
    0 s  466    1.376827        65.24498        15.32685        1.409984        389.1504      -0.3184674E-07
    0 s  467    1.376900        65.38831        15.29325        1.409603        389.2853      -0.3223174E-07
    0 s  468    1.376972        65.53160        15.25981        1.409227        389.4185      -0.3262143E-07
    0 s  469    1.377043        65.67486        15.22653        1.408855        389.5502      -0.3301595E-07
    0 s  470    1.377113        65.81807        15.19340        1.408487        389.6803      -0.3341533E-07
    0 s  471    1.377182        65.96125        15.16042        1.408123        389.8088      -0.3380128E-07
    0 s  472    1.377249        66.10439        15.12759        1.407763        389.9358      -0.3421418E-07
    0 s  473    1.377316        66.24750        15.09491        1.407408        390.0613      -0.3462343E-07
    0 s  474    1.377381        66.39056        15.06238        1.407057        390.1853      -0.3503721E-07
    0 s  475    1.377446        66.53360        15.03000        1.406710        390.3078      -0.3545558E-07
    0 s  476    1.377509        66.67660        14.99777        1.406367        390.4289      -0.3587856E-07
    0 s  477    1.377572        66.81956        14.96568        1.406028        390.5484      -0.3630621E-07
    0 s  478    1.377633        66.96249        14.93373        1.405693        390.6666      -0.3673855E-07
    0 s  479    1.377694        67.10539        14.90193        1.405362        390.7833      -0.3717563E-07
    0 s  480    1.377754        67.24825        14.87028        1.405034        390.8986      -0.3761750E-07
    0 s  481    1.377812        67.39108        14.83876        1.404711        391.0124      -0.3806418E-07
    0 s  482    1.377870        67.53387        14.80738        1.404392        391.1250      -0.3851573E-07
    0 s  483    1.377927        67.67664        14.77615        1.404076        391.2361      -0.3897218E-07
    0 s  484    1.377983        67.81937        14.74505        1.403764        391.3459      -0.3943358E-07
    0 s  485    1.378039        67.96207        14.71409        1.403456        391.4543      -0.3989996E-07
    0 s  486    1.378093        68.10474        14.68327        1.403151        391.5614      -0.4038697E-07
    0 s  487    1.378146        68.24738        14.65258        1.402850        391.6672      -0.4086279E-07
    0 s  488    1.378199        68.38999        14.62202        1.402553        391.7717      -0.4134372E-07
    0 s  489    1.378251        68.53256        14.59160        1.402260        391.8749      -0.4182984E-07
    0 s  490    1.378302        68.67511        14.56132        1.401969        391.9768      -0.4232119E-07
    0 s  491    1.378352        68.81763        14.53116        1.401683        392.0775      -0.4281782E-07
    0 s  492    1.378402        68.96012        14.50113        1.401400        392.1769      -0.4331977E-07
    0 s  493    1.378450        69.10258        14.47124        1.401120        392.2751      -0.4382707E-07
    0 s  494    1.378498        69.24502        14.44147        1.400844        392.3721      -0.4433980E-07
    0 s  495    1.378545        69.38742        14.41183        1.400571        392.4679      -0.4485798E-07
    0 s  496    1.378592        69.52980        14.38232        1.400301        392.5625      -0.4538167E-07
    0 s  497    1.378638        69.67215        14.35294        1.400035        392.6559      -0.4591090E-07
    0 s  498    1.378683        69.81447        14.32368        1.399772        392.7482      -0.4644567E-07
    0 s  499    1.378727        69.95677        14.29454        1.399512        392.8393      -0.4698612E-07
    0 s  500    1.378771        70.09904        14.26553        1.399256        392.9293      -0.4756559E-07
    0 s  501    1.378814        70.24129        14.23664        1.399002        393.0181      -0.4811601E-07
    0 s  502    1.378856        70.38351        14.20787        1.398752        393.1058      -0.4867207E-07
    0 s  503    1.378897        70.52570        14.17923        1.398505        393.1925      -0.4917126E-07
    0 s  504    1.378938        70.66787        14.15070        1.398261        393.2780      -0.5001515E-07
    0 s  505    1.378979        70.81001        14.12230        1.398020        393.3625      -0.5037620E-07
    0 s  506    1.379018        70.95213        14.09401        1.397782        393.4459      -0.5095556E-07
    0 s  507    1.379057        71.09423        14.06584        1.397547        393.5282      -0.5154162E-07
    0 s  508    1.379096        71.23630        14.03779        1.397315        393.6095      -0.5213389E-07
    0 s  509    1.379134        71.37835        14.00985        1.397086        393.6898      -0.5273250E-07
    0 s  510    1.379171        71.52038        13.98203        1.396859        393.7691      -0.5333765E-07
    0 s  511    1.379207        71.66238        13.95432        1.396636        393.8474      -0.5394724E-07
    0 s  512    1.379244        71.80436        13.92673        1.396415        393.9247      -0.5456607E-07
    0 s  513    1.379279        71.94632        13.89925        1.396197        394.0010      -0.5518510E-07
    0 s  514    1.379314        72.08825        13.87189        1.395982        394.0763      -0.5589056E-07
    0 s  515    1.379348        72.23017        13.84463        1.395770        394.1507      -0.5651539E-07
    0 s  516    1.379382        72.37206        13.81749        1.395560        394.2241      -0.5715461E-07
    0 s  517    1.379416        72.51393        13.79045        1.395353        394.2966      -0.5780047E-07
    0 s  518    1.379448        72.65578        13.76353        1.395149        394.3682      -0.5845300E-07
    0 s  519    1.379481        72.79761        13.73671        1.394947        394.4389      -0.5911226E-07
    0 s  520    1.379512        72.93942        13.71001        1.394748        394.5087      -0.5977828E-07
    0 s  521    1.379544        73.08121        13.68341        1.394552        394.5776      -0.6045112E-07
    0 s  522    1.379574        73.22298        13.65691        1.394358        394.6456      -0.6113081E-07
    0 s  523    1.379605        73.36473        13.63053        1.394166        394.7127      -0.6181741E-07
    0 s  524    1.379635        73.50647        13.60425        1.393977        394.7790      -0.6251095E-07
    0 s  525    1.379664        73.64818        13.57807        1.393791        394.8444      -0.6321148E-07
    0 s  526    1.379693        73.78987        13.55200        1.393606        394.9090      -0.6391906E-07
    0 s  527    1.379721        73.93154        13.52603        1.393425        394.9728      -0.6463375E-07
    0 s  528    1.379749        74.07320        13.50016        1.393245        395.0357      -0.6535561E-07
    0 s  529    1.379777        74.21484        13.47439        1.393068        395.0979      -0.6608470E-07
    0 s  530    1.379804        74.35646        13.44873        1.392893        395.1592      -0.6699056E-07
    0 s  531    1.379830        74.49806        13.42317        1.392721        395.2198      -0.6772783E-07
    0 s  532    1.379857        74.63965        13.39771        1.392551        395.2796      -0.6847284E-07
    0 s  533    1.379882        74.78121        13.37234        1.392383        395.3386      -0.6922566E-07
    0 s  534    1.379908        74.92277        13.34708        1.392217        395.3968      -0.6998632E-07
    0 s  535    1.379933        75.06430        13.32191        1.392053        395.4543      -0.7075481E-07
    0 s  536    1.379958        75.20582        13.29684        1.391892        395.5111      -0.7153105E-07
    0 s  537    1.379982        75.34732        13.27187        1.391732        395.5672      -0.7231494E-07
    0 s  538    1.380006        75.48880        13.24700        1.391575        395.6225      -0.7310641E-07
    0 s  539    1.380029        75.63027        13.22222        1.391420        395.6771      -0.7390545E-07
    0 s  540    1.380052        75.77173        13.19753        1.391267        395.7310      -0.7420189E-07
    0 s  541    1.380075        75.91317        13.17295        1.391116        395.7842      -0.7552761E-07
    0 s  542    1.380097        76.05459        13.14845        1.390967        395.8367      -0.7635039E-07
    0 s  543    1.380119        76.19600        13.12405        1.390820        395.8886      -0.7718061E-07
    0 s  544    1.380141        76.33739        13.09974        1.390675        395.9398      -0.7801829E-07
    0 s  545    1.380162        76.47877        13.07552        1.390532        395.9903      -0.7887060E-07
    0 s  546    1.380183        76.62013        13.05140        1.390390        396.0402      -0.8013775E-07
    0 s  547    1.380204        76.76148        13.02737        1.390251        396.0894      -0.8098798E-07
    0 s  548    1.380224        76.90282        13.00342        1.390114        396.1380      -0.8184710E-07
    0 s  549    1.380244        77.04414        12.97957        1.389978        396.1860      -0.8271512E-07
    0 s  550    1.380264        77.18545        12.95581        1.389844        396.2333      -0.8359207E-07
    0 s  551    1.380283        77.32674        12.93214        1.389712        396.2800      -0.8447796E-07
    0 s  552    1.380302        77.46803        12.90855        1.389582        396.3262      -0.8537280E-07
    0 s  553    1.380321        77.60929        12.88505        1.389453        396.3717      -0.8627660E-07
    0 s  554    1.380340        77.75055        12.86165        1.389327        396.4167      -0.8718937E-07
    0 s  555    1.380358        77.89179        12.83832        1.389202        396.4611      -0.8811117E-07
    0 s  556    1.380376        78.03302        12.81509        1.389078        396.5049      -0.8904210E-07
    0 s  557    1.380393        78.17424        12.79194        1.388957        396.5481      -0.8998234E-07
    0 s  558    1.380411        78.31545        12.76887        1.388837        396.5908      -0.9093206E-07
    0 s  559    1.380428        78.45664        12.74589        1.388719        396.6329      -0.9189154E-07
    0 s  560    1.380444        78.59782        12.72300        1.388602        396.6745      -0.9286094E-07
    0 s  561    1.380461        78.73899        12.70019        1.388487        396.7155      -0.9384033E-07
    0 s  562    1.380477        78.88015        12.67746        1.388373        396.7560      -0.9482605E-07
    0 s  563    1.380493        79.02130        12.65482        1.388261        396.7960      -0.9686054E-07
    0 s  564    1.380509        79.16243        12.63225        1.388151        396.8355      -0.9783892E-07
    0 s  565    1.380524        79.30356        12.60978        1.388042        396.8745      -0.9882779E-07
    0 s  566    1.380540        79.44467        12.58738        1.387935        396.9130      -0.9982593E-07
    0 s  567    1.380555        79.58577        12.56506        1.387829        396.9509      -0.1008323E-06
    0 s  568    1.380569        79.72686        12.54282        1.387724        396.9884      -0.1018464E-06
    0 s  569    1.380584        79.86794        12.52067        1.387621        397.0254      -0.1028692E-06
    0 s  570    1.380598        80.00902        12.49859        1.387520        397.0619      -0.1025978E-06
    0 s  571    1.380612        80.15008        12.47659        1.387420        397.0980      -0.1049512E-06
    0 s  572    1.380626        80.29113        12.45468        1.387321        397.1336      -0.1060028E-06
    0 s  573    1.380640        80.43217        12.43284        1.387223        397.1687      -0.1070839E-06
    0 s  574    1.380653        80.57320        12.41107        1.387127        397.2034      -0.1081660E-06
    0 s  575    1.380666        80.71422        12.38939        1.387033        397.2376      -0.1092590E-06
    0 s  576    1.380679        80.85523        12.36778        1.386939        397.2714      -0.1103629E-06
    0 s  577    1.380692        80.99623        12.34625        1.386847        397.3048      -0.1114775E-06
    0 s  578    1.380705        81.13723        12.32480        1.386756        397.3377      -0.1126028E-06
    0 s  579    1.380717        81.27821        12.30342        1.386667        397.3702      -0.1137385E-06
    0 s  580    1.380729        81.41919        12.28212        1.386579        397.4023      -0.1148845E-06
    0 s  581    1.380741        81.56015        12.26089        1.386492        397.4340      -0.1187610E-06
    0 s  582    1.380753        81.70111        12.23974        1.386406        397.4653      -0.1198459E-06
    0 s  583    1.380765        81.84206        12.21866        1.386321        397.4961      -0.1209445E-06
    0 s  584    1.380776        81.98300        12.19765        1.386238        397.5266      -0.1220575E-06
    0 s  585    1.380787        82.12393        12.17672        1.386156        397.5567      -0.1231860E-06
    0 s  586    1.380799        82.26485        12.15586        1.386075        397.5864      -0.1243307E-06
    0 s  587    1.380809        82.40577        12.13507        1.385995        397.6157      -0.1255151E-06
    0 s  588    1.380820        82.54668        12.11436        1.385916        397.6447      -0.1266873E-06
    0 s  589    1.380831        82.68757        12.09372        1.385838        397.6733      -0.1278557E-06
    0 s  590    1.380841        82.82847        12.07314        1.385762        397.7015      -0.1290311E-06
    0 s  591    1.380851        82.96935        12.05264        1.385686        397.7293      -0.1302276E-06
    0 s  592    1.380861        83.11023        12.03221        1.385612        397.7568      -0.1314333E-06
    0 s  593    1.380871        83.25110        12.01185        1.385539        397.7840      -0.1326599E-06
    0 s  594    1.380881        83.39196        11.99156        1.385466        397.8108      -0.1338963E-06
    0 s  595    1.380891        83.53281        11.97134        1.385395        397.8373      -0.1351511E-06
    0 s  596    1.380900        83.67366        11.95119        1.385325        397.8634      -0.1364199E-06
    0 s  597    1.380910        83.81450        11.93111        1.385256        397.8892      -0.1376695E-06
    0 s  598    1.380919        83.95533        11.91110        1.385188        397.9147      -0.1389738E-06
    0 s  599    1.380928        84.09616        11.89115        1.385120        397.9398      -0.1402918E-06
    0 s  600    1.380937        84.23698        11.87127        1.385054        397.9646      -0.1483885E-06
    0 s  601    1.380945        84.37779        11.85146        1.384989        397.9891      -0.1503446E-06
    0 s  602    1.380954        84.51860        11.83172        1.384925        398.0133      -0.1515055E-06
    0 s  603    1.380963        84.65940        11.81204        1.384861        398.0372      -0.1526856E-06
    0 s  604    1.380971        84.80019        11.79243        1.384799        398.0608      -0.1538845E-06
    0 s  605    1.380979        84.94098        11.77288        1.384737        398.0841      -0.1551019E-06
    0 s  606    1.380987        85.08176        11.75340        1.384676        398.1071      -0.1563366E-06
    0 s  607    1.380995        85.22253        11.73399        1.384617        398.1298      -0.1575887E-06
    0 s  608    1.381003        85.36330        11.71464        1.384558        398.1522      -0.1588574E-06
    0 s  609    1.381011        85.50406        11.69535        1.384500        398.1744      -0.1601426E-06
    0 s  610    1.381018        85.64482        11.67613        1.384442        398.1963      -0.1614448E-06
    0 s  611    1.381026        85.78557        11.65697        1.384386        398.2178      -0.1627654E-06
    0 s  612    1.381033        85.92632        11.63788        1.384330        398.2392      -0.1641069E-06
    0 s  613    1.381040        86.06706        11.61885        1.384276        398.2602      -0.1655285E-06
    0 s  614    1.381048        86.20779        11.59988        1.384222        398.2810      -0.1669147E-06
    0 s  615    1.381055        86.34852        11.58097        1.384169        398.3015      -0.1683191E-06
    0 s  616    1.381062        86.48925        11.56213        1.384116        398.3218      -0.1697417E-06
    0 s  617    1.381068        86.62997        11.54335        1.384065        398.3418      -0.1711824E-06
    0 s  618    1.381075        86.77068        11.52463        1.384014        398.3616      -0.1726413E-06
    0 s  619    1.381082        86.91139        11.50597        1.383964        398.3811      -0.1741183E-06
    0 s  620    1.381088        87.05209        11.48737        1.383914        398.4003      -0.1980442E-06
    0 s  621    1.381095        87.19279        11.46884        1.383866        398.4194      -0.1989978E-06
    0 s  622    1.381101        87.33348        11.45036        1.383818        398.4382      -0.1999832E-06
    0 s  623    1.381107        87.47417        11.43195        1.383771        398.4567      -0.2009999E-06
    0 s  624    1.381113        87.61486        11.41359        1.383724        398.4751      -0.2020474E-06
    0 s  625    1.381119        87.75554        11.39529        1.383678        398.4932      -0.2031253E-06
    0 s  626    1.381125        87.89621        11.37705        1.383633        398.5111      -0.2042333E-06
    0 s  627    1.381131        88.03688        11.35888        1.383589        398.5288      -0.2053711E-06
    0 s  628    1.381137        88.17755        11.34076        1.383545        398.5462      -0.2065386E-06
    0 s  629    1.381143        88.31821        11.32269        1.383502        398.5634      -0.2077356E-06
    0 s  630    1.381148        88.45887        11.30469        1.383459        398.5805      -0.2089637E-06
    0 s  631    1.381154        88.59952        11.28674        1.383417        398.5973      -0.2102156E-06
    0 s  632    1.381159        88.74017        11.26885        1.383376        398.6139      -0.2114960E-06
    0 s  633    1.381165        88.88081        11.25102        1.383335        398.6303      -0.2128052E-06
    0 s  634    1.381170        89.02145        11.23325        1.383295        398.6465      -0.2141431E-06
    0 s  635    1.381175        89.16209        11.21553        1.383256        398.6625      -0.2155099E-06
    0 s  636    1.381180        89.30272        11.19787        1.383217        398.6783      -0.2169055E-06
    0 s  637    1.381185        89.44335        11.18026        1.383179        398.6939      -0.2183297E-06
    0 s  638    1.381190        89.58398        11.16271        1.383141        398.7094      -0.2197822E-06
    0 s  639    1.381195        89.72460        11.14522        1.383104        398.7246      -0.2212623E-06
    0 s  640    1.381200        89.86522        11.12778        1.383068        398.7396      -0.2227804E-06
    0 s  641    1.381205        90.00583        11.11039        1.383032        398.7543      -0.2955596E-06
    0 s  642    1.381209        90.14644        11.09306        1.382996        398.7690      -0.2955195E-06
    0 s  643    1.381214        90.28705        11.07579        1.382961        398.7835      -0.2955421E-06
    0 s  644    1.381218        90.42765        11.05856        1.382927        398.7978      -0.2947497E-06
    0 s  645    1.381223        90.56825        11.04140        1.382893        398.8120      -0.2957697E-06
    0 s  646    1.381227        90.70885        11.02428        1.382860        398.8260      -0.2959717E-06
    0 s  647    1.381232        90.84944        11.00722        1.382827        398.8398      -0.2962305E-06
    0 s  648    1.381236        90.99003        10.99021        1.382795        398.8534      -0.2965458E-06
    0 s  649    1.381240        91.13062        10.97326        1.382763        398.8669      -0.2969165E-06
    0 s  650    1.381244        91.27120        10.95636        1.382732        398.8803      -0.2973428E-06
    0 s  651    1.381248        91.41178        10.93951        1.382701        398.8934      -0.2978249E-06
    0 s  652    1.381252        91.55236        10.92271        1.382670        398.9064      -0.2983635E-06
    0 s  653    1.381256        91.69294        10.90597        1.382640        398.9193      -0.2989595E-06
    0 s  654    1.381260        91.83351        10.88927        1.382611        398.9320      -0.2996142E-06
    0 s  655    1.381264        91.97408        10.87263        1.382582        398.9446      -0.3003292E-06
    0 s  656    1.381268        92.11464        10.85604        1.382553        398.9570      -0.3011063E-06
    0 s  657    1.381272        92.25521        10.83950        1.382525        398.9692      -0.3019502E-06
    0 s  658    1.381275        92.39577        10.82301        1.382498        398.9813      -0.3028608E-06
    0 s  659    1.381279        92.53632        10.80657        1.382470        398.9933      -0.3038423E-06
    0 s  660    1.381283        92.67688        10.79018        1.382444        399.0051      -0.3045392E-06
    0 s  661    1.381286        92.81743        10.77384        1.382417        399.0168      -0.3055307E-06
    0 s  662    1.381290        92.95798        10.75755        1.382391        399.0283      -0.3065693E-06
    0 s  663    1.381293        93.09853        10.74131        1.382365        399.0397      -0.3076544E-06
    0 s  664    1.381297        93.23907        10.72512        1.382340        399.0501      -0.5480168E-06
    0 s  665    1.381300        93.37961        10.70898        1.382315        399.0613      -0.5444462E-06
    0 s  666    1.381303        93.52015        10.69288        1.382291        399.0723      -0.5410142E-06
    0 s  667    1.381307        93.66069        10.67684        1.382267        399.0832      -0.5377186E-06
    0 s  668    1.381310        93.80122        10.66084        1.382243        399.0940      -0.5345569E-06
    0 s  669    1.381313        93.94176        10.64489        1.382220        399.1046      -0.5315268E-06
    0 s  670    1.381316        94.08229        10.62899        1.382197        399.1151      -0.5286259E-06
    0 s  671    1.381319        94.22281        10.61314        1.382174        399.1255      -0.5258520E-06
    0 s  672    1.381322        94.36334        10.59734        1.382152        399.1358      -0.5232033E-06
    0 s  673    1.381325        94.50386        10.58158        1.382130        399.1459      -0.5206769E-06
    0 s  674    1.381328        94.64438        10.56587        1.382109        399.1559      -0.5182711E-06
    0 s  675    1.381331        94.78490        10.55020        1.382087        399.1658      -0.5159841E-06
    0 s  676    1.381334        94.92542        10.53459        1.382066        399.1756      -0.5138132E-06
    0 s  677    1.381337        95.06594        10.51902        1.382046        399.1853      -0.5118138E-06
    0 s  678    1.381340        95.20645        10.50349        1.382026        399.1949      -0.5078165E-06
    0 s  679    1.381343        95.34696        10.48801        1.382006        399.2043      -0.5065367E-06
    0 s  680    1.381345        95.48747        10.47258        1.381986        399.2137      -0.5052051E-06
    0 s  681    1.381348        95.62798        10.45719        1.381967        399.2229      -0.5040694E-06
    0 s  682    1.381351        95.76848        10.44185        1.381948        399.2321      -0.5030978E-06
    0 s  683    1.381353        95.90898        10.42655        1.381929        399.2411      -0.5022917E-06
    0 s  684    1.381356        96.04949        10.41130        1.381911        399.2500      -0.5016465E-06
    0 s  685    1.381359        96.18998        10.39609        1.381893        399.2588      -0.5009232E-06
    0 s  686    1.381361        96.33048        10.38093        1.381875        399.2676      -0.5006830E-06
    0 s  687    1.381364        96.47098        10.36581        1.381858        399.2762      -0.4973092E-06
    0 s  688    1.381366        96.61147        10.35074        1.381839        399.2813      -0.1373787E-05
    0 s  689    1.381368        96.75197        10.33571        1.381822        399.2897      -0.1357816E-05
    0 s  690    1.381371        96.89246        10.32072        1.381806        399.2981      -0.1342204E-05
    0 s  691    1.381373        97.03295        10.30578        1.381789        399.3064      -0.1326942E-05
    0 s  692    1.381376        97.17344        10.29088        1.381773        399.3146      -0.1312078E-05
    0 s  693    1.381378        97.31392        10.27602        1.381757        399.3227      -0.1297489E-05
    0 s  694    1.381380        97.45441        10.26121        1.381742        399.3307      -0.1283244E-05
    0 s  695    1.381383        97.59489        10.24644        1.381726        399.3386      -0.1269327E-05
    0 s  696    1.381385        97.73537        10.23171        1.381711        399.3464      -0.1255733E-05
    0 s  697    1.381387        97.87585        10.21702        1.381696        399.3541      -0.1242456E-05
    0 s  698    1.381389        98.01633        10.20238        1.381682        399.3617      -0.1229775E-05
    0 s  699    1.381391        98.15681        10.18778        1.381667        399.3693      -0.1217123E-05
    0 s  700    1.381393        98.29729        10.17322        1.381653        399.3768      -0.1204774E-05
    0 s  701    1.381396        98.43776        10.15870        1.381639        399.3841      -0.1192722E-05
    0 s  702    1.381398        98.57823        10.14423        1.381625        399.3914      -0.1180962E-05
    0 s  703    1.381400        98.71871        10.12979        1.381612        399.3986      -0.1169490E-05
    0 s  704    1.381402        98.85918        10.11540        1.381599        399.4058      -0.1158301E-05
    0 s  705    1.381404        98.99965        10.10105        1.381586        399.4128      -0.1147391E-05
    0 s  706    1.381406        99.14011        10.08673        1.381573        399.4198      -0.1136754E-05
    0 s  707    1.381408        99.28058        10.07246        1.381560        399.4267      -0.1126388E-05
    0 s  708    1.381410        99.42105        10.05823        1.381548        399.4335      -0.1116286E-05
    0 s  709    1.381412        99.56151        10.04404        1.381535        399.4402      -0.1106445E-05
    0 s  710    1.381413        99.70198        10.02989        1.381523        399.4469      -0.1096861E-05
    0 s  711    1.381415        99.84244        10.01578        1.381511        399.4535      -0.1087530E-05
    0 s  712    1.381417        99.98290        10.00171        1.381500        399.4600      -0.1078448E-05
    0 s  713    1.381419        100.1234        9.987679        1.381488        399.4664      -0.1069610E-05
